submitit INFO (2025-01-17 16:36:09,443) - Starting with JobEnvironment(job_id=1486, hostname=lab01, local_rank=0(1), node=0(1), global_rank=0(1))
submitit INFO (2025-01-17 16:36:09,443) - Loading pickle: /home/andreagrandi/bio_project/preprocessing/LOGFOLDER/1486/1486_submitted.pkl
Copied _x_68928_y_91520.jpg to /home/andreagrandi/bio_project/output_sort_hierarchy/test_099_normal_
Copied _x_74816_y_92032.jpg to /home/andreagrandi/bio_project/output_sort_hierarchy/test_099_normal_
Copied _x_43136_y_180736.jpg to /home/andreagrandi/bio_project/output_sort_hierarchy/test_099_normal_
Copied _x_69376_y_160896.jpg to /home/andreagrandi/bio_project/output_sort_hierarchy/test_099_normal_
Copied _x_81920_y_162688.jpg to /home/andreagrandi/bio_project/output_sort_hierarchy/test_099_normal_
Copied _x_10944_y_157504.jpg to /home/andreagrandi/bio_project/output_sort_hierarchy/test_099_normal_
Copied _x_85504_y_148608.jpg to /home/andreagrandi/bio_project/output_sort_hierarchy/test_099_normal_
Copied _x_25024_y_156992.jpg to /home/andreagrandi/bio_project/output_sort_hierarchy/test_099_normal_
Copied _x_82240_y_89472.jpg to /home/andreagrandi/bio_project/output_sort_hierarchy/test_099_normal_
Copied _x_69888_y_146816.jpg to /home/andreagrandi/bio_project/output_sort_hierarchy/test_099_normal_
Copied _x_36224_y_169984.jpg to /home/andreagrandi/bio_project/output_sort_hierarchy/test_099_normal_
Copied _x_9664_y_162112.jpg to /home/andreagrandi/bio_project/output_sort_hierarchy/test_099_normal_
Copied _x_30336_y_89792.jpg to /home/andreagrandi/bio_project/output_sort_hierarchy/test_099_normal_
Copied _x_78080_y_172160.jpg to /home/andreagrandi/bio_project/output_sort_hierarchy/test_099_normal_
Copied _x_25728_y_98752.jpg to /home/andreagrandi/bio_project/output_sort_hierarchy/test_099_normal_
Copied _x_36992_y_104128.jpg to /home/andreagrandi/bio_project/output_sort_hierarchy/test_099_normal_
Copied _x_82176_y_172416.jpg to /home/andreagrandi/bio_project/output_sort_hierarchy/test_099_normal_
Copied _x_82752_y_118656.jpg to /home/andreagrandi/bio_project/output_sort_hierarchy/test_099_normal_
Copied _x_58688_y_109952.jpg to /home/andreagrandi/bio_project/output_sort_hierarchy/test_099_normal_
Copied _x_83968_y_154752.jpg to /home/andreagrandi/bio_project/output_sort_hierarchy/test_099_normal_
Copied _x_72512_y_101248.jpg to /home/andreagrandi/bio_project/output_sort_hierarchy/test_099_normal_
Copied _x_83008_y_121216.jpg to /home/andreagrandi/bio_project/output_sort_hierarchy/test_099_normal_
Copied _x_75520_y_142464.jpg to /home/andreagrandi/bio_project/output_sort_hierarchy/test_099_normal_
Copied _x_18816_y_112320.jpg to /home/andreagrandi/bio_project/output_sort_hierarchy/test_099_normal_
Copied _x_62720_y_155264.jpg to /home/andreagrandi/bio_project/output_sort_hierarchy/test_099_normal_
Copied _x_69632_y_146304.jpg to /home/andreagrandi/bio_project/output_sort_hierarchy/test_099_normal_
Copied _x_56896_y_100224.jpg to /home/andreagrandi/bio_project/output_sort_hierarchy/test_099_normal_
Copied _x_90880_y_158336.jpg to /home/andreagrandi/bio_project/output_sort_hierarchy/test_099_normal_
Copied _x_52032_y_99456.jpg to /home/andreagrandi/bio_project/output_sort_hierarchy/test_099_normal_
Copied _x_33152_y_112064.jpg to /home/andreagrandi/bio_project/output_sort_hierarchy/test_099_normal_
Copied _x_67840_y_146560.jpg to /home/andreagrandi/bio_project/output_sort_hierarchy/test_099_normal_
Copied _x_72448_y_132480.jpg to /home/andreagrandi/bio_project/output_sort_hierarchy/test_099_normal_
Copied _x_56128_y_117120.jpg to /home/andreagrandi/bio_project/output_sort_hierarchy/test_099_normal_
Copied _x_36992_y_106432.jpg to /home/andreagrandi/bio_project/output_sort_hierarchy/test_099_normal_
Copied _x_33920_y_101312.jpg to /home/andreagrandi/bio_project/output_sort_hierarchy/test_099_normal_
Copied _x_13248_y_162880.jpg to /home/andreagrandi/bio_project/output_sort_hierarchy/test_099_normal_
Copied _x_34176_y_114624.jpg to /home/andreagrandi/bio_project/output_sort_hierarchy/test_099_normal_
Copied _x_31104_y_85184.jpg to /home/andreagrandi/bio_project/output_sort_hierarchy/test_099_normal_
Copied _x_25984_y_111296.jpg to /home/andreagrandi/bio_project/output_sort_hierarchy/test_099_normal_
Copied _x_22400_y_115136.jpg to /home/andreagrandi/bio_project/output_sort_hierarchy/test_099_normal_
Copied _x_82496_y_107904.jpg to /home/andreagrandi/bio_project/output_sort_hierarchy/test_099_normal_
Copied _x_24704_y_91072.jpg to /home/andreagrandi/bio_project/output_sort_hierarchy/test_099_normal_
Copied _x_73216_y_149120.jpg to /home/andreagrandi/bio_project/output_sort_hierarchy/test_099_normal_
Copied _x_75776_y_170112.jpg to /home/andreagrandi/bio_project/output_sort_hierarchy/test_099_normal_
Copied _x_73536_y_91264.jpg to /home/andreagrandi/bio_project/output_sort_hierarchy/test_099_normal_
Copied _x_81472_y_87680.jpg to /home/andreagrandi/bio_project/output_sort_hierarchy/test_099_normal_
Copied _x_27776_y_96960.jpg to /home/andreagrandi/bio_project/output_sort_hierarchy/test_099_normal_
Copied _x_22208_y_161600.jpg to /home/andreagrandi/bio_project/output_sort_hierarchy/test_099_normal_
Copied _x_32128_y_108480.jpg to /home/andreagrandi/bio_project/output_sort_hierarchy/test_099_normal_
Copied _x_60224_y_104320.jpg to /home/andreagrandi/bio_project/output_sort_hierarchy/test_099_normal_
Copied _x_29056_y_84160.jpg to /home/andreagrandi/bio_project/output_sort_hierarchy/test_099_normal_
Copied _x_72192_y_163712.jpg to /home/andreagrandi/bio_project/output_sort_hierarchy/test_099_normal_
Copied _x_64000_y_134784.jpg to /home/andreagrandi/bio_project/output_sort_hierarchy/test_099_normal_
Copied _x_91456_y_108928.jpg to /home/andreagrandi/bio_project/output_sort_hierarchy/test_099_normal_
Copied _x_91648_y_148096.jpg to /home/andreagrandi/bio_project/output_sort_hierarchy/test_099_normal_
Copied _x_86784_y_154752.jpg to /home/andreagrandi/bio_project/output_sort_hierarchy/test_099_normal_
Copied _x_64000_y_139648.jpg to /home/andreagrandi/bio_project/output_sort_hierarchy/test_099_normal_
Copied _x_67328_y_151168.jpg to /home/andreagrandi/bio_project/output_sort_hierarchy/test_099_normal_
Copied _x_64576_y_101504.jpg to /home/andreagrandi/bio_project/output_sort_hierarchy/test_099_normal_
Copied _x_75008_y_173952.jpg to /home/andreagrandi/bio_project/output_sort_hierarchy/test_099_normal_
Copied _x_81728_y_99200.jpg to /home/andreagrandi/bio_project/output_sort_hierarchy/test_099_normal_
Copied _x_44416_y_179712.jpg to /home/andreagrandi/bio_project/output_sort_hierarchy/test_099_normal_
Copied _x_81408_y_154752.jpg to /home/andreagrandi/bio_project/output_sort_hierarchy/test_099_normal_
Copied _x_75072_y_106624.jpg to /home/andreagrandi/bio_project/output_sort_hierarchy/test_099_normal_
Copied _x_74752_y_133248.jpg to /home/andreagrandi/bio_project/output_sort_hierarchy/test_099_normal_
Copied _x_47232_y_168704.jpg to /home/andreagrandi/bio_project/output_sort_hierarchy/test_099_normal_
Copied _x_66048_y_167552.jpg to /home/andreagrandi/bio_project/output_sort_hierarchy/test_099_normal_
Copied _x_54272_y_152960.jpg to /home/andreagrandi/bio_project/output_sort_hierarchy/test_099_normal_
Copied _x_24960_y_88512.jpg to /home/andreagrandi/bio_project/output_sort_hierarchy/test_099_normal_
Copied _x_65024_y_163200.jpg to /home/andreagrandi/bio_project/output_sort_hierarchy/test_099_normal_
Copied _x_53504_y_155776.jpg to /home/andreagrandi/bio_project/output_sort_hierarchy/test_099_normal_
Copied _x_78848_y_158336.jpg to /home/andreagrandi/bio_project/output_sort_hierarchy/test_099_normal_
Copied _x_73472_y_148864.jpg to /home/andreagrandi/bio_project/output_sort_hierarchy/test_099_normal_
Copied _x_88640_y_121984.jpg to /home/andreagrandi/bio_project/output_sort_hierarchy/test_099_normal_
Copied _x_26240_y_108992.jpg to /home/andreagrandi/bio_project/output_sort_hierarchy/test_099_normal_
Copied _x_25216_y_86464.jpg to /home/andreagrandi/bio_project/output_sort_hierarchy/test_099_normal_
Copied _x_62528_y_107392.jpg to /home/andreagrandi/bio_project/output_sort_hierarchy/test_099_normal_
Copied _x_63488_y_154240.jpg to /home/andreagrandi/bio_project/output_sort_hierarchy/test_099_normal_
Copied _x_90176_y_113792.jpg to /home/andreagrandi/bio_project/output_sort_hierarchy/test_099_normal_
Copied _x_60736_y_92288.jpg to /home/andreagrandi/bio_project/output_sort_hierarchy/test_099_normal_
Copied _x_29056_y_89024.jpg to /home/andreagrandi/bio_project/output_sort_hierarchy/test_099_normal_
Copied _x_48000_y_176896.jpg to /home/andreagrandi/bio_project/output_sort_hierarchy/test_099_normal_
Copied _x_26048_y_156992.jpg to /home/andreagrandi/bio_project/output_sort_hierarchy/test_099_normal_
Copied _x_84480_y_161664.jpg to /home/andreagrandi/bio_project/output_sort_hierarchy/test_099_normal_
Copied _x_84992_y_147840.jpg to /home/andreagrandi/bio_project/output_sort_hierarchy/test_099_normal_
Copied _x_84544_y_102016.jpg to /home/andreagrandi/bio_project/output_sort_hierarchy/test_099_normal_
Copied _x_43904_y_168448.jpg to /home/andreagrandi/bio_project/output_sort_hierarchy/test_099_normal_
Copied _x_58624_y_157056.jpg to /home/andreagrandi/bio_project/output_sort_hierarchy/test_099_normal_
Copied _x_81408_y_150656.jpg to /home/andreagrandi/bio_project/output_sort_hierarchy/test_099_normal_
Copied _x_31360_y_118720.jpg to /home/andreagrandi/bio_project/output_sort_hierarchy/test_099_normal_
Copied _x_71168_y_164736.jpg to /home/andreagrandi/bio_project/output_sort_hierarchy/test_099_normal_
Copied _x_80384_y_144512.jpg to /home/andreagrandi/bio_project/output_sort_hierarchy/test_099_normal_
Copied _x_56640_y_93056.jpg to /home/andreagrandi/bio_project/output_sort_hierarchy/test_099_normal_
Copied _x_60928_y_147840.jpg to /home/andreagrandi/bio_project/output_sort_hierarchy/test_099_normal_
Copied _x_82752_y_103552.jpg to /home/andreagrandi/bio_project/output_sort_hierarchy/test_099_normal_
Copied _x_72448_y_163712.jpg to /home/andreagrandi/bio_project/output_sort_hierarchy/test_099_normal_
Copied _x_77312_y_170112.jpg to /home/andreagrandi/bio_project/output_sort_hierarchy/test_099_normal_
Copied _x_24448_y_98752.jpg to /home/andreagrandi/bio_project/output_sort_hierarchy/test_099_normal_
Copied _x_63488_y_161408.jpg to /home/andreagrandi/bio_project/output_sort_hierarchy/test_099_normal_
Copied _x_28096_y_161600.jpg to /home/andreagrandi/bio_project/output_sort_hierarchy/test_099_normal_
submitit INFO (2025-01-17 16:36:09,459) - Job completed successfully
submitit INFO (2025-01-17 16:36:09,459) - Exiting after successful completion
