submitit INFO (2025-01-17 16:36:10,249) - Starting with JobEnvironment(job_id=1494, hostname=lab01, local_rank=0(1), node=0(1), global_rank=0(1))
submitit INFO (2025-01-17 16:36:10,249) - Loading pickle: /home/andreagrandi/bio_project/preprocessing/LOGFOLDER/1494/1494_submitted.pkl
Copied _x_36416_y_94016.jpg to /home/andreagrandi/bio_project/output_sort_hierarchy/tumor_045_tumor_
Copied _x_64896_y_107456.jpg to /home/andreagrandi/bio_project/output_sort_hierarchy/tumor_045_tumor_
Copied _x_59712_y_78400.jpg to /home/andreagrandi/bio_project/output_sort_hierarchy/tumor_045_tumor_
Copied _x_58944_y_94528.jpg to /home/andreagrandi/bio_project/output_sort_hierarchy/tumor_045_tumor_
Copied _x_56768_y_162432.jpg to /home/andreagrandi/bio_project/output_sort_hierarchy/tumor_045_tumor_
Copied _x_51520_y_87360.jpg to /home/andreagrandi/bio_project/output_sort_hierarchy/tumor_045_tumor_
Copied _x_68224_y_198784.jpg to /home/andreagrandi/bio_project/output_sort_hierarchy/tumor_045_tumor_
Copied _x_62080_y_187264.jpg to /home/andreagrandi/bio_project/output_sort_hierarchy/tumor_045_tumor_
Copied _x_44608_y_95296.jpg to /home/andreagrandi/bio_project/output_sort_hierarchy/tumor_045_tumor_
Copied _x_45376_y_87360.jpg to /home/andreagrandi/bio_project/output_sort_hierarchy/tumor_045_tumor_
Copied _x_65472_y_159360.jpg to /home/andreagrandi/bio_project/output_sort_hierarchy/tumor_045_tumor_
Copied _x_61248_y_87360.jpg to /home/andreagrandi/bio_project/output_sort_hierarchy/tumor_045_tumor_
Copied _x_66880_y_87616.jpg to /home/andreagrandi/bio_project/output_sort_hierarchy/tumor_045_tumor_
Copied _x_61824_y_191360.jpg to /home/andreagrandi/bio_project/output_sort_hierarchy/tumor_045_tumor_
Copied _x_60352_y_161152.jpg to /home/andreagrandi/bio_project/output_sort_hierarchy/tumor_045_tumor_
Copied _x_68992_y_115648.jpg to /home/andreagrandi/bio_project/output_sort_hierarchy/tumor_045_tumor_
Copied _x_56192_y_103104.jpg to /home/andreagrandi/bio_project/output_sort_hierarchy/tumor_045_tumor_
Copied _x_67264_y_173696.jpg to /home/andreagrandi/bio_project/output_sort_hierarchy/tumor_045_tumor_
Copied _x_59008_y_186240.jpg to /home/andreagrandi/bio_project/output_sort_hierarchy/tumor_045_tumor_
Copied _x_67520_y_173184.jpg to /home/andreagrandi/bio_project/output_sort_hierarchy/tumor_045_tumor_
Copied _x_50112_y_165248.jpg to /home/andreagrandi/bio_project/output_sort_hierarchy/tumor_045_tumor_
Copied _x_50880_y_160128.jpg to /home/andreagrandi/bio_project/output_sort_hierarchy/tumor_045_tumor_
Copied _x_64192_y_167296.jpg to /home/andreagrandi/bio_project/output_sort_hierarchy/tumor_045_tumor_
Copied _x_53312_y_73024.jpg to /home/andreagrandi/bio_project/output_sort_hierarchy/tumor_045_tumor_
Copied _x_57728_y_109504.jpg to /home/andreagrandi/bio_project/output_sort_hierarchy/tumor_045_tumor_
Copied _x_43200_y_174976.jpg to /home/andreagrandi/bio_project/output_sort_hierarchy/tumor_045_tumor_
Copied _x_48576_y_168064.jpg to /home/andreagrandi/bio_project/output_sort_hierarchy/tumor_045_tumor_
Copied _x_43456_y_159872.jpg to /home/andreagrandi/bio_project/output_sort_hierarchy/tumor_045_tumor_
Copied _x_53696_y_154496.jpg to /home/andreagrandi/bio_project/output_sort_hierarchy/tumor_045_tumor_
Copied _x_44992_y_177536.jpg to /home/andreagrandi/bio_project/output_sort_hierarchy/tumor_045_tumor_
Copied _x_57408_y_97600.jpg to /home/andreagrandi/bio_project/output_sort_hierarchy/tumor_045_tumor_
Copied _x_60096_y_161920.jpg to /home/andreagrandi/bio_project/output_sort_hierarchy/tumor_045_tumor_
Copied _x_56960_y_102592.jpg to /home/andreagrandi/bio_project/output_sort_hierarchy/tumor_045_tumor_
Copied _x_57024_y_178304.jpg to /home/andreagrandi/bio_project/output_sort_hierarchy/tumor_045_tumor_
Copied _x_57664_y_78912.jpg to /home/andreagrandi/bio_project/output_sort_hierarchy/tumor_045_tumor_
Copied _x_44608_y_81984.jpg to /home/andreagrandi/bio_project/output_sort_hierarchy/tumor_045_tumor_
Copied _x_37696_y_99904.jpg to /home/andreagrandi/bio_project/output_sort_hierarchy/tumor_045_tumor_
Copied _x_63872_y_201600.jpg to /home/andreagrandi/bio_project/output_sort_hierarchy/tumor_045_tumor_
Copied _x_39744_y_90944.jpg to /home/andreagrandi/bio_project/output_sort_hierarchy/tumor_045_tumor_
Copied _x_54208_y_170112.jpg to /home/andreagrandi/bio_project/output_sort_hierarchy/tumor_045_tumor_
Copied _x_51392_y_167552.jpg to /home/andreagrandi/bio_project/output_sort_hierarchy/tumor_045_tumor_
Copied _x_64576_y_85056.jpg to /home/andreagrandi/bio_project/output_sort_hierarchy/tumor_045_tumor_
Copied _x_57024_y_169600.jpg to /home/andreagrandi/bio_project/output_sort_hierarchy/tumor_045_tumor_
Copied _x_50880_y_157824.jpg to /home/andreagrandi/bio_project/output_sort_hierarchy/tumor_045_tumor_
Copied _x_65408_y_121280.jpg to /home/andreagrandi/bio_project/output_sort_hierarchy/tumor_045_tumor_
Copied _x_63936_y_159360.jpg to /home/andreagrandi/bio_project/output_sort_hierarchy/tumor_045_tumor_
Copied _x_63872_y_188544.jpg to /home/andreagrandi/bio_project/output_sort_hierarchy/tumor_045_tumor_
Copied _x_56128_y_79680.jpg to /home/andreagrandi/bio_project/output_sort_hierarchy/tumor_045_tumor_
Copied _x_50752_y_80960.jpg to /home/andreagrandi/bio_project/output_sort_hierarchy/tumor_045_tumor_
Copied _x_55104_y_95040.jpg to /home/andreagrandi/bio_project/output_sort_hierarchy/tumor_045_tumor_
Copied _x_66240_y_158336.jpg to /home/andreagrandi/bio_project/output_sort_hierarchy/tumor_045_tumor_
Copied _x_68032_y_167296.jpg to /home/andreagrandi/bio_project/output_sort_hierarchy/tumor_045_tumor_
Copied _x_55488_y_172160.jpg to /home/andreagrandi/bio_project/output_sort_hierarchy/tumor_045_tumor_
Copied _x_54080_y_96064.jpg to /home/andreagrandi/bio_project/output_sort_hierarchy/tumor_045_tumor_
Copied _x_49472_y_89408.jpg to /home/andreagrandi/bio_project/output_sort_hierarchy/tumor_045_tumor_
Copied _x_67200_y_107712.jpg to /home/andreagrandi/bio_project/output_sort_hierarchy/tumor_045_tumor_
Copied _x_50496_y_83776.jpg to /home/andreagrandi/bio_project/output_sort_hierarchy/tumor_045_tumor_
Copied _x_52032_y_78144.jpg to /home/andreagrandi/bio_project/output_sort_hierarchy/tumor_045_tumor_
Copied _x_66176_y_109504.jpg to /home/andreagrandi/bio_project/output_sort_hierarchy/tumor_045_tumor_
Copied _x_67776_y_157824.jpg to /home/andreagrandi/bio_project/output_sort_hierarchy/tumor_045_tumor_
Copied _x_66176_y_193152.jpg to /home/andreagrandi/bio_project/output_sort_hierarchy/tumor_045_tumor_
Copied _x_42432_y_167040.jpg to /home/andreagrandi/bio_project/output_sort_hierarchy/tumor_045_tumor_
Copied _x_62144_y_175232.jpg to /home/andreagrandi/bio_project/output_sort_hierarchy/tumor_045_tumor_
Copied _x_58688_y_94016.jpg to /home/andreagrandi/bio_project/output_sort_hierarchy/tumor_045_tumor_
Copied _x_50240_y_73792.jpg to /home/andreagrandi/bio_project/output_sort_hierarchy/tumor_045_tumor_
Copied _x_56512_y_160640.jpg to /home/andreagrandi/bio_project/output_sort_hierarchy/tumor_045_tumor_
Copied _x_67136_y_91712.jpg to /home/andreagrandi/bio_project/output_sort_hierarchy/tumor_045_tumor_
Copied _x_39872_y_174208.jpg to /home/andreagrandi/bio_project/output_sort_hierarchy/tumor_045_tumor_
Copied _x_38848_y_172928.jpg to /home/andreagrandi/bio_project/output_sort_hierarchy/tumor_045_tumor_
Copied _x_65088_y_87360.jpg to /home/andreagrandi/bio_project/output_sort_hierarchy/tumor_045_tumor_
Copied _x_49600_y_168064.jpg to /home/andreagrandi/bio_project/output_sort_hierarchy/tumor_045_tumor_
Copied _x_37184_y_95040.jpg to /home/andreagrandi/bio_project/output_sort_hierarchy/tumor_045_tumor_
Copied _x_37184_y_90688.jpg to /home/andreagrandi/bio_project/output_sort_hierarchy/tumor_045_tumor_
Copied _x_42816_y_93504.jpg to /home/andreagrandi/bio_project/output_sort_hierarchy/tumor_045_tumor_
Copied _x_56704_y_105408.jpg to /home/andreagrandi/bio_project/output_sort_hierarchy/tumor_045_tumor_
Copied _x_63104_y_114624.jpg to /home/andreagrandi/bio_project/output_sort_hierarchy/tumor_045_tumor_
Copied _x_69824_y_163712.jpg to /home/andreagrandi/bio_project/output_sort_hierarchy/tumor_045_tumor_
Copied _x_49536_y_187520.jpg to /home/andreagrandi/bio_project/output_sort_hierarchy/tumor_045_tumor_
Copied _x_40640_y_163456.jpg to /home/andreagrandi/bio_project/output_sort_hierarchy/tumor_045_tumor_
Copied _x_34880_y_87616.jpg to /home/andreagrandi/bio_project/output_sort_hierarchy/tumor_045_tumor_
Copied _x_66240_y_157824.jpg to /home/andreagrandi/bio_project/output_sort_hierarchy/tumor_045_tumor_
Copied _x_54848_y_91200.jpg to /home/andreagrandi/bio_project/output_sort_hierarchy/tumor_045_tumor_
Copied _x_45248_y_159872.jpg to /home/andreagrandi/bio_project/output_sort_hierarchy/tumor_045_tumor_
Copied _x_52160_y_171392.jpg to /home/andreagrandi/bio_project/output_sort_hierarchy/tumor_045_tumor_
Copied _x_67712_y_193408.jpg to /home/andreagrandi/bio_project/output_sort_hierarchy/tumor_045_tumor_
Copied _x_63616_y_190080.jpg to /home/andreagrandi/bio_project/output_sort_hierarchy/tumor_045_tumor_
Copied _x_57408_y_82496.jpg to /home/andreagrandi/bio_project/output_sort_hierarchy/tumor_045_tumor_
Copied _x_53632_y_108992.jpg to /home/andreagrandi/bio_project/output_sort_hierarchy/tumor_045_tumor_
Copied _x_63360_y_184704.jpg to /home/andreagrandi/bio_project/output_sort_hierarchy/tumor_045_tumor_
Copied _x_62656_y_171648.jpg to /home/andreagrandi/bio_project/output_sort_hierarchy/tumor_045_tumor_
Copied _x_50496_y_79168.jpg to /home/andreagrandi/bio_project/output_sort_hierarchy/tumor_045_tumor_
Copied _x_57408_y_76864.jpg to /home/andreagrandi/bio_project/output_sort_hierarchy/tumor_045_tumor_
Copied _x_63424_y_170624.jpg to /home/andreagrandi/bio_project/output_sort_hierarchy/tumor_045_tumor_
Copied _x_64576_y_92992.jpg to /home/andreagrandi/bio_project/output_sort_hierarchy/tumor_045_tumor_
Copied _x_61888_y_161408.jpg to /home/andreagrandi/bio_project/output_sort_hierarchy/tumor_045_tumor_
Copied _x_54336_y_94528.jpg to /home/andreagrandi/bio_project/output_sort_hierarchy/tumor_045_tumor_
Copied _x_64384_y_112064.jpg to /home/andreagrandi/bio_project/output_sort_hierarchy/tumor_045_tumor_
Copied _x_38592_y_178304.jpg to /home/andreagrandi/bio_project/output_sort_hierarchy/tumor_045_tumor_
Copied _x_62080_y_110272.jpg to /home/andreagrandi/bio_project/output_sort_hierarchy/tumor_045_tumor_
Copied _x_64064_y_89920.jpg to /home/andreagrandi/bio_project/output_sort_hierarchy/tumor_045_tumor_
submitit INFO (2025-01-17 16:36:10,264) - Job completed successfully
submitit INFO (2025-01-17 16:36:10,264) - Exiting after successful completion
