submitit INFO (2025-01-17 16:36:05,412) - Starting with JobEnvironment(job_id=1445, hostname=lab01, local_rank=0(1), node=0(1), global_rank=0(1))
submitit INFO (2025-01-17 16:36:05,412) - Loading pickle: /home/andreagrandi/bio_project/preprocessing/LOGFOLDER/1445/1445_submitted.pkl
Copied _x_55104_y_117760.jpg to /home/andreagrandi/bio_project/output_sort_hierarchy/test_047_tumor_
Copied _x_38528_y_84736.jpg to /home/andreagrandi/bio_project/output_sort_hierarchy/test_047_tumor_
Copied _x_16768_y_96512.jpg to /home/andreagrandi/bio_project/output_sort_hierarchy/test_047_tumor_
Copied _x_41600_y_102400.jpg to /home/andreagrandi/bio_project/output_sort_hierarchy/test_047_tumor_
Copied _x_65088_y_114176.jpg to /home/andreagrandi/bio_project/output_sort_hierarchy/test_047_tumor_
Copied _x_78912_y_114944.jpg to /home/andreagrandi/bio_project/output_sort_hierarchy/test_047_tumor_
Copied _x_69184_y_96768.jpg to /home/andreagrandi/bio_project/output_sort_hierarchy/test_047_tumor_
Copied _x_21120_y_105216.jpg to /home/andreagrandi/bio_project/output_sort_hierarchy/test_047_tumor_
Copied _x_35968_y_122624.jpg to /home/andreagrandi/bio_project/output_sort_hierarchy/test_047_tumor_
Copied _x_31872_y_123648.jpg to /home/andreagrandi/bio_project/output_sort_hierarchy/test_047_tumor_
Copied _x_68672_y_129024.jpg to /home/andreagrandi/bio_project/output_sort_hierarchy/test_047_tumor_
Copied _x_77120_y_121600.jpg to /home/andreagrandi/bio_project/output_sort_hierarchy/test_047_tumor_
Copied _x_78656_y_95488.jpg to /home/andreagrandi/bio_project/output_sort_hierarchy/test_047_tumor_
Copied _x_64576_y_107520.jpg to /home/andreagrandi/bio_project/output_sort_hierarchy/test_047_tumor_
Copied _x_21632_y_105216.jpg to /home/andreagrandi/bio_project/output_sort_hierarchy/test_047_tumor_
Copied _x_76352_y_125952.jpg to /home/andreagrandi/bio_project/output_sort_hierarchy/test_047_tumor_
Copied _x_88128_y_114432.jpg to /home/andreagrandi/bio_project/output_sort_hierarchy/test_047_tumor_
Copied _x_70720_y_118272.jpg to /home/andreagrandi/bio_project/output_sort_hierarchy/test_047_tumor_
Copied _x_21120_y_86784.jpg to /home/andreagrandi/bio_project/output_sort_hierarchy/test_047_tumor_
Copied _x_69952_y_89856.jpg to /home/andreagrandi/bio_project/output_sort_hierarchy/test_047_tumor_
Copied _x_73792_y_102656.jpg to /home/andreagrandi/bio_project/output_sort_hierarchy/test_047_tumor_
Copied _x_32128_y_81408.jpg to /home/andreagrandi/bio_project/output_sort_hierarchy/test_047_tumor_
Copied _x_34688_y_90880.jpg to /home/andreagrandi/bio_project/output_sort_hierarchy/test_047_tumor_
Copied _x_68160_y_109312.jpg to /home/andreagrandi/bio_project/output_sort_hierarchy/test_047_tumor_
Copied _x_69184_y_127744.jpg to /home/andreagrandi/bio_project/output_sort_hierarchy/test_047_tumor_
Copied _x_44160_y_105472.jpg to /home/andreagrandi/bio_project/output_sort_hierarchy/test_047_tumor_
Copied _x_35712_y_110848.jpg to /home/andreagrandi/bio_project/output_sort_hierarchy/test_047_tumor_
Copied _x_37248_y_111104.jpg to /home/andreagrandi/bio_project/output_sort_hierarchy/test_047_tumor_
Copied _x_39040_y_128256.jpg to /home/andreagrandi/bio_project/output_sort_hierarchy/test_047_tumor_
Copied _x_30336_y_88064.jpg to /home/andreagrandi/bio_project/output_sort_hierarchy/test_047_tumor_
Copied _x_43648_y_95488.jpg to /home/andreagrandi/bio_project/output_sort_hierarchy/test_047_tumor_
Copied _x_70976_y_112896.jpg to /home/andreagrandi/bio_project/output_sort_hierarchy/test_047_tumor_
Copied _x_70208_y_113152.jpg to /home/andreagrandi/bio_project/output_sort_hierarchy/test_047_tumor_
Copied _x_68928_y_120576.jpg to /home/andreagrandi/bio_project/output_sort_hierarchy/test_047_tumor_
Copied _x_46464_y_96000.jpg to /home/andreagrandi/bio_project/output_sort_hierarchy/test_047_tumor_
Copied _x_29888_y_153600.jpg to /home/andreagrandi/bio_project/output_sort_hierarchy/test_047_tumor_
Copied _x_66112_y_109056.jpg to /home/andreagrandi/bio_project/output_sort_hierarchy/test_047_tumor_
Copied _x_21632_y_123648.jpg to /home/andreagrandi/bio_project/output_sort_hierarchy/test_047_tumor_
Copied _x_36224_y_81664.jpg to /home/andreagrandi/bio_project/output_sort_hierarchy/test_047_tumor_
Copied _x_29056_y_97792.jpg to /home/andreagrandi/bio_project/output_sort_hierarchy/test_047_tumor_
Copied _x_77568_y_167488.jpg to /home/andreagrandi/bio_project/output_sort_hierarchy/test_047_tumor_
Copied _x_31360_y_112384.jpg to /home/andreagrandi/bio_project/output_sort_hierarchy/test_047_tumor_
Copied _x_63040_y_126464.jpg to /home/andreagrandi/bio_project/output_sort_hierarchy/test_047_tumor_
Copied _x_31104_y_90880.jpg to /home/andreagrandi/bio_project/output_sort_hierarchy/test_047_tumor_
Copied _x_73536_y_88320.jpg to /home/andreagrandi/bio_project/output_sort_hierarchy/test_047_tumor_
Copied _x_61504_y_113664.jpg to /home/andreagrandi/bio_project/output_sort_hierarchy/test_047_tumor_
Copied _x_44416_y_123392.jpg to /home/andreagrandi/bio_project/output_sort_hierarchy/test_047_tumor_
Copied _x_35712_y_107008.jpg to /home/andreagrandi/bio_project/output_sort_hierarchy/test_047_tumor_
Copied _x_57408_y_154816.jpg to /home/andreagrandi/bio_project/output_sort_hierarchy/test_047_tumor_
Copied _x_23680_y_119040.jpg to /home/andreagrandi/bio_project/output_sort_hierarchy/test_047_tumor_
Copied _x_57152_y_107264.jpg to /home/andreagrandi/bio_project/output_sort_hierarchy/test_047_tumor_
Copied _x_29568_y_109056.jpg to /home/andreagrandi/bio_project/output_sort_hierarchy/test_047_tumor_
Copied _x_68672_y_111360.jpg to /home/andreagrandi/bio_project/output_sort_hierarchy/test_047_tumor_
Copied _x_32640_y_128768.jpg to /home/andreagrandi/bio_project/output_sort_hierarchy/test_047_tumor_
Copied _x_72768_y_99840.jpg to /home/andreagrandi/bio_project/output_sort_hierarchy/test_047_tumor_
Copied _x_27776_y_91648.jpg to /home/andreagrandi/bio_project/output_sort_hierarchy/test_047_tumor_
Copied _x_41344_y_100864.jpg to /home/andreagrandi/bio_project/output_sort_hierarchy/test_047_tumor_
Copied _x_69952_y_87296.jpg to /home/andreagrandi/bio_project/output_sort_hierarchy/test_047_tumor_
Copied _x_67392_y_130816.jpg to /home/andreagrandi/bio_project/output_sort_hierarchy/test_047_tumor_
Copied _x_68672_y_90880.jpg to /home/andreagrandi/bio_project/output_sort_hierarchy/test_047_tumor_
Copied _x_74560_y_131072.jpg to /home/andreagrandi/bio_project/output_sort_hierarchy/test_047_tumor_
Copied _x_29312_y_108800.jpg to /home/andreagrandi/bio_project/output_sort_hierarchy/test_047_tumor_
Copied _x_57664_y_88576.jpg to /home/andreagrandi/bio_project/output_sort_hierarchy/test_047_tumor_
Copied _x_23680_y_126208.jpg to /home/andreagrandi/bio_project/output_sort_hierarchy/test_047_tumor_
Copied _x_70144_y_160320.jpg to /home/andreagrandi/bio_project/output_sort_hierarchy/test_047_tumor_
Copied _x_32640_y_79616.jpg to /home/andreagrandi/bio_project/output_sort_hierarchy/test_047_tumor_
Copied _x_34432_y_100096.jpg to /home/andreagrandi/bio_project/output_sort_hierarchy/test_047_tumor_
Copied _x_32640_y_82688.jpg to /home/andreagrandi/bio_project/output_sort_hierarchy/test_047_tumor_
Copied _x_80448_y_123648.jpg to /home/andreagrandi/bio_project/output_sort_hierarchy/test_047_tumor_
Copied _x_89920_y_110336.jpg to /home/andreagrandi/bio_project/output_sort_hierarchy/test_047_tumor_
Copied _x_42624_y_122368.jpg to /home/andreagrandi/bio_project/output_sort_hierarchy/test_047_tumor_
Copied _x_67648_y_91136.jpg to /home/andreagrandi/bio_project/output_sort_hierarchy/test_047_tumor_
Copied _x_21632_y_121856.jpg to /home/andreagrandi/bio_project/output_sort_hierarchy/test_047_tumor_
Copied _x_28288_y_120064.jpg to /home/andreagrandi/bio_project/output_sort_hierarchy/test_047_tumor_
Copied _x_78336_y_173632.jpg to /home/andreagrandi/bio_project/output_sort_hierarchy/test_047_tumor_
Copied _x_35712_y_92416.jpg to /home/andreagrandi/bio_project/output_sort_hierarchy/test_047_tumor_
Copied _x_31872_y_104704.jpg to /home/andreagrandi/bio_project/output_sort_hierarchy/test_047_tumor_
Copied _x_74816_y_115712.jpg to /home/andreagrandi/bio_project/output_sort_hierarchy/test_047_tumor_
Copied _x_57152_y_100864.jpg to /home/andreagrandi/bio_project/output_sort_hierarchy/test_047_tumor_
Copied _x_70656_y_171328.jpg to /home/andreagrandi/bio_project/output_sort_hierarchy/test_047_tumor_
Copied _x_65088_y_91136.jpg to /home/andreagrandi/bio_project/output_sort_hierarchy/test_047_tumor_
Copied _x_60224_y_117248.jpg to /home/andreagrandi/bio_project/output_sort_hierarchy/test_047_tumor_
Copied _x_75840_y_87552.jpg to /home/andreagrandi/bio_project/output_sort_hierarchy/test_047_tumor_
Copied _x_38784_y_121344.jpg to /home/andreagrandi/bio_project/output_sort_hierarchy/test_047_tumor_
Copied _x_28800_y_110080.jpg to /home/andreagrandi/bio_project/output_sort_hierarchy/test_047_tumor_
Copied _x_75584_y_104448.jpg to /home/andreagrandi/bio_project/output_sort_hierarchy/test_047_tumor_
Copied _x_63296_y_101888.jpg to /home/andreagrandi/bio_project/output_sort_hierarchy/test_047_tumor_
Copied _x_78848_y_166976.jpg to /home/andreagrandi/bio_project/output_sort_hierarchy/test_047_tumor_
Copied _x_43648_y_120832.jpg to /home/andreagrandi/bio_project/output_sort_hierarchy/test_047_tumor_
Copied _x_66368_y_94720.jpg to /home/andreagrandi/bio_project/output_sort_hierarchy/test_047_tumor_
Copied _x_33408_y_107008.jpg to /home/andreagrandi/bio_project/output_sort_hierarchy/test_047_tumor_
Copied _x_79424_y_102912.jpg to /home/andreagrandi/bio_project/output_sort_hierarchy/test_047_tumor_
Copied _x_39552_y_91648.jpg to /home/andreagrandi/bio_project/output_sort_hierarchy/test_047_tumor_
Copied _x_68672_y_84992.jpg to /home/andreagrandi/bio_project/output_sort_hierarchy/test_047_tumor_
Copied _x_75584_y_104704.jpg to /home/andreagrandi/bio_project/output_sort_hierarchy/test_047_tumor_
Copied _x_56128_y_103424.jpg to /home/andreagrandi/bio_project/output_sort_hierarchy/test_047_tumor_
Copied _x_46464_y_99328.jpg to /home/andreagrandi/bio_project/output_sort_hierarchy/test_047_tumor_
Copied _x_18304_y_115712.jpg to /home/andreagrandi/bio_project/output_sort_hierarchy/test_047_tumor_
Copied _x_77120_y_81664.jpg to /home/andreagrandi/bio_project/output_sort_hierarchy/test_047_tumor_
Copied _x_41344_y_116736.jpg to /home/andreagrandi/bio_project/output_sort_hierarchy/test_047_tumor_
submitit INFO (2025-01-17 16:36:05,428) - Job completed successfully
submitit INFO (2025-01-17 16:36:05,428) - Exiting after successful completion
