submitit INFO (2025-01-17 16:36:09,849) - Starting with JobEnvironment(job_id=1490, hostname=lab01, local_rank=0(1), node=0(1), global_rank=0(1))
submitit INFO (2025-01-17 16:36:09,849) - Loading pickle: /home/andreagrandi/bio_project/preprocessing/LOGFOLDER/1490/1490_submitted.pkl
Copied _x_45696_y_107328.jpg to /home/andreagrandi/bio_project/output_sort_hierarchy/tumor_052_tumor_
Copied _x_60736_y_87168.jpg to /home/andreagrandi/bio_project/output_sort_hierarchy/tumor_052_tumor_
Copied _x_67264_y_103168.jpg to /home/andreagrandi/bio_project/output_sort_hierarchy/tumor_052_tumor_
Copied _x_38656_y_77568.jpg to /home/andreagrandi/bio_project/output_sort_hierarchy/tumor_052_tumor_
Copied _x_48384_y_62976.jpg to /home/andreagrandi/bio_project/output_sort_hierarchy/tumor_052_tumor_
Copied _x_81600_y_103168.jpg to /home/andreagrandi/bio_project/output_sort_hierarchy/tumor_052_tumor_
Copied _x_26624_y_69376.jpg to /home/andreagrandi/bio_project/output_sort_hierarchy/tumor_052_tumor_
Copied _x_58176_y_89472.jpg to /home/andreagrandi/bio_project/output_sort_hierarchy/tumor_052_tumor_
Copied _x_39808_y_114496.jpg to /home/andreagrandi/bio_project/output_sort_hierarchy/tumor_052_tumor_
Copied _x_20544_y_55296.jpg to /home/andreagrandi/bio_project/output_sort_hierarchy/tumor_052_tumor_
Copied _x_36608_y_100096.jpg to /home/andreagrandi/bio_project/output_sort_hierarchy/tumor_052_tumor_
Copied _x_44800_y_62208.jpg to /home/andreagrandi/bio_project/output_sort_hierarchy/tumor_052_tumor_
Copied _x_48128_y_94464.jpg to /home/andreagrandi/bio_project/output_sort_hierarchy/tumor_052_tumor_
Copied _x_45440_y_115008.jpg to /home/andreagrandi/bio_project/output_sort_hierarchy/tumor_052_tumor_
Copied _x_73152_y_105984.jpg to /home/andreagrandi/bio_project/output_sort_hierarchy/tumor_052_tumor_
Copied _x_45056_y_80640.jpg to /home/andreagrandi/bio_project/output_sort_hierarchy/tumor_052_tumor_
Copied _x_25344_y_84736.jpg to /home/andreagrandi/bio_project/output_sort_hierarchy/tumor_052_tumor_
Copied _x_75200_y_102400.jpg to /home/andreagrandi/bio_project/output_sort_hierarchy/tumor_052_tumor_
Copied _x_78528_y_101632.jpg to /home/andreagrandi/bio_project/output_sort_hierarchy/tumor_052_tumor_
Copied _x_19520_y_55040.jpg to /home/andreagrandi/bio_project/output_sort_hierarchy/tumor_052_tumor_
Copied _x_28928_y_98816.jpg to /home/andreagrandi/bio_project/output_sort_hierarchy/tumor_052_tumor_
Copied _x_36864_y_62720.jpg to /home/andreagrandi/bio_project/output_sort_hierarchy/tumor_052_tumor_
Copied _x_52352_y_106560.jpg to /home/andreagrandi/bio_project/output_sort_hierarchy/tumor_052_tumor_
Copied _x_75712_y_78592.jpg to /home/andreagrandi/bio_project/output_sort_hierarchy/tumor_052_tumor_
Copied _x_29696_y_100608.jpg to /home/andreagrandi/bio_project/output_sort_hierarchy/tumor_052_tumor_
Copied _x_13376_y_56832.jpg to /home/andreagrandi/bio_project/output_sort_hierarchy/tumor_052_tumor_
Copied _x_59712_y_86912.jpg to /home/andreagrandi/bio_project/output_sort_hierarchy/tumor_052_tumor_
Copied _x_68032_y_105472.jpg to /home/andreagrandi/bio_project/output_sort_hierarchy/tumor_052_tumor_
Copied _x_46080_y_95744.jpg to /home/andreagrandi/bio_project/output_sort_hierarchy/tumor_052_tumor_
Copied _x_35328_y_81152.jpg to /home/andreagrandi/bio_project/output_sort_hierarchy/tumor_052_tumor_
Copied _x_77248_y_84480.jpg to /home/andreagrandi/bio_project/output_sort_hierarchy/tumor_052_tumor_
Copied _x_39936_y_55552.jpg to /home/andreagrandi/bio_project/output_sort_hierarchy/tumor_052_tumor_
Copied _x_83392_y_94976.jpg to /home/andreagrandi/bio_project/output_sort_hierarchy/tumor_052_tumor_
Copied _x_79040_y_74752.jpg to /home/andreagrandi/bio_project/output_sort_hierarchy/tumor_052_tumor_
Copied _x_75456_y_101376.jpg to /home/andreagrandi/bio_project/output_sort_hierarchy/tumor_052_tumor_
Copied _x_33792_y_85504.jpg to /home/andreagrandi/bio_project/output_sort_hierarchy/tumor_052_tumor_
Copied _x_60480_y_86144.jpg to /home/andreagrandi/bio_project/output_sort_hierarchy/tumor_052_tumor_
Copied _x_16960_y_51968.jpg to /home/andreagrandi/bio_project/output_sort_hierarchy/tumor_052_tumor_
Copied _x_72640_y_108288.jpg to /home/andreagrandi/bio_project/output_sort_hierarchy/tumor_052_tumor_
Copied _x_33792_y_100096.jpg to /home/andreagrandi/bio_project/output_sort_hierarchy/tumor_052_tumor_
Copied _x_68544_y_67328.jpg to /home/andreagrandi/bio_project/output_sort_hierarchy/tumor_052_tumor_
Copied _x_30464_y_101376.jpg to /home/andreagrandi/bio_project/output_sort_hierarchy/tumor_052_tumor_
Copied _x_79296_y_80640.jpg to /home/andreagrandi/bio_project/output_sort_hierarchy/tumor_052_tumor_
Copied _x_34816_y_98048.jpg to /home/andreagrandi/bio_project/output_sort_hierarchy/tumor_052_tumor_
Copied _x_71616_y_69376.jpg to /home/andreagrandi/bio_project/output_sort_hierarchy/tumor_052_tumor_
Copied _x_44416_y_115264.jpg to /home/andreagrandi/bio_project/output_sort_hierarchy/tumor_052_tumor_
Copied _x_19776_y_55296.jpg to /home/andreagrandi/bio_project/output_sort_hierarchy/tumor_052_tumor_
Copied _x_68544_y_116736.jpg to /home/andreagrandi/bio_project/output_sort_hierarchy/tumor_052_tumor_
Copied _x_40576_y_120640.jpg to /home/andreagrandi/bio_project/output_sort_hierarchy/tumor_052_tumor_
Copied _x_47744_y_108352.jpg to /home/andreagrandi/bio_project/output_sort_hierarchy/tumor_052_tumor_
Copied _x_79296_y_81152.jpg to /home/andreagrandi/bio_project/output_sort_hierarchy/tumor_052_tumor_
Copied _x_36864_y_93952.jpg to /home/andreagrandi/bio_project/output_sort_hierarchy/tumor_052_tumor_
Copied _x_64320_y_84608.jpg to /home/andreagrandi/bio_project/output_sort_hierarchy/tumor_052_tumor_
Copied _x_80576_y_80384.jpg to /home/andreagrandi/bio_project/output_sort_hierarchy/tumor_052_tumor_
Copied _x_58432_y_93312.jpg to /home/andreagrandi/bio_project/output_sort_hierarchy/tumor_052_tumor_
Copied _x_40960_y_88320.jpg to /home/andreagrandi/bio_project/output_sort_hierarchy/tumor_052_tumor_
Copied _x_44160_y_108864.jpg to /home/andreagrandi/bio_project/output_sort_hierarchy/tumor_052_tumor_
Copied _x_25408_y_55040.jpg to /home/andreagrandi/bio_project/output_sort_hierarchy/tumor_052_tumor_
Copied _x_39680_y_101120.jpg to /home/andreagrandi/bio_project/output_sort_hierarchy/tumor_052_tumor_
Copied _x_35328_y_95232.jpg to /home/andreagrandi/bio_project/output_sort_hierarchy/tumor_052_tumor_
Copied _x_46464_y_115264.jpg to /home/andreagrandi/bio_project/output_sort_hierarchy/tumor_052_tumor_
Copied _x_83904_y_89088.jpg to /home/andreagrandi/bio_project/output_sort_hierarchy/tumor_052_tumor_
Copied _x_28928_y_93952.jpg to /home/andreagrandi/bio_project/output_sort_hierarchy/tumor_052_tumor_
Copied _x_37376_y_79360.jpg to /home/andreagrandi/bio_project/output_sort_hierarchy/tumor_052_tumor_
Copied _x_75712_y_104192.jpg to /home/andreagrandi/bio_project/output_sort_hierarchy/tumor_052_tumor_
Copied _x_45312_y_61440.jpg to /home/andreagrandi/bio_project/output_sort_hierarchy/tumor_052_tumor_
Copied _x_79040_y_70912.jpg to /home/andreagrandi/bio_project/output_sort_hierarchy/tumor_052_tumor_
Copied _x_47360_y_92928.jpg to /home/andreagrandi/bio_project/output_sort_hierarchy/tumor_052_tumor_
Copied _x_32256_y_83968.jpg to /home/andreagrandi/bio_project/output_sort_hierarchy/tumor_052_tumor_
Copied _x_11072_y_53504.jpg to /home/andreagrandi/bio_project/output_sort_hierarchy/tumor_052_tumor_
Copied _x_49792_y_111936.jpg to /home/andreagrandi/bio_project/output_sort_hierarchy/tumor_052_tumor_
Copied _x_41472_y_87552.jpg to /home/andreagrandi/bio_project/output_sort_hierarchy/tumor_052_tumor_
Copied _x_42624_y_108864.jpg to /home/andreagrandi/bio_project/output_sort_hierarchy/tumor_052_tumor_
Copied _x_26880_y_93184.jpg to /home/andreagrandi/bio_project/output_sort_hierarchy/tumor_052_tumor_
Copied _x_26368_y_94976.jpg to /home/andreagrandi/bio_project/output_sort_hierarchy/tumor_052_tumor_
Copied _x_41728_y_91904.jpg to /home/andreagrandi/bio_project/output_sort_hierarchy/tumor_052_tumor_
Copied _x_40704_y_63488.jpg to /home/andreagrandi/bio_project/output_sort_hierarchy/tumor_052_tumor_
Copied _x_37376_y_86272.jpg to /home/andreagrandi/bio_project/output_sort_hierarchy/tumor_052_tumor_
Copied _x_68288_y_117760.jpg to /home/andreagrandi/bio_project/output_sort_hierarchy/tumor_052_tumor_
Copied _x_46080_y_94464.jpg to /home/andreagrandi/bio_project/output_sort_hierarchy/tumor_052_tumor_
Copied _x_38656_y_60928.jpg to /home/andreagrandi/bio_project/output_sort_hierarchy/tumor_052_tumor_
Copied _x_43776_y_82432.jpg to /home/andreagrandi/bio_project/output_sort_hierarchy/tumor_052_tumor_
Copied _x_66112_y_90752.jpg to /home/andreagrandi/bio_project/output_sort_hierarchy/tumor_052_tumor_
Copied _x_50944_y_95232.jpg to /home/andreagrandi/bio_project/output_sort_hierarchy/tumor_052_tumor_
Copied _x_66368_y_87424.jpg to /home/andreagrandi/bio_project/output_sort_hierarchy/tumor_052_tumor_
Copied _x_80576_y_77568.jpg to /home/andreagrandi/bio_project/output_sort_hierarchy/tumor_052_tumor_
Copied _x_43648_y_113216.jpg to /home/andreagrandi/bio_project/output_sort_hierarchy/tumor_052_tumor_
Copied _x_42496_y_56576.jpg to /home/andreagrandi/bio_project/output_sort_hierarchy/tumor_052_tumor_
Copied _x_38400_y_97536.jpg to /home/andreagrandi/bio_project/output_sort_hierarchy/tumor_052_tumor_
Copied _x_52096_y_107840.jpg to /home/andreagrandi/bio_project/output_sort_hierarchy/tumor_052_tumor_
Copied _x_39680_y_65536.jpg to /home/andreagrandi/bio_project/output_sort_hierarchy/tumor_052_tumor_
Copied _x_72384_y_104704.jpg to /home/andreagrandi/bio_project/output_sort_hierarchy/tumor_052_tumor_
Copied _x_68800_y_121600.jpg to /home/andreagrandi/bio_project/output_sort_hierarchy/tumor_052_tumor_
Copied _x_63680_y_104960.jpg to /home/andreagrandi/bio_project/output_sort_hierarchy/tumor_052_tumor_
Copied _x_75712_y_73216.jpg to /home/andreagrandi/bio_project/output_sort_hierarchy/tumor_052_tumor_
Copied _x_80832_y_104192.jpg to /home/andreagrandi/bio_project/output_sort_hierarchy/tumor_052_tumor_
Copied _x_55424_y_114496.jpg to /home/andreagrandi/bio_project/output_sort_hierarchy/tumor_052_tumor_
Copied _x_66624_y_90240.jpg to /home/andreagrandi/bio_project/output_sort_hierarchy/tumor_052_tumor_
Copied _x_45056_y_80128.jpg to /home/andreagrandi/bio_project/output_sort_hierarchy/tumor_052_tumor_
Copied _x_48128_y_82176.jpg to /home/andreagrandi/bio_project/output_sort_hierarchy/tumor_052_tumor_
submitit INFO (2025-01-17 16:36:09,866) - Job completed successfully
submitit INFO (2025-01-17 16:36:09,866) - Exiting after successful completion
