submitit INFO (2025-01-17 16:36:08,424) - Starting with JobEnvironment(job_id=1476, hostname=lab01, local_rank=0(1), node=0(1), global_rank=0(1))
submitit INFO (2025-01-17 16:36:08,424) - Loading pickle: /home/andreagrandi/bio_project/preprocessing/LOGFOLDER/1476/1476_submitted.pkl
Copied _x_14720_y_60416.jpg to /home/andreagrandi/bio_project/output_sort_hierarchy/normal_102_normal_
Copied _x_72128_y_20864.jpg to /home/andreagrandi/bio_project/output_sort_hierarchy/normal_102_normal_
Copied _x_11712_y_49664.jpg to /home/andreagrandi/bio_project/output_sort_hierarchy/normal_102_normal_
Copied _x_31616_y_63232.jpg to /home/andreagrandi/bio_project/output_sort_hierarchy/normal_102_normal_
Copied _x_14976_y_58112.jpg to /home/andreagrandi/bio_project/output_sort_hierarchy/normal_102_normal_
Copied _x_19072_y_58880.jpg to /home/andreagrandi/bio_project/output_sort_hierarchy/normal_102_normal_
Copied _x_27776_y_61696.jpg to /home/andreagrandi/bio_project/output_sort_hierarchy/normal_102_normal_
Copied _x_23936_y_56576.jpg to /home/andreagrandi/bio_project/output_sort_hierarchy/normal_102_normal_
Copied _x_72896_y_19584.jpg to /home/andreagrandi/bio_project/output_sort_hierarchy/normal_102_normal_
Copied _x_73664_y_22400.jpg to /home/andreagrandi/bio_project/output_sort_hierarchy/normal_102_normal_
Copied _x_26752_y_50688.jpg to /home/andreagrandi/bio_project/output_sort_hierarchy/normal_102_normal_
Copied _x_73152_y_22912.jpg to /home/andreagrandi/bio_project/output_sort_hierarchy/normal_102_normal_
Copied _x_42880_y_66816.jpg to /home/andreagrandi/bio_project/output_sort_hierarchy/normal_102_normal_
Copied _x_37760_y_65024.jpg to /home/andreagrandi/bio_project/output_sort_hierarchy/normal_102_normal_
Copied _x_13184_y_58880.jpg to /home/andreagrandi/bio_project/output_sort_hierarchy/normal_102_normal_
Copied _x_16768_y_57344.jpg to /home/andreagrandi/bio_project/output_sort_hierarchy/normal_102_normal_
Copied _x_76992_y_15744.jpg to /home/andreagrandi/bio_project/output_sort_hierarchy/normal_102_normal_
Copied _x_17024_y_57600.jpg to /home/andreagrandi/bio_project/output_sort_hierarchy/normal_102_normal_
Copied _x_31104_y_67584.jpg to /home/andreagrandi/bio_project/output_sort_hierarchy/normal_102_normal_
Copied _x_38016_y_68864.jpg to /home/andreagrandi/bio_project/output_sort_hierarchy/normal_102_normal_
Copied _x_35968_y_68096.jpg to /home/andreagrandi/bio_project/output_sort_hierarchy/normal_102_normal_
Copied _x_25728_y_63232.jpg to /home/andreagrandi/bio_project/output_sort_hierarchy/normal_102_normal_
Copied _x_39040_y_65536.jpg to /home/andreagrandi/bio_project/output_sort_hierarchy/normal_102_normal_
Copied _x_22400_y_60416.jpg to /home/andreagrandi/bio_project/output_sort_hierarchy/normal_102_normal_
Copied _x_25728_y_61696.jpg to /home/andreagrandi/bio_project/output_sort_hierarchy/normal_102_normal_
Copied _x_76224_y_20096.jpg to /home/andreagrandi/bio_project/output_sort_hierarchy/normal_102_normal_
Copied _x_35328_y_37824.jpg to /home/andreagrandi/bio_project/output_sort_hierarchy/normal_102_normal_
Copied _x_21632_y_61184.jpg to /home/andreagrandi/bio_project/output_sort_hierarchy/normal_102_normal_
Copied _x_25216_y_60928.jpg to /home/andreagrandi/bio_project/output_sort_hierarchy/normal_102_normal_
Copied _x_33152_y_63488.jpg to /home/andreagrandi/bio_project/output_sort_hierarchy/normal_102_normal_
Copied _x_39808_y_65792.jpg to /home/andreagrandi/bio_project/output_sort_hierarchy/normal_102_normal_
Copied _x_41856_y_67328.jpg to /home/andreagrandi/bio_project/output_sort_hierarchy/normal_102_normal_
Copied _x_17536_y_61184.jpg to /home/andreagrandi/bio_project/output_sort_hierarchy/normal_102_normal_
Copied _x_70592_y_22912.jpg to /home/andreagrandi/bio_project/output_sort_hierarchy/normal_102_normal_
Copied _x_17792_y_61952.jpg to /home/andreagrandi/bio_project/output_sort_hierarchy/normal_102_normal_
Copied _x_42368_y_66048.jpg to /home/andreagrandi/bio_project/output_sort_hierarchy/normal_102_normal_
Copied _x_18048_y_57600.jpg to /home/andreagrandi/bio_project/output_sort_hierarchy/normal_102_normal_
Copied _x_25216_y_65536.jpg to /home/andreagrandi/bio_project/output_sort_hierarchy/normal_102_normal_
Copied _x_75712_y_19072.jpg to /home/andreagrandi/bio_project/output_sort_hierarchy/normal_102_normal_
Copied _x_73920_y_20608.jpg to /home/andreagrandi/bio_project/output_sort_hierarchy/normal_102_normal_
Copied _x_18560_y_56320.jpg to /home/andreagrandi/bio_project/output_sort_hierarchy/normal_102_normal_
Copied _x_35712_y_67840.jpg to /home/andreagrandi/bio_project/output_sort_hierarchy/normal_102_normal_
Copied _x_72128_y_22144.jpg to /home/andreagrandi/bio_project/output_sort_hierarchy/normal_102_normal_
Copied _x_29056_y_66816.jpg to /home/andreagrandi/bio_project/output_sort_hierarchy/normal_102_normal_
Copied _x_76992_y_19584.jpg to /home/andreagrandi/bio_project/output_sort_hierarchy/normal_102_normal_
Copied _x_27520_y_53760.jpg to /home/andreagrandi/bio_project/output_sort_hierarchy/normal_102_normal_
Copied _x_25216_y_64512.jpg to /home/andreagrandi/bio_project/output_sort_hierarchy/normal_102_normal_
Copied _x_26240_y_60928.jpg to /home/andreagrandi/bio_project/output_sort_hierarchy/normal_102_normal_
Copied _x_17536_y_59136.jpg to /home/andreagrandi/bio_project/output_sort_hierarchy/normal_102_normal_
Copied _x_39552_y_68608.jpg to /home/andreagrandi/bio_project/output_sort_hierarchy/normal_102_normal_
Copied _x_35584_y_38592.jpg to /home/andreagrandi/bio_project/output_sort_hierarchy/normal_102_normal_
Copied _x_20096_y_58112.jpg to /home/andreagrandi/bio_project/output_sort_hierarchy/normal_102_normal_
Copied _x_35328_y_41152.jpg to /home/andreagrandi/bio_project/output_sort_hierarchy/normal_102_normal_
Copied _x_37760_y_67840.jpg to /home/andreagrandi/bio_project/output_sort_hierarchy/normal_102_normal_
Copied _x_31616_y_66560.jpg to /home/andreagrandi/bio_project/output_sort_hierarchy/normal_102_normal_
Copied _x_26496_y_66304.jpg to /home/andreagrandi/bio_project/output_sort_hierarchy/normal_102_normal_
Copied _x_19584_y_57856.jpg to /home/andreagrandi/bio_project/output_sort_hierarchy/normal_102_normal_
Copied _x_77504_y_18048.jpg to /home/andreagrandi/bio_project/output_sort_hierarchy/normal_102_normal_
Copied _x_11712_y_50944.jpg to /home/andreagrandi/bio_project/output_sort_hierarchy/normal_102_normal_
Copied _x_21888_y_61440.jpg to /home/andreagrandi/bio_project/output_sort_hierarchy/normal_102_normal_
Copied _x_18816_y_56576.jpg to /home/andreagrandi/bio_project/output_sort_hierarchy/normal_102_normal_
Copied _x_35712_y_62976.jpg to /home/andreagrandi/bio_project/output_sort_hierarchy/normal_102_normal_
Copied _x_23168_y_59904.jpg to /home/andreagrandi/bio_project/output_sort_hierarchy/normal_102_normal_
Copied _x_31104_y_63232.jpg to /home/andreagrandi/bio_project/output_sort_hierarchy/normal_102_normal_
Copied _x_17792_y_60416.jpg to /home/andreagrandi/bio_project/output_sort_hierarchy/normal_102_normal_
Copied _x_21120_y_58112.jpg to /home/andreagrandi/bio_project/output_sort_hierarchy/normal_102_normal_
Copied _x_71360_y_21888.jpg to /home/andreagrandi/bio_project/output_sort_hierarchy/normal_102_normal_
Copied _x_14976_y_60160.jpg to /home/andreagrandi/bio_project/output_sort_hierarchy/normal_102_normal_
Copied _x_26496_y_53504.jpg to /home/andreagrandi/bio_project/output_sort_hierarchy/normal_102_normal_
Copied _x_75712_y_20352.jpg to /home/andreagrandi/bio_project/output_sort_hierarchy/normal_102_normal_
Copied _x_16000_y_61952.jpg to /home/andreagrandi/bio_project/output_sort_hierarchy/normal_102_normal_
Copied _x_28544_y_65280.jpg to /home/andreagrandi/bio_project/output_sort_hierarchy/normal_102_normal_
Copied _x_75200_y_19840.jpg to /home/andreagrandi/bio_project/output_sort_hierarchy/normal_102_normal_
Copied _x_17536_y_58880.jpg to /home/andreagrandi/bio_project/output_sort_hierarchy/normal_102_normal_
Copied _x_16256_y_60160.jpg to /home/andreagrandi/bio_project/output_sort_hierarchy/normal_102_normal_
Copied _x_75968_y_22400.jpg to /home/andreagrandi/bio_project/output_sort_hierarchy/normal_102_normal_
Copied _x_90944_y_49920.jpg to /home/andreagrandi/bio_project/output_sort_hierarchy/normal_102_normal_
Copied _x_40832_y_65280.jpg to /home/andreagrandi/bio_project/output_sort_hierarchy/normal_102_normal_
Copied _x_21120_y_61440.jpg to /home/andreagrandi/bio_project/output_sort_hierarchy/normal_102_normal_
Copied _x_23680_y_59392.jpg to /home/andreagrandi/bio_project/output_sort_hierarchy/normal_102_normal_
Copied _x_32640_y_67072.jpg to /home/andreagrandi/bio_project/output_sort_hierarchy/normal_102_normal_
Copied _x_63872_y_53056.jpg to /home/andreagrandi/bio_project/output_sort_hierarchy/normal_102_normal_
Copied _x_25984_y_50944.jpg to /home/andreagrandi/bio_project/output_sort_hierarchy/normal_102_normal_
Copied _x_30592_y_63488.jpg to /home/andreagrandi/bio_project/output_sort_hierarchy/normal_102_normal_
Copied _x_77504_y_20096.jpg to /home/andreagrandi/bio_project/output_sort_hierarchy/normal_102_normal_
Copied _x_71616_y_21120.jpg to /home/andreagrandi/bio_project/output_sort_hierarchy/normal_102_normal_
Copied _x_20096_y_61184.jpg to /home/andreagrandi/bio_project/output_sort_hierarchy/normal_102_normal_
Copied _x_27008_y_51968.jpg to /home/andreagrandi/bio_project/output_sort_hierarchy/normal_102_normal_
Copied _x_28288_y_68096.jpg to /home/andreagrandi/bio_project/output_sort_hierarchy/normal_102_normal_
Copied _x_11712_y_50688.jpg to /home/andreagrandi/bio_project/output_sort_hierarchy/normal_102_normal_
Copied _x_73408_y_25216.jpg to /home/andreagrandi/bio_project/output_sort_hierarchy/normal_102_normal_
Copied _x_78528_y_17024.jpg to /home/andreagrandi/bio_project/output_sort_hierarchy/normal_102_normal_
Copied _x_15744_y_59648.jpg to /home/andreagrandi/bio_project/output_sort_hierarchy/normal_102_normal_
Copied _x_76736_y_19072.jpg to /home/andreagrandi/bio_project/output_sort_hierarchy/normal_102_normal_
Copied _x_62848_y_53824.jpg to /home/andreagrandi/bio_project/output_sort_hierarchy/normal_102_normal_
Copied _x_28288_y_62976.jpg to /home/andreagrandi/bio_project/output_sort_hierarchy/normal_102_normal_
Copied _x_25216_y_58112.jpg to /home/andreagrandi/bio_project/output_sort_hierarchy/normal_102_normal_
Copied _x_75456_y_22144.jpg to /home/andreagrandi/bio_project/output_sort_hierarchy/normal_102_normal_
Copied _x_29824_y_64256.jpg to /home/andreagrandi/bio_project/output_sort_hierarchy/normal_102_normal_
Copied _x_29568_y_66048.jpg to /home/andreagrandi/bio_project/output_sort_hierarchy/normal_102_normal_
submitit INFO (2025-01-17 16:36:08,439) - Job completed successfully
submitit INFO (2025-01-17 16:36:08,439) - Exiting after successful completion
