submitit INFO (2025-01-17 16:36:09,036) - Starting with JobEnvironment(job_id=1482, hostname=lab01, local_rank=0(1), node=0(1), global_rank=0(1))
submitit INFO (2025-01-17 16:36:09,036) - Loading pickle: /home/andreagrandi/bio_project/preprocessing/LOGFOLDER/1482/1482_submitted.pkl
Copied _x_37248_y_133568.jpg to /home/andreagrandi/bio_project/output_sort_hierarchy/tumor_051_tumor_
Copied _x_83712_y_119296.jpg to /home/andreagrandi/bio_project/output_sort_hierarchy/tumor_051_tumor_
Copied _x_41856_y_146880.jpg to /home/andreagrandi/bio_project/output_sort_hierarchy/tumor_051_tumor_
Copied _x_11136_y_128192.jpg to /home/andreagrandi/bio_project/output_sort_hierarchy/tumor_051_tumor_
Copied _x_20608_y_156864.jpg to /home/andreagrandi/bio_project/output_sort_hierarchy/tumor_051_tumor_
Copied _x_78016_y_89216.jpg to /home/andreagrandi/bio_project/output_sort_hierarchy/tumor_051_tumor_
Copied _x_86016_y_131584.jpg to /home/andreagrandi/bio_project/output_sort_hierarchy/tumor_051_tumor_
Copied _x_84224_y_141312.jpg to /home/andreagrandi/bio_project/output_sort_hierarchy/tumor_051_tumor_
Copied _x_18560_y_127680.jpg to /home/andreagrandi/bio_project/output_sort_hierarchy/tumor_051_tumor_
Copied _x_50048_y_121024.jpg to /home/andreagrandi/bio_project/output_sort_hierarchy/tumor_051_tumor_
Copied _x_74240_y_142080.jpg to /home/andreagrandi/bio_project/output_sort_hierarchy/tumor_051_tumor_
Copied _x_43648_y_120768.jpg to /home/andreagrandi/bio_project/output_sort_hierarchy/tumor_051_tumor_
Copied _x_26432_y_100416.jpg to /home/andreagrandi/bio_project/output_sort_hierarchy/tumor_051_tumor_
Copied _x_27520_y_123584.jpg to /home/andreagrandi/bio_project/output_sort_hierarchy/tumor_051_tumor_
Copied _x_50048_y_129984.jpg to /home/andreagrandi/bio_project/output_sort_hierarchy/tumor_051_tumor_
Copied _x_17792_y_128960.jpg to /home/andreagrandi/bio_project/output_sort_hierarchy/tumor_051_tumor_
Copied _x_81408_y_115712.jpg to /home/andreagrandi/bio_project/output_sort_hierarchy/tumor_051_tumor_
Copied _x_82432_y_143616.jpg to /home/andreagrandi/bio_project/output_sort_hierarchy/tumor_051_tumor_
Copied _x_79040_y_90240.jpg to /home/andreagrandi/bio_project/output_sort_hierarchy/tumor_051_tumor_
Copied _x_60416_y_138496.jpg to /home/andreagrandi/bio_project/output_sort_hierarchy/tumor_051_tumor_
Copied _x_66304_y_112896.jpg to /home/andreagrandi/bio_project/output_sort_hierarchy/tumor_051_tumor_
Copied _x_90880_y_125952.jpg to /home/andreagrandi/bio_project/output_sort_hierarchy/tumor_051_tumor_
Copied _x_59072_y_82816.jpg to /home/andreagrandi/bio_project/output_sort_hierarchy/tumor_051_tumor_
Copied _x_86016_y_135424.jpg to /home/andreagrandi/bio_project/output_sort_hierarchy/tumor_051_tumor_
Copied _x_77824_y_115456.jpg to /home/andreagrandi/bio_project/output_sort_hierarchy/tumor_051_tumor_
Copied _x_70336_y_85376.jpg to /home/andreagrandi/bio_project/output_sort_hierarchy/tumor_051_tumor_
Copied _x_16448_y_111680.jpg to /home/andreagrandi/bio_project/output_sort_hierarchy/tumor_051_tumor_
Copied _x_19008_y_96576.jpg to /home/andreagrandi/bio_project/output_sort_hierarchy/tumor_051_tumor_
Copied _x_19328_y_136640.jpg to /home/andreagrandi/bio_project/output_sort_hierarchy/tumor_051_tumor_
Copied _x_15168_y_103488.jpg to /home/andreagrandi/bio_project/output_sort_hierarchy/tumor_051_tumor_
Copied _x_46464_y_139712.jpg to /home/andreagrandi/bio_project/output_sort_hierarchy/tumor_051_tumor_
Copied _x_40320_y_128448.jpg to /home/andreagrandi/bio_project/output_sort_hierarchy/tumor_051_tumor_
Copied _x_25984_y_124864.jpg to /home/andreagrandi/bio_project/output_sort_hierarchy/tumor_051_tumor_
Copied _x_78336_y_119296.jpg to /home/andreagrandi/bio_project/output_sort_hierarchy/tumor_051_tumor_
Copied _x_26240_y_137664.jpg to /home/andreagrandi/bio_project/output_sort_hierarchy/tumor_051_tumor_
Copied _x_93696_y_126208.jpg to /home/andreagrandi/bio_project/output_sort_hierarchy/tumor_051_tumor_
Copied _x_73920_y_90496.jpg to /home/andreagrandi/bio_project/output_sort_hierarchy/tumor_051_tumor_
Copied _x_44672_y_123328.jpg to /home/andreagrandi/bio_project/output_sort_hierarchy/tumor_051_tumor_
Copied _x_42624_y_147136.jpg to /home/andreagrandi/bio_project/output_sort_hierarchy/tumor_051_tumor_
Copied _x_10624_y_150208.jpg to /home/andreagrandi/bio_project/output_sort_hierarchy/tumor_051_tumor_
Copied _x_18048_y_152256.jpg to /home/andreagrandi/bio_project/output_sort_hierarchy/tumor_051_tumor_
Copied _x_10112_y_136384.jpg to /home/andreagrandi/bio_project/output_sort_hierarchy/tumor_051_tumor_
Copied _x_69568_y_95872.jpg to /home/andreagrandi/bio_project/output_sort_hierarchy/tumor_051_tumor_
Copied _x_27712_y_109888.jpg to /home/andreagrandi/bio_project/output_sort_hierarchy/tumor_051_tumor_
Copied _x_21888_y_134336.jpg to /home/andreagrandi/bio_project/output_sort_hierarchy/tumor_051_tumor_
Copied _x_81408_y_117504.jpg to /home/andreagrandi/bio_project/output_sort_hierarchy/tumor_051_tumor_
Copied _x_41344_y_140224.jpg to /home/andreagrandi/bio_project/output_sort_hierarchy/tumor_051_tumor_
Copied _x_22656_y_128448.jpg to /home/andreagrandi/bio_project/output_sort_hierarchy/tumor_051_tumor_
Copied _x_68608_y_148224.jpg to /home/andreagrandi/bio_project/output_sort_hierarchy/tumor_051_tumor_
Copied _x_83200_y_151040.jpg to /home/andreagrandi/bio_project/output_sort_hierarchy/tumor_051_tumor_
Copied _x_24448_y_135104.jpg to /home/andreagrandi/bio_project/output_sort_hierarchy/tumor_051_tumor_
Copied _x_63232_y_128000.jpg to /home/andreagrandi/bio_project/output_sort_hierarchy/tumor_051_tumor_
Copied _x_63232_y_117248.jpg to /home/andreagrandi/bio_project/output_sort_hierarchy/tumor_051_tumor_
Copied _x_84224_y_125440.jpg to /home/andreagrandi/bio_project/output_sort_hierarchy/tumor_051_tumor_
Copied _x_65728_y_79232.jpg to /home/andreagrandi/bio_project/output_sort_hierarchy/tumor_051_tumor_
Copied _x_18304_y_152256.jpg to /home/andreagrandi/bio_project/output_sort_hierarchy/tumor_051_tumor_
Copied _x_88064_y_129280.jpg to /home/andreagrandi/bio_project/output_sort_hierarchy/tumor_051_tumor_
Copied _x_86528_y_128512.jpg to /home/andreagrandi/bio_project/output_sort_hierarchy/tumor_051_tumor_
Copied _x_64512_y_146944.jpg to /home/andreagrandi/bio_project/output_sort_hierarchy/tumor_051_tumor_
Copied _x_34944_y_133824.jpg to /home/andreagrandi/bio_project/output_sort_hierarchy/tumor_051_tumor_
Copied _x_25664_y_92992.jpg to /home/andreagrandi/bio_project/output_sort_hierarchy/tumor_051_tumor_
Copied _x_93952_y_134912.jpg to /home/andreagrandi/bio_project/output_sort_hierarchy/tumor_051_tumor_
Copied _x_68352_y_154624.jpg to /home/andreagrandi/bio_project/output_sort_hierarchy/tumor_051_tumor_
Copied _x_46464_y_120000.jpg to /home/andreagrandi/bio_project/output_sort_hierarchy/tumor_051_tumor_
Copied _x_31104_y_123584.jpg to /home/andreagrandi/bio_project/output_sort_hierarchy/tumor_051_tumor_
Copied _x_14208_y_125120.jpg to /home/andreagrandi/bio_project/output_sort_hierarchy/tumor_051_tumor_
Copied _x_76800_y_152320.jpg to /home/andreagrandi/bio_project/output_sort_hierarchy/tumor_051_tumor_
Copied _x_83968_y_145664.jpg to /home/andreagrandi/bio_project/output_sort_hierarchy/tumor_051_tumor_
Copied _x_77568_y_141312.jpg to /home/andreagrandi/bio_project/output_sort_hierarchy/tumor_051_tumor_
Copied _x_66304_y_146176.jpg to /home/andreagrandi/bio_project/output_sort_hierarchy/tumor_051_tumor_
Copied _x_66240_y_94336.jpg to /home/andreagrandi/bio_project/output_sort_hierarchy/tumor_051_tumor_
Copied _x_67264_y_98688.jpg to /home/andreagrandi/bio_project/output_sort_hierarchy/tumor_051_tumor_
Copied _x_95488_y_129024.jpg to /home/andreagrandi/bio_project/output_sort_hierarchy/tumor_051_tumor_
Copied _x_70848_y_81536.jpg to /home/andreagrandi/bio_project/output_sort_hierarchy/tumor_051_tumor_
Copied _x_34176_y_139968.jpg to /home/andreagrandi/bio_project/output_sort_hierarchy/tumor_051_tumor_
Copied _x_76288_y_148480.jpg to /home/andreagrandi/bio_project/output_sort_hierarchy/tumor_051_tumor_
Copied _x_20032_y_100928.jpg to /home/andreagrandi/bio_project/output_sort_hierarchy/tumor_051_tumor_
Copied _x_72384_y_93312.jpg to /home/andreagrandi/bio_project/output_sort_hierarchy/tumor_051_tumor_
Copied _x_29248_y_104512.jpg to /home/andreagrandi/bio_project/output_sort_hierarchy/tumor_051_tumor_
Copied _x_88832_y_132352.jpg to /home/andreagrandi/bio_project/output_sort_hierarchy/tumor_051_tumor_
Copied _x_25920_y_109632.jpg to /home/andreagrandi/bio_project/output_sort_hierarchy/tumor_051_tumor_
Copied _x_74944_y_92288.jpg to /home/andreagrandi/bio_project/output_sort_hierarchy/tumor_051_tumor_
Copied _x_15232_y_154560.jpg to /home/andreagrandi/bio_project/output_sort_hierarchy/tumor_051_tumor_
Copied _x_91392_y_136960.jpg to /home/andreagrandi/bio_project/output_sort_hierarchy/tumor_051_tumor_
Copied _x_61952_y_118528.jpg to /home/andreagrandi/bio_project/output_sort_hierarchy/tumor_051_tumor_
Copied _x_83456_y_127232.jpg to /home/andreagrandi/bio_project/output_sort_hierarchy/tumor_051_tumor_
Copied _x_77312_y_148992.jpg to /home/andreagrandi/bio_project/output_sort_hierarchy/tumor_051_tumor_
Copied _x_88320_y_131328.jpg to /home/andreagrandi/bio_project/output_sort_hierarchy/tumor_051_tumor_
Copied _x_35968_y_121536.jpg to /home/andreagrandi/bio_project/output_sort_hierarchy/tumor_051_tumor_
Copied _x_75264_y_122624.jpg to /home/andreagrandi/bio_project/output_sort_hierarchy/tumor_051_tumor_
Copied _x_90624_y_143872.jpg to /home/andreagrandi/bio_project/output_sort_hierarchy/tumor_051_tumor_
Copied _x_74240_y_146944.jpg to /home/andreagrandi/bio_project/output_sort_hierarchy/tumor_051_tumor_
Copied _x_42880_y_121280.jpg to /home/andreagrandi/bio_project/output_sort_hierarchy/tumor_051_tumor_
Copied _x_46720_y_125888.jpg to /home/andreagrandi/bio_project/output_sort_hierarchy/tumor_051_tumor_
Copied _x_12672_y_134848.jpg to /home/andreagrandi/bio_project/output_sort_hierarchy/tumor_051_tumor_
Copied _x_69888_y_141824.jpg to /home/andreagrandi/bio_project/output_sort_hierarchy/tumor_051_tumor_
Copied _x_88320_y_134400.jpg to /home/andreagrandi/bio_project/output_sort_hierarchy/tumor_051_tumor_
Copied _x_35200_y_140736.jpg to /home/andreagrandi/bio_project/output_sort_hierarchy/tumor_051_tumor_
Copied _x_71104_y_82048.jpg to /home/andreagrandi/bio_project/output_sort_hierarchy/tumor_051_tumor_
Copied _x_34688_y_133568.jpg to /home/andreagrandi/bio_project/output_sort_hierarchy/tumor_051_tumor_
submitit INFO (2025-01-17 16:36:09,052) - Job completed successfully
submitit INFO (2025-01-17 16:36:09,052) - Exiting after successful completion
