submitit INFO (2025-01-17 16:36:05,612) - Starting with JobEnvironment(job_id=1447, hostname=lab01, local_rank=0(1), node=0(1), global_rank=0(1))
submitit INFO (2025-01-17 16:36:05,612) - Loading pickle: /home/andreagrandi/bio_project/preprocessing/LOGFOLDER/1447/1447_submitted.pkl
Copied _x_27584_y_141184.jpg to /home/andreagrandi/bio_project/output_sort_hierarchy/tumor_038_tumor_
Copied _x_32448_y_144768.jpg to /home/andreagrandi/bio_project/output_sort_hierarchy/tumor_038_tumor_
Copied _x_49728_y_162432.jpg to /home/andreagrandi/bio_project/output_sort_hierarchy/tumor_038_tumor_
Copied _x_35008_y_141440.jpg to /home/andreagrandi/bio_project/output_sort_hierarchy/tumor_038_tumor_
Copied _x_52800_y_167296.jpg to /home/andreagrandi/bio_project/output_sort_hierarchy/tumor_038_tumor_
Copied _x_30656_y_135808.jpg to /home/andreagrandi/bio_project/output_sort_hierarchy/tumor_038_tumor_
Copied _x_43840_y_167296.jpg to /home/andreagrandi/bio_project/output_sort_hierarchy/tumor_038_tumor_
Copied _x_37824_y_141184.jpg to /home/andreagrandi/bio_project/output_sort_hierarchy/tumor_038_tumor_
Copied _x_44352_y_165504.jpg to /home/andreagrandi/bio_project/output_sort_hierarchy/tumor_038_tumor_
Copied _x_28864_y_139136.jpg to /home/andreagrandi/bio_project/output_sort_hierarchy/tumor_038_tumor_
Copied _x_48960_y_157312.jpg to /home/andreagrandi/bio_project/output_sort_hierarchy/tumor_038_tumor_
Copied _x_49216_y_164480.jpg to /home/andreagrandi/bio_project/output_sort_hierarchy/tumor_038_tumor_
Copied _x_50240_y_160640.jpg to /home/andreagrandi/bio_project/output_sort_hierarchy/tumor_038_tumor_
Copied _x_36032_y_136576.jpg to /home/andreagrandi/bio_project/output_sort_hierarchy/tumor_038_tumor_
Copied _x_46400_y_161408.jpg to /home/andreagrandi/bio_project/output_sort_hierarchy/tumor_038_tumor_
Copied _x_46912_y_160640.jpg to /home/andreagrandi/bio_project/output_sort_hierarchy/tumor_038_tumor_
Copied _x_44352_y_161152.jpg to /home/andreagrandi/bio_project/output_sort_hierarchy/tumor_038_tumor_
Copied _x_42816_y_167808.jpg to /home/andreagrandi/bio_project/output_sort_hierarchy/tumor_038_tumor_
Copied _x_31680_y_140160.jpg to /home/andreagrandi/bio_project/output_sort_hierarchy/tumor_038_tumor_
Copied _x_36800_y_140416.jpg to /home/andreagrandi/bio_project/output_sort_hierarchy/tumor_038_tumor_
Copied _x_42048_y_165248.jpg to /home/andreagrandi/bio_project/output_sort_hierarchy/tumor_038_tumor_
Copied _x_49472_y_169088.jpg to /home/andreagrandi/bio_project/output_sort_hierarchy/tumor_038_tumor_
Copied _x_51072_y_141568.jpg to /home/andreagrandi/bio_project/output_sort_hierarchy/tumor_038_tumor_
Copied _x_48704_y_161920.jpg to /home/andreagrandi/bio_project/output_sort_hierarchy/tumor_038_tumor_
Copied _x_30144_y_136832.jpg to /home/andreagrandi/bio_project/output_sort_hierarchy/tumor_038_tumor_
Copied _x_46656_y_164992.jpg to /home/andreagrandi/bio_project/output_sort_hierarchy/tumor_038_tumor_
Copied _x_55104_y_164992.jpg to /home/andreagrandi/bio_project/output_sort_hierarchy/tumor_038_tumor_
Copied _x_34496_y_139648.jpg to /home/andreagrandi/bio_project/output_sort_hierarchy/tumor_038_tumor_
Copied _x_44352_y_166016.jpg to /home/andreagrandi/bio_project/output_sort_hierarchy/tumor_038_tumor_
Copied _x_28608_y_134016.jpg to /home/andreagrandi/bio_project/output_sort_hierarchy/tumor_038_tumor_
Copied _x_33216_y_133248.jpg to /home/andreagrandi/bio_project/output_sort_hierarchy/tumor_038_tumor_
Copied _x_51520_y_161152.jpg to /home/andreagrandi/bio_project/output_sort_hierarchy/tumor_038_tumor_
Copied _x_23808_y_168960.jpg to /home/andreagrandi/bio_project/output_sort_hierarchy/tumor_038_tumor_
Copied _x_48448_y_162944.jpg to /home/andreagrandi/bio_project/output_sort_hierarchy/tumor_038_tumor_
Copied _x_33216_y_141184.jpg to /home/andreagrandi/bio_project/output_sort_hierarchy/tumor_038_tumor_
Copied _x_54144_y_142080.jpg to /home/andreagrandi/bio_project/output_sort_hierarchy/tumor_038_tumor_
Copied _x_24320_y_167936.jpg to /home/andreagrandi/bio_project/output_sort_hierarchy/tumor_038_tumor_
Copied _x_49984_y_158080.jpg to /home/andreagrandi/bio_project/output_sort_hierarchy/tumor_038_tumor_
Copied _x_28608_y_138112.jpg to /home/andreagrandi/bio_project/output_sort_hierarchy/tumor_038_tumor_
Copied _x_31936_y_141184.jpg to /home/andreagrandi/bio_project/output_sort_hierarchy/tumor_038_tumor_
Copied _x_26816_y_137600.jpg to /home/andreagrandi/bio_project/output_sort_hierarchy/tumor_038_tumor_
Copied _x_45120_y_161920.jpg to /home/andreagrandi/bio_project/output_sort_hierarchy/tumor_038_tumor_
Copied _x_31168_y_136064.jpg to /home/andreagrandi/bio_project/output_sort_hierarchy/tumor_038_tumor_
Copied _x_26048_y_135040.jpg to /home/andreagrandi/bio_project/output_sort_hierarchy/tumor_038_tumor_
Copied _x_44352_y_166784.jpg to /home/andreagrandi/bio_project/output_sort_hierarchy/tumor_038_tumor_
Copied _x_33472_y_140160.jpg to /home/andreagrandi/bio_project/output_sort_hierarchy/tumor_038_tumor_
Copied _x_32192_y_136832.jpg to /home/andreagrandi/bio_project/output_sort_hierarchy/tumor_038_tumor_
Copied _x_28096_y_137600.jpg to /home/andreagrandi/bio_project/output_sort_hierarchy/tumor_038_tumor_
Copied _x_44352_y_164224.jpg to /home/andreagrandi/bio_project/output_sort_hierarchy/tumor_038_tumor_
Copied _x_48704_y_163456.jpg to /home/andreagrandi/bio_project/output_sort_hierarchy/tumor_038_tumor_
Copied _x_30144_y_133504.jpg to /home/andreagrandi/bio_project/output_sort_hierarchy/tumor_038_tumor_
Copied _x_32704_y_144000.jpg to /home/andreagrandi/bio_project/output_sort_hierarchy/tumor_038_tumor_
Copied _x_38080_y_141952.jpg to /home/andreagrandi/bio_project/output_sort_hierarchy/tumor_038_tumor_
Copied _x_29376_y_138368.jpg to /home/andreagrandi/bio_project/output_sort_hierarchy/tumor_038_tumor_
Copied _x_51328_y_138752.jpg to /home/andreagrandi/bio_project/output_sort_hierarchy/tumor_038_tumor_
Copied _x_38848_y_141184.jpg to /home/andreagrandi/bio_project/output_sort_hierarchy/tumor_038_tumor_
Copied _x_35008_y_135040.jpg to /home/andreagrandi/bio_project/output_sort_hierarchy/tumor_038_tumor_
Copied _x_32704_y_141440.jpg to /home/andreagrandi/bio_project/output_sort_hierarchy/tumor_038_tumor_
Copied _x_42304_y_168576.jpg to /home/andreagrandi/bio_project/output_sort_hierarchy/tumor_038_tumor_
Copied _x_31936_y_136832.jpg to /home/andreagrandi/bio_project/output_sort_hierarchy/tumor_038_tumor_
Copied _x_53888_y_140288.jpg to /home/andreagrandi/bio_project/output_sort_hierarchy/tumor_038_tumor_
Copied _x_30912_y_143232.jpg to /home/andreagrandi/bio_project/output_sort_hierarchy/tumor_038_tumor_
Copied _x_42304_y_165248.jpg to /home/andreagrandi/bio_project/output_sort_hierarchy/tumor_038_tumor_
Copied _x_26304_y_139904.jpg to /home/andreagrandi/bio_project/output_sort_hierarchy/tumor_038_tumor_
Copied _x_33728_y_133248.jpg to /home/andreagrandi/bio_project/output_sort_hierarchy/tumor_038_tumor_
Copied _x_53568_y_158592.jpg to /home/andreagrandi/bio_project/output_sort_hierarchy/tumor_038_tumor_
Copied _x_31936_y_133504.jpg to /home/andreagrandi/bio_project/output_sort_hierarchy/tumor_038_tumor_
Copied _x_26560_y_132992.jpg to /home/andreagrandi/bio_project/output_sort_hierarchy/tumor_038_tumor_
Copied _x_33472_y_144256.jpg to /home/andreagrandi/bio_project/output_sort_hierarchy/tumor_038_tumor_
Copied _x_51776_y_163712.jpg to /home/andreagrandi/bio_project/output_sort_hierarchy/tumor_038_tumor_
Copied _x_46912_y_163200.jpg to /home/andreagrandi/bio_project/output_sort_hierarchy/tumor_038_tumor_
Copied _x_54592_y_159872.jpg to /home/andreagrandi/bio_project/output_sort_hierarchy/tumor_038_tumor_
Copied _x_31936_y_141440.jpg to /home/andreagrandi/bio_project/output_sort_hierarchy/tumor_038_tumor_
Copied _x_43328_y_161408.jpg to /home/andreagrandi/bio_project/output_sort_hierarchy/tumor_038_tumor_
Copied _x_42560_y_167808.jpg to /home/andreagrandi/bio_project/output_sort_hierarchy/tumor_038_tumor_
Copied _x_28096_y_132480.jpg to /home/andreagrandi/bio_project/output_sort_hierarchy/tumor_038_tumor_
Copied _x_44608_y_171136.jpg to /home/andreagrandi/bio_project/output_sort_hierarchy/tumor_038_tumor_
Copied _x_33728_y_136320.jpg to /home/andreagrandi/bio_project/output_sort_hierarchy/tumor_038_tumor_
Copied _x_27328_y_139648.jpg to /home/andreagrandi/bio_project/output_sort_hierarchy/tumor_038_tumor_
Copied _x_32960_y_141696.jpg to /home/andreagrandi/bio_project/output_sort_hierarchy/tumor_038_tumor_
Copied _x_33984_y_137344.jpg to /home/andreagrandi/bio_project/output_sort_hierarchy/tumor_038_tumor_
Copied _x_36544_y_135808.jpg to /home/andreagrandi/bio_project/output_sort_hierarchy/tumor_038_tumor_
Copied _x_24064_y_167680.jpg to /home/andreagrandi/bio_project/output_sort_hierarchy/tumor_038_tumor_
Copied _x_46400_y_169856.jpg to /home/andreagrandi/bio_project/output_sort_hierarchy/tumor_038_tumor_
Copied _x_37824_y_135808.jpg to /home/andreagrandi/bio_project/output_sort_hierarchy/tumor_038_tumor_
Copied _x_52544_y_165760.jpg to /home/andreagrandi/bio_project/output_sort_hierarchy/tumor_038_tumor_
Copied _x_43072_y_165504.jpg to /home/andreagrandi/bio_project/output_sort_hierarchy/tumor_038_tumor_
Copied _x_24832_y_168192.jpg to /home/andreagrandi/bio_project/output_sort_hierarchy/tumor_038_tumor_
Copied _x_43584_y_165248.jpg to /home/andreagrandi/bio_project/output_sort_hierarchy/tumor_038_tumor_
Copied _x_36032_y_143488.jpg to /home/andreagrandi/bio_project/output_sort_hierarchy/tumor_038_tumor_
Copied _x_35008_y_140928.jpg to /home/andreagrandi/bio_project/output_sort_hierarchy/tumor_038_tumor_
Copied _x_38336_y_144768.jpg to /home/andreagrandi/bio_project/output_sort_hierarchy/tumor_038_tumor_
Copied _x_44096_y_170624.jpg to /home/andreagrandi/bio_project/output_sort_hierarchy/tumor_038_tumor_
Copied _x_33472_y_141184.jpg to /home/andreagrandi/bio_project/output_sort_hierarchy/tumor_038_tumor_
Copied _x_43840_y_165248.jpg to /home/andreagrandi/bio_project/output_sort_hierarchy/tumor_038_tumor_
Copied _x_43584_y_167296.jpg to /home/andreagrandi/bio_project/output_sort_hierarchy/tumor_038_tumor_
Copied _x_53568_y_159360.jpg to /home/andreagrandi/bio_project/output_sort_hierarchy/tumor_038_tumor_
Copied _x_39360_y_141952.jpg to /home/andreagrandi/bio_project/output_sort_hierarchy/tumor_038_tumor_
Copied _x_34752_y_138880.jpg to /home/andreagrandi/bio_project/output_sort_hierarchy/tumor_038_tumor_
Copied _x_28608_y_135808.jpg to /home/andreagrandi/bio_project/output_sort_hierarchy/tumor_038_tumor_
submitit INFO (2025-01-17 16:36:05,627) - Job completed successfully
submitit INFO (2025-01-17 16:36:05,628) - Exiting after successful completion
