submitit INFO (2025-02-04 16:09:34,309) - Starting with JobEnvironment(job_id=72145, hostname=MacBook-Pro-di-Andrea.local, local_rank=0(1), node=0(1), global_rank=0(1))
submitit INFO (2025-02-04 16:09:34,309) - Loading pickle: /Users/andreagrandi/Developer/bio_project/src/bio_project/LOGFOLDER/72145/72145_submitted.pkl
Copied _x_63296_y_110784.jpg to /Users/andreagrandi/Developer/bio_project/src/bio_project/inference/output_clam_sorted/tumor_048_tumor
Copied _x_27200_y_176384.jpg to /Users/andreagrandi/Developer/bio_project/src/bio_project/inference/output_clam_sorted/tumor_048_tumor
Copied _x_60224_y_138176.jpg to /Users/andreagrandi/Developer/bio_project/src/bio_project/inference/output_clam_sorted/tumor_048_tumor
Copied _x_64832_y_125120.jpg to /Users/andreagrandi/Developer/bio_project/src/bio_project/inference/output_clam_sorted/tumor_048_tumor
Copied _x_29632_y_137664.jpg to /Users/andreagrandi/Developer/bio_project/src/bio_project/inference/output_clam_sorted/tumor_048_tumor
Copied _x_65472_y_175936.jpg to /Users/andreagrandi/Developer/bio_project/src/bio_project/inference/output_clam_sorted/tumor_048_tumor
Copied _x_29184_y_161088.jpg to /Users/andreagrandi/Developer/bio_project/src/bio_project/inference/output_clam_sorted/tumor_048_tumor
Copied _x_29632_y_97600.jpg to /Users/andreagrandi/Developer/bio_project/src/bio_project/inference/output_clam_sorted/tumor_048_tumor
Copied _x_36160_y_195072.jpg to /Users/andreagrandi/Developer/bio_project/src/bio_project/inference/output_clam_sorted/tumor_048_tumor
Copied _x_24384_y_188928.jpg to /Users/andreagrandi/Developer/bio_project/src/bio_project/inference/output_clam_sorted/tumor_048_tumor
Copied _x_42048_y_195072.jpg to /Users/andreagrandi/Developer/bio_project/src/bio_project/inference/output_clam_sorted/tumor_048_tumor
Copied _x_65856_y_120000.jpg to /Users/andreagrandi/Developer/bio_project/src/bio_project/inference/output_clam_sorted/tumor_048_tumor
Copied _x_32320_y_182528.jpg to /Users/andreagrandi/Developer/bio_project/src/bio_project/inference/output_clam_sorted/tumor_048_tumor
Copied _x_19520_y_172032.jpg to /Users/andreagrandi/Developer/bio_project/src/bio_project/inference/output_clam_sorted/tumor_048_tumor
Copied _x_74176_y_175424.jpg to /Users/andreagrandi/Developer/bio_project/src/bio_project/inference/output_clam_sorted/tumor_048_tumor
Copied _x_61632_y_179520.jpg to /Users/andreagrandi/Developer/bio_project/src/bio_project/inference/output_clam_sorted/tumor_048_tumor
Copied _x_41408_y_100672.jpg to /Users/andreagrandi/Developer/bio_project/src/bio_project/inference/output_clam_sorted/tumor_048_tumor
Copied _x_35328_y_165696.jpg to /Users/andreagrandi/Developer/bio_project/src/bio_project/inference/output_clam_sorted/tumor_048_tumor
Copied _x_51520_y_127424.jpg to /Users/andreagrandi/Developer/bio_project/src/bio_project/inference/output_clam_sorted/tumor_048_tumor
Copied _x_35520_y_97344.jpg to /Users/andreagrandi/Developer/bio_project/src/bio_project/inference/output_clam_sorted/tumor_048_tumor
Copied _x_38336_y_137152.jpg to /Users/andreagrandi/Developer/bio_project/src/bio_project/inference/output_clam_sorted/tumor_048_tumor
Copied _x_34240_y_94528.jpg to /Users/andreagrandi/Developer/bio_project/src/bio_project/inference/output_clam_sorted/tumor_048_tumor
Copied _x_62016_y_113344.jpg to /Users/andreagrandi/Developer/bio_project/src/bio_project/inference/output_clam_sorted/tumor_048_tumor
Copied _x_31488_y_153920.jpg to /Users/andreagrandi/Developer/bio_project/src/bio_project/inference/output_clam_sorted/tumor_048_tumor
Copied _x_57920_y_107456.jpg to /Users/andreagrandi/Developer/bio_project/src/bio_project/inference/output_clam_sorted/tumor_048_tumor
Copied _x_35584_y_158272.jpg to /Users/andreagrandi/Developer/bio_project/src/bio_project/inference/output_clam_sorted/tumor_048_tumor
Copied _x_28608_y_129472.jpg to /Users/andreagrandi/Developer/bio_project/src/bio_project/inference/output_clam_sorted/tumor_048_tumor
Copied _x_49920_y_154432.jpg to /Users/andreagrandi/Developer/bio_project/src/bio_project/inference/output_clam_sorted/tumor_048_tumor
Copied _x_62144_y_154432.jpg to /Users/andreagrandi/Developer/bio_project/src/bio_project/inference/output_clam_sorted/tumor_048_tumor
Copied _x_32576_y_192256.jpg to /Users/andreagrandi/Developer/bio_project/src/bio_project/inference/output_clam_sorted/tumor_048_tumor
Copied _x_31552_y_182272.jpg to /Users/andreagrandi/Developer/bio_project/src/bio_project/inference/output_clam_sorted/tumor_048_tumor
Copied _x_28224_y_179200.jpg to /Users/andreagrandi/Developer/bio_project/src/bio_project/inference/output_clam_sorted/tumor_048_tumor
Copied _x_36608_y_164672.jpg to /Users/andreagrandi/Developer/bio_project/src/bio_project/inference/output_clam_sorted/tumor_048_tumor
Copied _x_37568_y_128448.jpg to /Users/andreagrandi/Developer/bio_project/src/bio_project/inference/output_clam_sorted/tumor_048_tumor
Copied _x_68800_y_160320.jpg to /Users/andreagrandi/Developer/bio_project/src/bio_project/inference/output_clam_sorted/tumor_048_tumor
Copied _x_37824_y_100672.jpg to /Users/andreagrandi/Developer/bio_project/src/bio_project/inference/output_clam_sorted/tumor_048_tumor
Copied _x_58432_y_137152.jpg to /Users/andreagrandi/Developer/bio_project/src/bio_project/inference/output_clam_sorted/tumor_048_tumor
Copied _x_37120_y_155456.jpg to /Users/andreagrandi/Developer/bio_project/src/bio_project/inference/output_clam_sorted/tumor_048_tumor
Copied _x_37184_y_186112.jpg to /Users/andreagrandi/Developer/bio_project/src/bio_project/inference/output_clam_sorted/tumor_048_tumor
Copied _x_23232_y_93248.jpg to /Users/andreagrandi/Developer/bio_project/src/bio_project/inference/output_clam_sorted/tumor_048_tumor
Copied _x_54080_y_133824.jpg to /Users/andreagrandi/Developer/bio_project/src/bio_project/inference/output_clam_sorted/tumor_048_tumor
Copied _x_15168_y_158208.jpg to /Users/andreagrandi/Developer/bio_project/src/bio_project/inference/output_clam_sorted/tumor_048_tumor
Copied _x_48960_y_133056.jpg to /Users/andreagrandi/Developer/bio_project/src/bio_project/inference/output_clam_sorted/tumor_048_tumor
Copied _x_28096_y_136128.jpg to /Users/andreagrandi/Developer/bio_project/src/bio_project/inference/output_clam_sorted/tumor_048_tumor
Copied _x_38976_y_188160.jpg to /Users/andreagrandi/Developer/bio_project/src/bio_project/inference/output_clam_sorted/tumor_048_tumor
Copied _x_29696_y_156736.jpg to /Users/andreagrandi/Developer/bio_project/src/bio_project/inference/output_clam_sorted/tumor_048_tumor
Copied _x_57536_y_175424.jpg to /Users/andreagrandi/Developer/bio_project/src/bio_project/inference/output_clam_sorted/tumor_048_tumor
Copied _x_33024_y_158272.jpg to /Users/andreagrandi/Developer/bio_project/src/bio_project/inference/output_clam_sorted/tumor_048_tumor
Copied _x_15168_y_183552.jpg to /Users/andreagrandi/Developer/bio_project/src/bio_project/inference/output_clam_sorted/tumor_048_tumor
Copied _x_28352_y_92480.jpg to /Users/andreagrandi/Developer/bio_project/src/bio_project/inference/output_clam_sorted/tumor_048_tumor
Copied _x_21312_y_196096.jpg to /Users/andreagrandi/Developer/bio_project/src/bio_project/inference/output_clam_sorted/tumor_048_tumor
Copied _x_26304_y_94528.jpg to /Users/andreagrandi/Developer/bio_project/src/bio_project/inference/output_clam_sorted/tumor_048_tumor
Copied _x_64064_y_116416.jpg to /Users/andreagrandi/Developer/bio_project/src/bio_project/inference/output_clam_sorted/tumor_048_tumor
Copied _x_36928_y_181760.jpg to /Users/andreagrandi/Developer/bio_project/src/bio_project/inference/output_clam_sorted/tumor_048_tumor
Copied _x_63552_y_119744.jpg to /Users/andreagrandi/Developer/bio_project/src/bio_project/inference/output_clam_sorted/tumor_048_tumor
Copied _x_59584_y_170816.jpg to /Users/andreagrandi/Developer/bio_project/src/bio_project/inference/output_clam_sorted/tumor_048_tumor
Copied _x_59584_y_172608.jpg to /Users/andreagrandi/Developer/bio_project/src/bio_project/inference/output_clam_sorted/tumor_048_tumor
Copied _x_39936_y_164160.jpg to /Users/andreagrandi/Developer/bio_project/src/bio_project/inference/output_clam_sorted/tumor_048_tumor
Copied _x_14400_y_159232.jpg to /Users/andreagrandi/Developer/bio_project/src/bio_project/inference/output_clam_sorted/tumor_048_tumor
Copied _x_68416_y_121280.jpg to /Users/andreagrandi/Developer/bio_project/src/bio_project/inference/output_clam_sorted/tumor_048_tumor
Copied _x_73920_y_171584.jpg to /Users/andreagrandi/Developer/bio_project/src/bio_project/inference/output_clam_sorted/tumor_048_tumor
Copied _x_65728_y_171072.jpg to /Users/andreagrandi/Developer/bio_project/src/bio_project/inference/output_clam_sorted/tumor_048_tumor
Copied _x_15424_y_156416.jpg to /Users/andreagrandi/Developer/bio_project/src/bio_project/inference/output_clam_sorted/tumor_048_tumor
Copied _x_64192_y_165696.jpg to /Users/andreagrandi/Developer/bio_project/src/bio_project/inference/output_clam_sorted/tumor_048_tumor
Copied _x_20032_y_183296.jpg to /Users/andreagrandi/Developer/bio_project/src/bio_project/inference/output_clam_sorted/tumor_048_tumor
Copied _x_47872_y_152128.jpg to /Users/andreagrandi/Developer/bio_project/src/bio_project/inference/output_clam_sorted/tumor_048_tumor
Copied _x_19904_y_93248.jpg to /Users/andreagrandi/Developer/bio_project/src/bio_project/inference/output_clam_sorted/tumor_048_tumor
Copied _x_13888_y_176896.jpg to /Users/andreagrandi/Developer/bio_project/src/bio_project/inference/output_clam_sorted/tumor_048_tumor
Copied _x_42432_y_101440.jpg to /Users/andreagrandi/Developer/bio_project/src/bio_project/inference/output_clam_sorted/tumor_048_tumor
Copied _x_66880_y_119744.jpg to /Users/andreagrandi/Developer/bio_project/src/bio_project/inference/output_clam_sorted/tumor_048_tumor
Copied _x_51904_y_173120.jpg to /Users/andreagrandi/Developer/bio_project/src/bio_project/inference/output_clam_sorted/tumor_048_tumor
Copied _x_19008_y_192768.jpg to /Users/andreagrandi/Developer/bio_project/src/bio_project/inference/output_clam_sorted/tumor_048_tumor
Copied _x_29248_y_189696.jpg to /Users/andreagrandi/Developer/bio_project/src/bio_project/inference/output_clam_sorted/tumor_048_tumor
Copied _x_23104_y_181760.jpg to /Users/andreagrandi/Developer/bio_project/src/bio_project/inference/output_clam_sorted/tumor_048_tumor
Copied _x_56896_y_135872.jpg to /Users/andreagrandi/Developer/bio_project/src/bio_project/inference/output_clam_sorted/tumor_048_tumor
Copied _x_40512_y_187392.jpg to /Users/andreagrandi/Developer/bio_project/src/bio_project/inference/output_clam_sorted/tumor_048_tumor
Copied _x_28416_y_161856.jpg to /Users/andreagrandi/Developer/bio_project/src/bio_project/inference/output_clam_sorted/tumor_048_tumor
Copied _x_46336_y_153664.jpg to /Users/andreagrandi/Developer/bio_project/src/bio_project/inference/output_clam_sorted/tumor_048_tumor
Copied _x_62912_y_163648.jpg to /Users/andreagrandi/Developer/bio_project/src/bio_project/inference/output_clam_sorted/tumor_048_tumor
Copied _x_34816_y_163904.jpg to /Users/andreagrandi/Developer/bio_project/src/bio_project/inference/output_clam_sorted/tumor_048_tumor
Copied _x_22592_y_196352.jpg to /Users/andreagrandi/Developer/bio_project/src/bio_project/inference/output_clam_sorted/tumor_048_tumor
Copied _x_61376_y_167744.jpg to /Users/andreagrandi/Developer/bio_project/src/bio_project/inference/output_clam_sorted/tumor_048_tumor
Copied _x_18240_y_194048.jpg to /Users/andreagrandi/Developer/bio_project/src/bio_project/inference/output_clam_sorted/tumor_048_tumor
Copied _x_36800_y_135360.jpg to /Users/andreagrandi/Developer/bio_project/src/bio_project/inference/output_clam_sorted/tumor_048_tumor
Copied _x_23360_y_187648.jpg to /Users/andreagrandi/Developer/bio_project/src/bio_project/inference/output_clam_sorted/tumor_048_tumor
Copied _x_22592_y_161280.jpg to /Users/andreagrandi/Developer/bio_project/src/bio_project/inference/output_clam_sorted/tumor_048_tumor
Copied _x_65728_y_173376.jpg to /Users/andreagrandi/Developer/bio_project/src/bio_project/inference/output_clam_sorted/tumor_048_tumor
Copied _x_18240_y_192000.jpg to /Users/andreagrandi/Developer/bio_project/src/bio_project/inference/output_clam_sorted/tumor_048_tumor
Copied _x_42240_y_153152.jpg to /Users/andreagrandi/Developer/bio_project/src/bio_project/inference/output_clam_sorted/tumor_048_tumor
Copied _x_49920_y_153408.jpg to /Users/andreagrandi/Developer/bio_project/src/bio_project/inference/output_clam_sorted/tumor_048_tumor
Copied _x_63168_y_178240.jpg to /Users/andreagrandi/Developer/bio_project/src/bio_project/inference/output_clam_sorted/tumor_048_tumor
Copied _x_69312_y_163904.jpg to /Users/andreagrandi/Developer/bio_project/src/bio_project/inference/output_clam_sorted/tumor_048_tumor
Copied _x_31936_y_95040.jpg to /Users/andreagrandi/Developer/bio_project/src/bio_project/inference/output_clam_sorted/tumor_048_tumor
Copied _x_42176_y_129472.jpg to /Users/andreagrandi/Developer/bio_project/src/bio_project/inference/output_clam_sorted/tumor_048_tumor
Copied _x_26176_y_181504.jpg to /Users/andreagrandi/Developer/bio_project/src/bio_project/inference/output_clam_sorted/tumor_048_tumor
Copied _x_16704_y_171008.jpg to /Users/andreagrandi/Developer/bio_project/src/bio_project/inference/output_clam_sorted/tumor_048_tumor
Copied _x_20544_y_184064.jpg to /Users/andreagrandi/Developer/bio_project/src/bio_project/inference/output_clam_sorted/tumor_048_tumor
Copied _x_37568_y_130240.jpg to /Users/andreagrandi/Developer/bio_project/src/bio_project/inference/output_clam_sorted/tumor_048_tumor
Copied _x_41792_y_191488.jpg to /Users/andreagrandi/Developer/bio_project/src/bio_project/inference/output_clam_sorted/tumor_048_tumor
Copied _x_33344_y_196864.jpg to /Users/andreagrandi/Developer/bio_project/src/bio_project/inference/output_clam_sorted/tumor_048_tumor
submitit INFO (2025-02-04 16:09:34,326) - Job completed successfully
submitit INFO (2025-02-04 16:09:34,327) - Exiting after successful completion
