submitit INFO (2025-01-17 16:36:07,219) - Starting with JobEnvironment(job_id=1464, hostname=lab01, local_rank=0(1), node=0(1), global_rank=0(1))
submitit INFO (2025-01-17 16:36:07,219) - Loading pickle: /home/andreagrandi/bio_project/preprocessing/LOGFOLDER/1464/1464_submitted.pkl
Copied _x_54784_y_114944.jpg to /home/andreagrandi/bio_project/output_sort_hierarchy/test_044_tumor_
Copied _x_26176_y_122048.jpg to /home/andreagrandi/bio_project/output_sort_hierarchy/test_044_tumor_
Copied _x_79168_y_171968.jpg to /home/andreagrandi/bio_project/output_sort_hierarchy/test_044_tumor_
Copied _x_44352_y_165824.jpg to /home/andreagrandi/bio_project/output_sort_hierarchy/test_044_tumor_
Copied _x_59200_y_177856.jpg to /home/andreagrandi/bio_project/output_sort_hierarchy/test_044_tumor_
Copied _x_73280_y_177088.jpg to /home/andreagrandi/bio_project/output_sort_hierarchy/test_044_tumor_
Copied _x_37184_y_143552.jpg to /home/andreagrandi/bio_project/output_sort_hierarchy/test_044_tumor_
Copied _x_20800_y_133824.jpg to /home/andreagrandi/bio_project/output_sort_hierarchy/test_044_tumor_
Copied _x_20288_y_146880.jpg to /home/andreagrandi/bio_project/output_sort_hierarchy/test_044_tumor_
Copied _x_48960_y_177600.jpg to /home/andreagrandi/bio_project/output_sort_hierarchy/test_044_tumor_
Copied _x_29760_y_112832.jpg to /home/andreagrandi/bio_project/output_sort_hierarchy/test_044_tumor_
Copied _x_48704_y_176832.jpg to /home/andreagrandi/bio_project/output_sort_hierarchy/test_044_tumor_
Copied _x_39808_y_136000.jpg to /home/andreagrandi/bio_project/output_sort_hierarchy/test_044_tumor_
Copied _x_46400_y_168384.jpg to /home/andreagrandi/bio_project/output_sort_hierarchy/test_044_tumor_
Copied _x_38464_y_158400.jpg to /home/andreagrandi/bio_project/output_sort_hierarchy/test_044_tumor_
Copied _x_73536_y_184256.jpg to /home/andreagrandi/bio_project/output_sort_hierarchy/test_044_tumor_
Copied _x_44096_y_155584.jpg to /home/andreagrandi/bio_project/output_sort_hierarchy/test_044_tumor_
Copied _x_28480_y_113344.jpg to /home/andreagrandi/bio_project/output_sort_hierarchy/test_044_tumor_
Copied _x_31296_y_121280.jpg to /home/andreagrandi/bio_project/output_sort_hierarchy/test_044_tumor_
Copied _x_69952_y_188864.jpg to /home/andreagrandi/bio_project/output_sort_hierarchy/test_044_tumor_
Copied _x_66624_y_168128.jpg to /home/andreagrandi/bio_project/output_sort_hierarchy/test_044_tumor_
Copied _x_76096_y_181696.jpg to /home/andreagrandi/bio_project/output_sort_hierarchy/test_044_tumor_
Copied _x_54848_y_181184.jpg to /home/andreagrandi/bio_project/output_sort_hierarchy/test_044_tumor_
Copied _x_38208_y_149184.jpg to /home/andreagrandi/bio_project/output_sort_hierarchy/test_044_tumor_
Copied _x_63744_y_153344.jpg to /home/andreagrandi/bio_project/output_sort_hierarchy/test_044_tumor_
Copied _x_31552_y_153024.jpg to /home/andreagrandi/bio_project/output_sort_hierarchy/test_044_tumor_
Copied _x_27200_y_121536.jpg to /home/andreagrandi/bio_project/output_sort_hierarchy/test_044_tumor_
Copied _x_22336_y_154816.jpg to /home/andreagrandi/bio_project/output_sort_hierarchy/test_044_tumor_
Copied _x_67584_y_132352.jpg to /home/andreagrandi/bio_project/output_sort_hierarchy/test_044_tumor_
Copied _x_43584_y_156096.jpg to /home/andreagrandi/bio_project/output_sort_hierarchy/test_044_tumor_
Copied _x_44352_y_143040.jpg to /home/andreagrandi/bio_project/output_sort_hierarchy/test_044_tumor_
Copied _x_33856_y_115904.jpg to /home/andreagrandi/bio_project/output_sort_hierarchy/test_044_tumor_
Copied _x_66368_y_178880.jpg to /home/andreagrandi/bio_project/output_sort_hierarchy/test_044_tumor_
Copied _x_63040_y_172736.jpg to /home/andreagrandi/bio_project/output_sort_hierarchy/test_044_tumor_
Copied _x_53824_y_172480.jpg to /home/andreagrandi/bio_project/output_sort_hierarchy/test_044_tumor_
Copied _x_41024_y_174528.jpg to /home/andreagrandi/bio_project/output_sort_hierarchy/test_044_tumor_
Copied _x_59392_y_125440.jpg to /home/andreagrandi/bio_project/output_sort_hierarchy/test_044_tumor_
Copied _x_76096_y_188864.jpg to /home/andreagrandi/bio_project/output_sort_hierarchy/test_044_tumor_
Copied _x_33856_y_153536.jpg to /home/andreagrandi/bio_project/output_sort_hierarchy/test_044_tumor_
Copied _x_75072_y_178624.jpg to /home/andreagrandi/bio_project/output_sort_hierarchy/test_044_tumor_
Copied _x_48192_y_159168.jpg to /home/andreagrandi/bio_project/output_sort_hierarchy/test_044_tumor_
Copied _x_49472_y_180416.jpg to /home/andreagrandi/bio_project/output_sort_hierarchy/test_044_tumor_
Copied _x_51264_y_158400.jpg to /home/andreagrandi/bio_project/output_sort_hierarchy/test_044_tumor_
Copied _x_34880_y_151232.jpg to /home/andreagrandi/bio_project/output_sort_hierarchy/test_044_tumor_
Copied _x_55360_y_166592.jpg to /home/andreagrandi/bio_project/output_sort_hierarchy/test_044_tumor_
Copied _x_62720_y_149504.jpg to /home/andreagrandi/bio_project/output_sort_hierarchy/test_044_tumor_
Copied _x_23360_y_152768.jpg to /home/andreagrandi/bio_project/output_sort_hierarchy/test_044_tumor_
Copied _x_67136_y_168384.jpg to /home/andreagrandi/bio_project/output_sort_hierarchy/test_044_tumor_
Copied _x_59904_y_121856.jpg to /home/andreagrandi/bio_project/output_sort_hierarchy/test_044_tumor_
Copied _x_63808_y_184512.jpg to /home/andreagrandi/bio_project/output_sort_hierarchy/test_044_tumor_
Copied _x_50752_y_174784.jpg to /home/andreagrandi/bio_project/output_sort_hierarchy/test_044_tumor_
Copied _x_70976_y_176576.jpg to /home/andreagrandi/bio_project/output_sort_hierarchy/test_044_tumor_
Copied _x_68160_y_168384.jpg to /home/andreagrandi/bio_project/output_sort_hierarchy/test_044_tumor_
Copied _x_34624_y_158400.jpg to /home/andreagrandi/bio_project/output_sort_hierarchy/test_044_tumor_
Copied _x_60416_y_130560.jpg to /home/andreagrandi/bio_project/output_sort_hierarchy/test_044_tumor_
Copied _x_20288_y_147392.jpg to /home/andreagrandi/bio_project/output_sort_hierarchy/test_044_tumor_
Copied _x_44608_y_168384.jpg to /home/andreagrandi/bio_project/output_sort_hierarchy/test_044_tumor_
Copied _x_55872_y_184256.jpg to /home/andreagrandi/bio_project/output_sort_hierarchy/test_044_tumor_
Copied _x_64832_y_169664.jpg to /home/andreagrandi/bio_project/output_sort_hierarchy/test_044_tumor_
Copied _x_72512_y_180160.jpg to /home/andreagrandi/bio_project/output_sort_hierarchy/test_044_tumor_
Copied _x_64256_y_144896.jpg to /home/andreagrandi/bio_project/output_sort_hierarchy/test_044_tumor_
Copied _x_28224_y_115392.jpg to /home/andreagrandi/bio_project/output_sort_hierarchy/test_044_tumor_
Copied _x_53312_y_170944.jpg to /home/andreagrandi/bio_project/output_sort_hierarchy/test_044_tumor_
Copied _x_67904_y_180928.jpg to /home/andreagrandi/bio_project/output_sort_hierarchy/test_044_tumor_
Copied _x_26432_y_130496.jpg to /home/andreagrandi/bio_project/output_sort_hierarchy/test_044_tumor_
Copied _x_77888_y_169408.jpg to /home/andreagrandi/bio_project/output_sort_hierarchy/test_044_tumor_
Copied _x_48960_y_159936.jpg to /home/andreagrandi/bio_project/output_sort_hierarchy/test_044_tumor_
Copied _x_33856_y_158912.jpg to /home/andreagrandi/bio_project/output_sort_hierarchy/test_044_tumor_
Copied _x_28224_y_146624.jpg to /home/andreagrandi/bio_project/output_sort_hierarchy/test_044_tumor_
Copied _x_44864_y_173248.jpg to /home/andreagrandi/bio_project/output_sort_hierarchy/test_044_tumor_
Copied _x_66048_y_154624.jpg to /home/andreagrandi/bio_project/output_sort_hierarchy/test_044_tumor_
Copied _x_61440_y_145920.jpg to /home/andreagrandi/bio_project/output_sort_hierarchy/test_044_tumor_
Copied _x_26944_y_132800.jpg to /home/andreagrandi/bio_project/output_sort_hierarchy/test_044_tumor_
Copied _x_64000_y_135424.jpg to /home/andreagrandi/bio_project/output_sort_hierarchy/test_044_tumor_
Copied _x_57920_y_167616.jpg to /home/andreagrandi/bio_project/output_sort_hierarchy/test_044_tumor_
Copied _x_23104_y_144832.jpg to /home/andreagrandi/bio_project/output_sort_hierarchy/test_044_tumor_
Copied _x_73024_y_163264.jpg to /home/andreagrandi/bio_project/output_sort_hierarchy/test_044_tumor_
Copied _x_26688_y_112576.jpg to /home/andreagrandi/bio_project/output_sort_hierarchy/test_044_tumor_
Copied _x_72768_y_181696.jpg to /home/andreagrandi/bio_project/output_sort_hierarchy/test_044_tumor_
Copied _x_30528_y_112320.jpg to /home/andreagrandi/bio_project/output_sort_hierarchy/test_044_tumor_
Copied _x_37184_y_142272.jpg to /home/andreagrandi/bio_project/output_sort_hierarchy/test_044_tumor_
Copied _x_71744_y_181696.jpg to /home/andreagrandi/bio_project/output_sort_hierarchy/test_044_tumor_
Copied _x_42304_y_140992.jpg to /home/andreagrandi/bio_project/output_sort_hierarchy/test_044_tumor_
Copied _x_74560_y_180160.jpg to /home/andreagrandi/bio_project/output_sort_hierarchy/test_044_tumor_
Copied _x_65792_y_123392.jpg to /home/andreagrandi/bio_project/output_sort_hierarchy/test_044_tumor_
Copied _x_52992_y_120832.jpg to /home/andreagrandi/bio_project/output_sort_hierarchy/test_044_tumor_
Copied _x_56320_y_116224.jpg to /home/andreagrandi/bio_project/output_sort_hierarchy/test_044_tumor_
Copied _x_51520_y_174528.jpg to /home/andreagrandi/bio_project/output_sort_hierarchy/test_044_tumor_
Copied _x_32064_y_150976.jpg to /home/andreagrandi/bio_project/output_sort_hierarchy/test_044_tumor_
Copied _x_59904_y_121600.jpg to /home/andreagrandi/bio_project/output_sort_hierarchy/test_044_tumor_
Copied _x_53312_y_170432.jpg to /home/andreagrandi/bio_project/output_sort_hierarchy/test_044_tumor_
Copied _x_38208_y_154304.jpg to /home/andreagrandi/bio_project/output_sort_hierarchy/test_044_tumor_
Copied _x_71744_y_174528.jpg to /home/andreagrandi/bio_project/output_sort_hierarchy/test_044_tumor_
Copied _x_36160_y_158400.jpg to /home/andreagrandi/bio_project/output_sort_hierarchy/test_044_tumor_
Copied _x_50240_y_176064.jpg to /home/andreagrandi/bio_project/output_sort_hierarchy/test_044_tumor_
Copied _x_43072_y_152000.jpg to /home/andreagrandi/bio_project/output_sort_hierarchy/test_044_tumor_
Copied _x_26432_y_145344.jpg to /home/andreagrandi/bio_project/output_sort_hierarchy/test_044_tumor_
Copied _x_73536_y_173248.jpg to /home/andreagrandi/bio_project/output_sort_hierarchy/test_044_tumor_
Copied _x_53312_y_166592.jpg to /home/andreagrandi/bio_project/output_sort_hierarchy/test_044_tumor_
Copied _x_41792_y_160960.jpg to /home/andreagrandi/bio_project/output_sort_hierarchy/test_044_tumor_
submitit INFO (2025-01-17 16:36:07,234) - Job completed successfully
submitit INFO (2025-01-17 16:36:07,234) - Exiting after successful completion
