submitit INFO (2025-01-17 16:36:05,207) - Starting with JobEnvironment(job_id=1443, hostname=lab01, local_rank=0(1), node=0(1), global_rank=0(1))
submitit INFO (2025-01-17 16:36:05,207) - Loading pickle: /home/andreagrandi/bio_project/preprocessing/LOGFOLDER/1443/1443_submitted.pkl
Copied _x_34560_y_117056.jpg to /home/andreagrandi/bio_project/output_sort_hierarchy/tumor_039_tumor_
Copied _x_47616_y_108096.jpg to /home/andreagrandi/bio_project/output_sort_hierarchy/tumor_039_tumor_
Copied _x_32256_y_115520.jpg to /home/andreagrandi/bio_project/output_sort_hierarchy/tumor_039_tumor_
Copied _x_69120_y_120384.jpg to /home/andreagrandi/bio_project/output_sort_hierarchy/tumor_039_tumor_
Copied _x_46080_y_109632.jpg to /home/andreagrandi/bio_project/output_sort_hierarchy/tumor_039_tumor_
Copied _x_82112_y_17856.jpg to /home/andreagrandi/bio_project/output_sort_hierarchy/tumor_039_tumor_
Copied _x_34816_y_116544.jpg to /home/andreagrandi/bio_project/output_sort_hierarchy/tumor_039_tumor_
Copied _x_58368_y_100416.jpg to /home/andreagrandi/bio_project/output_sort_hierarchy/tumor_039_tumor_
Copied _x_52224_y_109632.jpg to /home/andreagrandi/bio_project/output_sort_hierarchy/tumor_039_tumor_
Copied _x_65024_y_118336.jpg to /home/andreagrandi/bio_project/output_sort_hierarchy/tumor_039_tumor_
Copied _x_39680_y_115008.jpg to /home/andreagrandi/bio_project/output_sort_hierarchy/tumor_039_tumor_
Copied _x_63232_y_122944.jpg to /home/andreagrandi/bio_project/output_sort_hierarchy/tumor_039_tumor_
Copied _x_32768_y_114752.jpg to /home/andreagrandi/bio_project/output_sort_hierarchy/tumor_039_tumor_
Copied _x_35328_y_117824.jpg to /home/andreagrandi/bio_project/output_sort_hierarchy/tumor_039_tumor_
Copied _x_56064_y_100928.jpg to /home/andreagrandi/bio_project/output_sort_hierarchy/tumor_039_tumor_
Copied _x_39424_y_114240.jpg to /home/andreagrandi/bio_project/output_sort_hierarchy/tumor_039_tumor_
Copied _x_62208_y_118080.jpg to /home/andreagrandi/bio_project/output_sort_hierarchy/tumor_039_tumor_
Copied _x_9600_y_20160.jpg to /home/andreagrandi/bio_project/output_sort_hierarchy/tumor_039_tumor_
Copied _x_49408_y_100672.jpg to /home/andreagrandi/bio_project/output_sort_hierarchy/tumor_039_tumor_
Copied _x_35840_y_116288.jpg to /home/andreagrandi/bio_project/output_sort_hierarchy/tumor_039_tumor_
Copied _x_10880_y_19904.jpg to /home/andreagrandi/bio_project/output_sort_hierarchy/tumor_039_tumor_
Copied _x_34304_y_107840.jpg to /home/andreagrandi/bio_project/output_sort_hierarchy/tumor_039_tumor_
Copied _x_43520_y_108352.jpg to /home/andreagrandi/bio_project/output_sort_hierarchy/tumor_039_tumor_
Copied _x_36352_y_104512.jpg to /home/andreagrandi/bio_project/output_sort_hierarchy/tumor_039_tumor_
Copied _x_49408_y_101952.jpg to /home/andreagrandi/bio_project/output_sort_hierarchy/tumor_039_tumor_
Copied _x_42752_y_104768.jpg to /home/andreagrandi/bio_project/output_sort_hierarchy/tumor_039_tumor_
Copied _x_47104_y_109376.jpg to /home/andreagrandi/bio_project/output_sort_hierarchy/tumor_039_tumor_
Copied _x_33280_y_104768.jpg to /home/andreagrandi/bio_project/output_sort_hierarchy/tumor_039_tumor_
Copied _x_52480_y_105280.jpg to /home/andreagrandi/bio_project/output_sort_hierarchy/tumor_039_tumor_
Copied _x_33792_y_103744.jpg to /home/andreagrandi/bio_project/output_sort_hierarchy/tumor_039_tumor_
Copied _x_30208_y_107840.jpg to /home/andreagrandi/bio_project/output_sort_hierarchy/tumor_039_tumor_
Copied _x_33024_y_116544.jpg to /home/andreagrandi/bio_project/output_sort_hierarchy/tumor_039_tumor_
Copied _x_42240_y_107584.jpg to /home/andreagrandi/bio_project/output_sort_hierarchy/tumor_039_tumor_
Copied _x_75008_y_130368.jpg to /home/andreagrandi/bio_project/output_sort_hierarchy/tumor_039_tumor_
Copied _x_30208_y_106304.jpg to /home/andreagrandi/bio_project/output_sort_hierarchy/tumor_039_tumor_
Copied _x_60928_y_105280.jpg to /home/andreagrandi/bio_project/output_sort_hierarchy/tumor_039_tumor_
Copied _x_41728_y_108608.jpg to /home/andreagrandi/bio_project/output_sort_hierarchy/tumor_039_tumor_
Copied _x_50688_y_109632.jpg to /home/andreagrandi/bio_project/output_sort_hierarchy/tumor_039_tumor_
Copied _x_35328_y_118848.jpg to /home/andreagrandi/bio_project/output_sort_hierarchy/tumor_039_tumor_
Copied _x_30720_y_106048.jpg to /home/andreagrandi/bio_project/output_sort_hierarchy/tumor_039_tumor_
Copied _x_29440_y_111680.jpg to /home/andreagrandi/bio_project/output_sort_hierarchy/tumor_039_tumor_
Copied _x_11648_y_17344.jpg to /home/andreagrandi/bio_project/output_sort_hierarchy/tumor_039_tumor_
Copied _x_52736_y_108352.jpg to /home/andreagrandi/bio_project/output_sort_hierarchy/tumor_039_tumor_
Copied _x_54016_y_99648.jpg to /home/andreagrandi/bio_project/output_sort_hierarchy/tumor_039_tumor_
Copied _x_56576_y_103232.jpg to /home/andreagrandi/bio_project/output_sort_hierarchy/tumor_039_tumor_
Copied _x_40960_y_122432.jpg to /home/andreagrandi/bio_project/output_sort_hierarchy/tumor_039_tumor_
Copied _x_65280_y_120896.jpg to /home/andreagrandi/bio_project/output_sort_hierarchy/tumor_039_tumor_
Copied _x_66816_y_115776.jpg to /home/andreagrandi/bio_project/output_sort_hierarchy/tumor_039_tumor_
Copied _x_32256_y_105024.jpg to /home/andreagrandi/bio_project/output_sort_hierarchy/tumor_039_tumor_
Copied _x_6528_y_16832.jpg to /home/andreagrandi/bio_project/output_sort_hierarchy/tumor_039_tumor_
Copied _x_84736_y_130624.jpg to /home/andreagrandi/bio_project/output_sort_hierarchy/tumor_039_tumor_
Copied _x_75264_y_128064.jpg to /home/andreagrandi/bio_project/output_sort_hierarchy/tumor_039_tumor_
Copied _x_39168_y_108864.jpg to /home/andreagrandi/bio_project/output_sort_hierarchy/tumor_039_tumor_
Copied _x_58112_y_103744.jpg to /home/andreagrandi/bio_project/output_sort_hierarchy/tumor_039_tumor_
Copied _x_65536_y_111168.jpg to /home/andreagrandi/bio_project/output_sort_hierarchy/tumor_039_tumor_
Copied _x_44288_y_124480.jpg to /home/andreagrandi/bio_project/output_sort_hierarchy/tumor_039_tumor_
Copied _x_52736_y_107072.jpg to /home/andreagrandi/bio_project/output_sort_hierarchy/tumor_039_tumor_
Copied _x_62464_y_121664.jpg to /home/andreagrandi/bio_project/output_sort_hierarchy/tumor_039_tumor_
Copied _x_32512_y_113472.jpg to /home/andreagrandi/bio_project/output_sort_hierarchy/tumor_039_tumor_
Copied _x_45056_y_110400.jpg to /home/andreagrandi/bio_project/output_sort_hierarchy/tumor_039_tumor_
Copied _x_36608_y_112704.jpg to /home/andreagrandi/bio_project/output_sort_hierarchy/tumor_039_tumor_
Copied _x_52736_y_109376.jpg to /home/andreagrandi/bio_project/output_sort_hierarchy/tumor_039_tumor_
Copied _x_35328_y_106304.jpg to /home/andreagrandi/bio_project/output_sort_hierarchy/tumor_039_tumor_
Copied _x_40960_y_117568.jpg to /home/andreagrandi/bio_project/output_sort_hierarchy/tumor_039_tumor_
Copied _x_41728_y_106048.jpg to /home/andreagrandi/bio_project/output_sort_hierarchy/tumor_039_tumor_
Copied _x_49664_y_102464.jpg to /home/andreagrandi/bio_project/output_sort_hierarchy/tumor_039_tumor_
Copied _x_35840_y_110656.jpg to /home/andreagrandi/bio_project/output_sort_hierarchy/tumor_039_tumor_
Copied _x_49408_y_102720.jpg to /home/andreagrandi/bio_project/output_sort_hierarchy/tumor_039_tumor_
Copied _x_56064_y_106816.jpg to /home/andreagrandi/bio_project/output_sort_hierarchy/tumor_039_tumor_
Copied _x_66048_y_110912.jpg to /home/andreagrandi/bio_project/output_sort_hierarchy/tumor_039_tumor_
Copied _x_30976_y_113472.jpg to /home/andreagrandi/bio_project/output_sort_hierarchy/tumor_039_tumor_
Copied _x_37376_y_121152.jpg to /home/andreagrandi/bio_project/output_sort_hierarchy/tumor_039_tumor_
Copied _x_31744_y_110144.jpg to /home/andreagrandi/bio_project/output_sort_hierarchy/tumor_039_tumor_
Copied _x_76800_y_134208.jpg to /home/andreagrandi/bio_project/output_sort_hierarchy/tumor_039_tumor_
Copied _x_58112_y_101952.jpg to /home/andreagrandi/bio_project/output_sort_hierarchy/tumor_039_tumor_
Copied _x_78848_y_128576.jpg to /home/andreagrandi/bio_project/output_sort_hierarchy/tumor_039_tumor_
Copied _x_32000_y_119872.jpg to /home/andreagrandi/bio_project/output_sort_hierarchy/tumor_039_tumor_
Copied _x_65792_y_110400.jpg to /home/andreagrandi/bio_project/output_sort_hierarchy/tumor_039_tumor_
Copied _x_30208_y_113216.jpg to /home/andreagrandi/bio_project/output_sort_hierarchy/tumor_039_tumor_
Copied _x_84224_y_130368.jpg to /home/andreagrandi/bio_project/output_sort_hierarchy/tumor_039_tumor_
Copied _x_41728_y_123456.jpg to /home/andreagrandi/bio_project/output_sort_hierarchy/tumor_039_tumor_
Copied _x_75008_y_132672.jpg to /home/andreagrandi/bio_project/output_sort_hierarchy/tumor_039_tumor_
Copied _x_34304_y_117568.jpg to /home/andreagrandi/bio_project/output_sort_hierarchy/tumor_039_tumor_
Copied _x_8832_y_14784.jpg to /home/andreagrandi/bio_project/output_sort_hierarchy/tumor_039_tumor_
Copied _x_84992_y_132928.jpg to /home/andreagrandi/bio_project/output_sort_hierarchy/tumor_039_tumor_
Copied _x_43264_y_109632.jpg to /home/andreagrandi/bio_project/output_sort_hierarchy/tumor_039_tumor_
Copied _x_44288_y_104512.jpg to /home/andreagrandi/bio_project/output_sort_hierarchy/tumor_039_tumor_
Copied _x_32768_y_119104.jpg to /home/andreagrandi/bio_project/output_sort_hierarchy/tumor_039_tumor_
Copied _x_42752_y_109120.jpg to /home/andreagrandi/bio_project/output_sort_hierarchy/tumor_039_tumor_
Copied _x_49152_y_106048.jpg to /home/andreagrandi/bio_project/output_sort_hierarchy/tumor_039_tumor_
Copied _x_59904_y_111424.jpg to /home/andreagrandi/bio_project/output_sort_hierarchy/tumor_039_tumor_
Copied _x_65536_y_112704.jpg to /home/andreagrandi/bio_project/output_sort_hierarchy/tumor_039_tumor_
Copied _x_58368_y_104768.jpg to /home/andreagrandi/bio_project/output_sort_hierarchy/tumor_039_tumor_
Copied _x_79616_y_132416.jpg to /home/andreagrandi/bio_project/output_sort_hierarchy/tumor_039_tumor_
Copied _x_52736_y_105536.jpg to /home/andreagrandi/bio_project/output_sort_hierarchy/tumor_039_tumor_
Copied _x_80320_y_20928.jpg to /home/andreagrandi/bio_project/output_sort_hierarchy/tumor_039_tumor_
Copied _x_59392_y_103744.jpg to /home/andreagrandi/bio_project/output_sort_hierarchy/tumor_039_tumor_
Copied _x_63488_y_117824.jpg to /home/andreagrandi/bio_project/output_sort_hierarchy/tumor_039_tumor_
Copied _x_79616_y_130368.jpg to /home/andreagrandi/bio_project/output_sort_hierarchy/tumor_039_tumor_
Copied _x_49408_y_101696.jpg to /home/andreagrandi/bio_project/output_sort_hierarchy/tumor_039_tumor_
submitit INFO (2025-01-17 16:36:05,223) - Job completed successfully
submitit INFO (2025-01-17 16:36:05,223) - Exiting after successful completion
