submitit INFO (2025-01-17 16:36:09,647) - Starting with JobEnvironment(job_id=1488, hostname=lab01, local_rank=0(1), node=0(1), global_rank=0(1))
submitit INFO (2025-01-17 16:36:09,647) - Loading pickle: /home/andreagrandi/bio_project/preprocessing/LOGFOLDER/1488/1488_submitted.pkl
Copied _x_27648_y_154112.jpg to /home/andreagrandi/bio_project/output_sort_hierarchy/normal_098_normal_
Copied _x_48576_y_123264.jpg to /home/andreagrandi/bio_project/output_sort_hierarchy/normal_098_normal_
Copied _x_25600_y_144384.jpg to /home/andreagrandi/bio_project/output_sort_hierarchy/normal_098_normal_
Copied _x_32512_y_150272.jpg to /home/andreagrandi/bio_project/output_sort_hierarchy/normal_098_normal_
Copied _x_76864_y_100416.jpg to /home/andreagrandi/bio_project/output_sort_hierarchy/normal_098_normal_
Copied _x_47808_y_119424.jpg to /home/andreagrandi/bio_project/output_sort_hierarchy/normal_098_normal_
Copied _x_30464_y_146432.jpg to /home/andreagrandi/bio_project/output_sort_hierarchy/normal_098_normal_
Copied _x_80960_y_108096.jpg to /home/andreagrandi/bio_project/output_sort_hierarchy/normal_098_normal_
Copied _x_42176_y_119936.jpg to /home/andreagrandi/bio_project/output_sort_hierarchy/normal_098_normal_
Copied _x_42176_y_110720.jpg to /home/andreagrandi/bio_project/output_sort_hierarchy/normal_098_normal_
Copied _x_38592_y_110976.jpg to /home/andreagrandi/bio_project/output_sort_hierarchy/normal_098_normal_
Copied _x_63424_y_137088.jpg to /home/andreagrandi/bio_project/output_sort_hierarchy/normal_098_normal_
Copied _x_55488_y_124800.jpg to /home/andreagrandi/bio_project/output_sort_hierarchy/normal_098_normal_
Copied _x_29184_y_148224.jpg to /home/andreagrandi/bio_project/output_sort_hierarchy/normal_098_normal_
Copied _x_60352_y_131712.jpg to /home/andreagrandi/bio_project/output_sort_hierarchy/normal_098_normal_
Copied _x_42688_y_114304.jpg to /home/andreagrandi/bio_project/output_sort_hierarchy/normal_098_normal_
Copied _x_53952_y_123520.jpg to /home/andreagrandi/bio_project/output_sort_hierarchy/normal_098_normal_
Copied _x_83008_y_99136.jpg to /home/andreagrandi/bio_project/output_sort_hierarchy/normal_098_normal_
Copied _x_44736_y_122496.jpg to /home/andreagrandi/bio_project/output_sort_hierarchy/normal_098_normal_
Copied _x_80192_y_100672.jpg to /home/andreagrandi/bio_project/output_sort_hierarchy/normal_098_normal_
Copied _x_62912_y_134528.jpg to /home/andreagrandi/bio_project/output_sort_hierarchy/normal_098_normal_
Copied _x_75072_y_97856.jpg to /home/andreagrandi/bio_project/output_sort_hierarchy/normal_098_normal_
Copied _x_30464_y_148736.jpg to /home/andreagrandi/bio_project/output_sort_hierarchy/normal_098_normal_
Copied _x_85312_y_103488.jpg to /home/andreagrandi/bio_project/output_sort_hierarchy/normal_098_normal_
Copied _x_54464_y_123264.jpg to /home/andreagrandi/bio_project/output_sort_hierarchy/normal_098_normal_
Copied _x_30720_y_140544.jpg to /home/andreagrandi/bio_project/output_sort_hierarchy/normal_098_normal_
Copied _x_50624_y_122496.jpg to /home/andreagrandi/bio_project/output_sort_hierarchy/normal_098_normal_
Copied _x_81216_y_101696.jpg to /home/andreagrandi/bio_project/output_sort_hierarchy/normal_098_normal_
Copied _x_59840_y_132224.jpg to /home/andreagrandi/bio_project/output_sort_hierarchy/normal_098_normal_
Copied _x_65216_y_134016.jpg to /home/andreagrandi/bio_project/output_sort_hierarchy/normal_098_normal_
Copied _x_26112_y_147712.jpg to /home/andreagrandi/bio_project/output_sort_hierarchy/normal_098_normal_
Copied _x_37824_y_113536.jpg to /home/andreagrandi/bio_project/output_sort_hierarchy/normal_098_normal_
Copied _x_78656_y_107840.jpg to /home/andreagrandi/bio_project/output_sort_hierarchy/normal_098_normal_
Copied _x_56256_y_132480.jpg to /home/andreagrandi/bio_project/output_sort_hierarchy/normal_098_normal_
Copied _x_32512_y_149760.jpg to /home/andreagrandi/bio_project/output_sort_hierarchy/normal_098_normal_
Copied _x_42944_y_119680.jpg to /home/andreagrandi/bio_project/output_sort_hierarchy/normal_098_normal_
Copied _x_65984_y_135808.jpg to /home/andreagrandi/bio_project/output_sort_hierarchy/normal_098_normal_
Copied _x_63936_y_136064.jpg to /home/andreagrandi/bio_project/output_sort_hierarchy/normal_098_normal_
Copied _x_56000_y_122752.jpg to /home/andreagrandi/bio_project/output_sort_hierarchy/normal_098_normal_
Copied _x_26880_y_151040.jpg to /home/andreagrandi/bio_project/output_sort_hierarchy/normal_098_normal_
Copied _x_27904_y_139520.jpg to /home/andreagrandi/bio_project/output_sort_hierarchy/normal_098_normal_
Copied _x_30720_y_143104.jpg to /home/andreagrandi/bio_project/output_sort_hierarchy/normal_098_normal_
Copied _x_44992_y_123008.jpg to /home/andreagrandi/bio_project/output_sort_hierarchy/normal_098_normal_
Copied _x_37824_y_116096.jpg to /home/andreagrandi/bio_project/output_sort_hierarchy/normal_098_normal_
Copied _x_68288_y_132992.jpg to /home/andreagrandi/bio_project/output_sort_hierarchy/normal_098_normal_
Copied _x_52928_y_119168.jpg to /home/andreagrandi/bio_project/output_sort_hierarchy/normal_098_normal_
Copied _x_57792_y_126592.jpg to /home/andreagrandi/bio_project/output_sort_hierarchy/normal_098_normal_
Copied _x_82752_y_101696.jpg to /home/andreagrandi/bio_project/output_sort_hierarchy/normal_098_normal_
Copied _x_26624_y_144640.jpg to /home/andreagrandi/bio_project/output_sort_hierarchy/normal_098_normal_
Copied _x_28416_y_135680.jpg to /home/andreagrandi/bio_project/output_sort_hierarchy/normal_098_normal_
Copied _x_29440_y_153600.jpg to /home/andreagrandi/bio_project/output_sort_hierarchy/normal_098_normal_
Copied _x_58048_y_131712.jpg to /home/andreagrandi/bio_project/output_sort_hierarchy/normal_098_normal_
Copied _x_56000_y_123264.jpg to /home/andreagrandi/bio_project/output_sort_hierarchy/normal_098_normal_
Copied _x_52160_y_120448.jpg to /home/andreagrandi/bio_project/output_sort_hierarchy/normal_098_normal_
Copied _x_41408_y_115584.jpg to /home/andreagrandi/bio_project/output_sort_hierarchy/normal_098_normal_
Copied _x_29952_y_156416.jpg to /home/andreagrandi/bio_project/output_sort_hierarchy/normal_098_normal_
Copied _x_39872_y_120448.jpg to /home/andreagrandi/bio_project/output_sort_hierarchy/normal_098_normal_
Copied _x_62656_y_137600.jpg to /home/andreagrandi/bio_project/output_sort_hierarchy/normal_098_normal_
Copied _x_29952_y_147200.jpg to /home/andreagrandi/bio_project/output_sort_hierarchy/normal_098_normal_
Copied _x_28672_y_154112.jpg to /home/andreagrandi/bio_project/output_sort_hierarchy/normal_098_normal_
Copied _x_84544_y_105536.jpg to /home/andreagrandi/bio_project/output_sort_hierarchy/normal_098_normal_
Copied _x_74816_y_99392.jpg to /home/andreagrandi/bio_project/output_sort_hierarchy/normal_098_normal_
Copied _x_54208_y_125056.jpg to /home/andreagrandi/bio_project/output_sort_hierarchy/normal_098_normal_
Copied _x_43712_y_118656.jpg to /home/andreagrandi/bio_project/output_sort_hierarchy/normal_098_normal_
Copied _x_43968_y_121216.jpg to /home/andreagrandi/bio_project/output_sort_hierarchy/normal_098_normal_
Copied _x_44480_y_115072.jpg to /home/andreagrandi/bio_project/output_sort_hierarchy/normal_098_normal_
Copied _x_49856_y_132480.jpg to /home/andreagrandi/bio_project/output_sort_hierarchy/normal_098_normal_
Copied _x_43968_y_116096.jpg to /home/andreagrandi/bio_project/output_sort_hierarchy/normal_098_normal_
Copied _x_43200_y_122752.jpg to /home/andreagrandi/bio_project/output_sort_hierarchy/normal_098_normal_
Copied _x_58560_y_130432.jpg to /home/andreagrandi/bio_project/output_sort_hierarchy/normal_098_normal_
Copied _x_48064_y_130944.jpg to /home/andreagrandi/bio_project/output_sort_hierarchy/normal_098_normal_
Copied _x_42944_y_118144.jpg to /home/andreagrandi/bio_project/output_sort_hierarchy/normal_098_normal_
Copied _x_61632_y_135040.jpg to /home/andreagrandi/bio_project/output_sort_hierarchy/normal_098_normal_
Copied _x_30976_y_134784.jpg to /home/andreagrandi/bio_project/output_sort_hierarchy/normal_098_normal_
Copied _x_51136_y_118400.jpg to /home/andreagrandi/bio_project/output_sort_hierarchy/normal_098_normal_
Copied _x_72768_y_99648.jpg to /home/andreagrandi/bio_project/output_sort_hierarchy/normal_098_normal_
Copied _x_26112_y_143360.jpg to /home/andreagrandi/bio_project/output_sort_hierarchy/normal_098_normal_
Copied _x_74048_y_99136.jpg to /home/andreagrandi/bio_project/output_sort_hierarchy/normal_098_normal_
Copied _x_64192_y_132224.jpg to /home/andreagrandi/bio_project/output_sort_hierarchy/normal_098_normal_
Copied _x_83776_y_98368.jpg to /home/andreagrandi/bio_project/output_sort_hierarchy/normal_098_normal_
Copied _x_84032_y_100672.jpg to /home/andreagrandi/bio_project/output_sort_hierarchy/normal_098_normal_
Copied _x_83520_y_102464.jpg to /home/andreagrandi/bio_project/output_sort_hierarchy/normal_098_normal_
Copied _x_64448_y_135808.jpg to /home/andreagrandi/bio_project/output_sort_hierarchy/normal_098_normal_
Copied _x_32000_y_148224.jpg to /home/andreagrandi/bio_project/output_sort_hierarchy/normal_098_normal_
Copied _x_25856_y_141312.jpg to /home/andreagrandi/bio_project/output_sort_hierarchy/normal_098_normal_
Copied _x_78656_y_101952.jpg to /home/andreagrandi/bio_project/output_sort_hierarchy/normal_098_normal_
Copied _x_46016_y_122496.jpg to /home/andreagrandi/bio_project/output_sort_hierarchy/normal_098_normal_
Copied _x_32256_y_155392.jpg to /home/andreagrandi/bio_project/output_sort_hierarchy/normal_098_normal_
Copied _x_48064_y_124544.jpg to /home/andreagrandi/bio_project/output_sort_hierarchy/normal_098_normal_
Copied _x_28928_y_148992.jpg to /home/andreagrandi/bio_project/output_sort_hierarchy/normal_098_normal_
Copied _x_77888_y_99392.jpg to /home/andreagrandi/bio_project/output_sort_hierarchy/normal_098_normal_
Copied _x_33024_y_147712.jpg to /home/andreagrandi/bio_project/output_sort_hierarchy/normal_098_normal_
Copied _x_55232_y_123776.jpg to /home/andreagrandi/bio_project/output_sort_hierarchy/normal_098_normal_
Copied _x_63168_y_136576.jpg to /home/andreagrandi/bio_project/output_sort_hierarchy/normal_098_normal_
Copied _x_56256_y_130432.jpg to /home/andreagrandi/bio_project/output_sort_hierarchy/normal_098_normal_
Copied _x_80448_y_102464.jpg to /home/andreagrandi/bio_project/output_sort_hierarchy/normal_098_normal_
Copied _x_58560_y_128384.jpg to /home/andreagrandi/bio_project/output_sort_hierarchy/normal_098_normal_
Copied _x_63424_y_133504.jpg to /home/andreagrandi/bio_project/output_sort_hierarchy/normal_098_normal_
Copied _x_46272_y_123776.jpg to /home/andreagrandi/bio_project/output_sort_hierarchy/normal_098_normal_
Copied _x_52928_y_123264.jpg to /home/andreagrandi/bio_project/output_sort_hierarchy/normal_098_normal_
submitit INFO (2025-01-17 16:36:09,663) - Job completed successfully
submitit INFO (2025-01-17 16:36:09,663) - Exiting after successful completion
