submitit INFO (2025-01-17 16:36:09,230) - Starting with JobEnvironment(job_id=1484, hostname=lab01, local_rank=0(1), node=0(1), global_rank=0(1))
submitit INFO (2025-01-17 16:36:09,230) - Loading pickle: /home/andreagrandi/bio_project/preprocessing/LOGFOLDER/1484/1484_submitted.pkl
Copied _x_63808_y_138688.jpg to /home/andreagrandi/bio_project/output_sort_hierarchy/normal_093_normal_
Copied _x_32704_y_116992.jpg to /home/andreagrandi/bio_project/output_sort_hierarchy/normal_093_normal_
Copied _x_86016_y_143936.jpg to /home/andreagrandi/bio_project/output_sort_hierarchy/normal_093_normal_
Copied _x_69440_y_141248.jpg to /home/andreagrandi/bio_project/output_sort_hierarchy/normal_093_normal_
Copied _x_86272_y_144448.jpg to /home/andreagrandi/bio_project/output_sort_hierarchy/normal_093_normal_
Copied _x_34944_y_159232.jpg to /home/andreagrandi/bio_project/output_sort_hierarchy/normal_093_normal_
Copied _x_75776_y_138816.jpg to /home/andreagrandi/bio_project/output_sort_hierarchy/normal_093_normal_
Copied _x_18624_y_122112.jpg to /home/andreagrandi/bio_project/output_sort_hierarchy/normal_093_normal_
Copied _x_76800_y_153152.jpg to /home/andreagrandi/bio_project/output_sort_hierarchy/normal_093_normal_
Copied _x_78848_y_163392.jpg to /home/andreagrandi/bio_project/output_sort_hierarchy/normal_093_normal_
Copied _x_62784_y_130752.jpg to /home/andreagrandi/bio_project/output_sort_hierarchy/normal_093_normal_
Copied _x_55360_y_147648.jpg to /home/andreagrandi/bio_project/output_sort_hierarchy/normal_093_normal_
Copied _x_32640_y_163072.jpg to /home/andreagrandi/bio_project/output_sort_hierarchy/normal_093_normal_
Copied _x_53568_y_145856.jpg to /home/andreagrandi/bio_project/output_sort_hierarchy/normal_093_normal_
Copied _x_57344_y_108608.jpg to /home/andreagrandi/bio_project/output_sort_hierarchy/normal_093_normal_
Copied _x_73088_y_110656.jpg to /home/andreagrandi/bio_project/output_sort_hierarchy/normal_093_normal_
Copied _x_58688_y_132288.jpg to /home/andreagrandi/bio_project/output_sort_hierarchy/normal_093_normal_
Copied _x_63808_y_128704.jpg to /home/andreagrandi/bio_project/output_sort_hierarchy/normal_093_normal_
Copied _x_57664_y_145344.jpg to /home/andreagrandi/bio_project/output_sort_hierarchy/normal_093_normal_
Copied _x_74752_y_155968.jpg to /home/andreagrandi/bio_project/output_sort_hierarchy/normal_093_normal_
Copied _x_57088_y_104512.jpg to /home/andreagrandi/bio_project/output_sort_hierarchy/normal_093_normal_
Copied _x_74496_y_149056.jpg to /home/andreagrandi/bio_project/output_sort_hierarchy/normal_093_normal_
Copied _x_77824_y_144448.jpg to /home/andreagrandi/bio_project/output_sort_hierarchy/normal_093_normal_
Copied _x_87808_y_144192.jpg to /home/andreagrandi/bio_project/output_sort_hierarchy/normal_093_normal_
Copied _x_57344_y_100672.jpg to /home/andreagrandi/bio_project/output_sort_hierarchy/normal_093_normal_
Copied _x_28352_y_121600.jpg to /home/andreagrandi/bio_project/output_sort_hierarchy/normal_093_normal_
Copied _x_75008_y_145984.jpg to /home/andreagrandi/bio_project/output_sort_hierarchy/normal_093_normal_
Copied _x_27840_y_122112.jpg to /home/andreagrandi/bio_project/output_sort_hierarchy/normal_093_normal_
Copied _x_79360_y_138816.jpg to /home/andreagrandi/bio_project/output_sort_hierarchy/normal_093_normal_
Copied _x_27584_y_114688.jpg to /home/andreagrandi/bio_project/output_sort_hierarchy/normal_093_normal_
Copied _x_16576_y_121344.jpg to /home/andreagrandi/bio_project/output_sort_hierarchy/normal_093_normal_
Copied _x_30592_y_163328.jpg to /home/andreagrandi/bio_project/output_sort_hierarchy/normal_093_normal_
Copied _x_18368_y_119552.jpg to /home/andreagrandi/bio_project/output_sort_hierarchy/normal_093_normal_
Copied _x_30848_y_167168.jpg to /home/andreagrandi/bio_project/output_sort_hierarchy/normal_093_normal_
Copied _x_68928_y_134080.jpg to /home/andreagrandi/bio_project/output_sort_hierarchy/normal_093_normal_
Copied _x_30400_y_118016.jpg to /home/andreagrandi/bio_project/output_sort_hierarchy/normal_093_normal_
Copied _x_31360_y_158464.jpg to /home/andreagrandi/bio_project/output_sort_hierarchy/normal_093_normal_
Copied _x_78080_y_144960.jpg to /home/andreagrandi/bio_project/output_sort_hierarchy/normal_093_normal_
Copied _x_72192_y_141120.jpg to /home/andreagrandi/bio_project/output_sort_hierarchy/normal_093_normal_
Copied _x_65344_y_149184.jpg to /home/andreagrandi/bio_project/output_sort_hierarchy/normal_093_normal_
Copied _x_69952_y_136384.jpg to /home/andreagrandi/bio_project/output_sort_hierarchy/normal_093_normal_
Copied _x_76032_y_146496.jpg to /home/andreagrandi/bio_project/output_sort_hierarchy/normal_093_normal_
Copied _x_54336_y_144832.jpg to /home/andreagrandi/bio_project/output_sort_hierarchy/normal_093_normal_
Copied _x_78592_y_159040.jpg to /home/andreagrandi/bio_project/output_sort_hierarchy/normal_093_normal_
Copied _x_67136_y_144064.jpg to /home/andreagrandi/bio_project/output_sort_hierarchy/normal_093_normal_
Copied _x_55360_y_145600.jpg to /home/andreagrandi/bio_project/output_sort_hierarchy/normal_093_normal_
Copied _x_56128_y_137408.jpg to /home/andreagrandi/bio_project/output_sort_hierarchy/normal_093_normal_
Copied _x_33920_y_160512.jpg to /home/andreagrandi/bio_project/output_sort_hierarchy/normal_093_normal_
Copied _x_60224_y_130496.jpg to /home/andreagrandi/bio_project/output_sort_hierarchy/normal_093_normal_
Copied _x_67136_y_135616.jpg to /home/andreagrandi/bio_project/output_sort_hierarchy/normal_093_normal_
Copied _x_60224_y_130240.jpg to /home/andreagrandi/bio_project/output_sort_hierarchy/normal_093_normal_
Copied _x_71552_y_111424.jpg to /home/andreagrandi/bio_project/output_sort_hierarchy/normal_093_normal_
Copied _x_68928_y_130752.jpg to /home/andreagrandi/bio_project/output_sort_hierarchy/normal_093_normal_
Copied _x_51520_y_146368.jpg to /home/andreagrandi/bio_project/output_sort_hierarchy/normal_093_normal_
Copied _x_54784_y_102208.jpg to /home/andreagrandi/bio_project/output_sort_hierarchy/normal_093_normal_
Copied _x_79872_y_152384.jpg to /home/andreagrandi/bio_project/output_sort_hierarchy/normal_093_normal_
Copied _x_48896_y_102720.jpg to /home/andreagrandi/bio_project/output_sort_hierarchy/normal_093_normal_
Copied _x_70720_y_133056.jpg to /home/andreagrandi/bio_project/output_sort_hierarchy/normal_093_normal_
Copied _x_62528_y_142272.jpg to /home/andreagrandi/bio_project/output_sort_hierarchy/normal_093_normal_
Copied _x_54528_y_87104.jpg to /home/andreagrandi/bio_project/output_sort_hierarchy/normal_093_normal_
Copied _x_63808_y_134848.jpg to /home/andreagrandi/bio_project/output_sort_hierarchy/normal_093_normal_
Copied _x_25792_y_121600.jpg to /home/andreagrandi/bio_project/output_sort_hierarchy/normal_093_normal_
Copied _x_84480_y_142656.jpg to /home/andreagrandi/bio_project/output_sort_hierarchy/normal_093_normal_
Copied _x_26240_y_163328.jpg to /home/andreagrandi/bio_project/output_sort_hierarchy/normal_093_normal_
Copied _x_66880_y_129472.jpg to /home/andreagrandi/bio_project/output_sort_hierarchy/normal_093_normal_
Copied _x_72576_y_110912.jpg to /home/andreagrandi/bio_project/output_sort_hierarchy/normal_093_normal_
Copied _x_56128_y_146112.jpg to /home/andreagrandi/bio_project/output_sort_hierarchy/normal_093_normal_
Copied _x_57152_y_138944.jpg to /home/andreagrandi/bio_project/output_sort_hierarchy/normal_093_normal_
Copied _x_51008_y_144576.jpg to /home/andreagrandi/bio_project/output_sort_hierarchy/normal_093_normal_
Copied _x_77824_y_157248.jpg to /home/andreagrandi/bio_project/output_sort_hierarchy/normal_093_normal_
Copied _x_77568_y_149568.jpg to /home/andreagrandi/bio_project/output_sort_hierarchy/normal_093_normal_
Copied _x_77312_y_148800.jpg to /home/andreagrandi/bio_project/output_sort_hierarchy/normal_093_normal_
Copied _x_50752_y_151232.jpg to /home/andreagrandi/bio_project/output_sort_hierarchy/normal_093_normal_
Copied _x_83456_y_149312.jpg to /home/andreagrandi/bio_project/output_sort_hierarchy/normal_093_normal_
Copied _x_37760_y_162560.jpg to /home/andreagrandi/bio_project/output_sort_hierarchy/normal_093_normal_
Copied _x_40576_y_158976.jpg to /home/andreagrandi/bio_project/output_sort_hierarchy/normal_093_normal_
Copied _x_27008_y_163840.jpg to /home/andreagrandi/bio_project/output_sort_hierarchy/normal_093_normal_
Copied _x_32320_y_91712.jpg to /home/andreagrandi/bio_project/output_sort_hierarchy/normal_093_normal_
Copied _x_23936_y_166144.jpg to /home/andreagrandi/bio_project/output_sort_hierarchy/normal_093_normal_
Copied _x_58176_y_134592.jpg to /home/andreagrandi/bio_project/output_sort_hierarchy/normal_093_normal_
Copied _x_26304_y_121600.jpg to /home/andreagrandi/bio_project/output_sort_hierarchy/normal_093_normal_
Copied _x_23744_y_123392.jpg to /home/andreagrandi/bio_project/output_sort_hierarchy/normal_093_normal_
Copied _x_75264_y_137792.jpg to /home/andreagrandi/bio_project/output_sort_hierarchy/normal_093_normal_
Copied _x_73216_y_146240.jpg to /home/andreagrandi/bio_project/output_sort_hierarchy/normal_093_normal_
Copied _x_60992_y_140224.jpg to /home/andreagrandi/bio_project/output_sort_hierarchy/normal_093_normal_
Copied _x_53568_y_143040.jpg to /home/andreagrandi/bio_project/output_sort_hierarchy/normal_093_normal_
Copied _x_36224_y_164352.jpg to /home/andreagrandi/bio_project/output_sort_hierarchy/normal_093_normal_
Copied _x_27072_y_117248.jpg to /home/andreagrandi/bio_project/output_sort_hierarchy/normal_093_normal_
Copied _x_78848_y_143936.jpg to /home/andreagrandi/bio_project/output_sort_hierarchy/normal_093_normal_
Copied _x_62016_y_140224.jpg to /home/andreagrandi/bio_project/output_sort_hierarchy/normal_093_normal_
Copied _x_63296_y_133824.jpg to /home/andreagrandi/bio_project/output_sort_hierarchy/normal_093_normal_
Copied _x_79872_y_142912.jpg to /home/andreagrandi/bio_project/output_sort_hierarchy/normal_093_normal_
Copied _x_75264_y_153920.jpg to /home/andreagrandi/bio_project/output_sort_hierarchy/normal_093_normal_
Copied _x_84736_y_147264.jpg to /home/andreagrandi/bio_project/output_sort_hierarchy/normal_093_normal_
Copied _x_67648_y_146880.jpg to /home/andreagrandi/bio_project/output_sort_hierarchy/normal_093_normal_
Copied _x_50496_y_153280.jpg to /home/andreagrandi/bio_project/output_sort_hierarchy/normal_093_normal_
Copied _x_68416_y_134848.jpg to /home/andreagrandi/bio_project/output_sort_hierarchy/normal_093_normal_
Copied _x_59904_y_103744.jpg to /home/andreagrandi/bio_project/output_sort_hierarchy/normal_093_normal_
Copied _x_61248_y_149696.jpg to /home/andreagrandi/bio_project/output_sort_hierarchy/normal_093_normal_
Copied _x_48960_y_152512.jpg to /home/andreagrandi/bio_project/output_sort_hierarchy/normal_093_normal_
submitit INFO (2025-01-17 16:36:09,245) - Job completed successfully
submitit INFO (2025-01-17 16:36:09,245) - Exiting after successful completion
