submitit INFO (2025-01-17 16:36:08,029) - Starting with JobEnvironment(job_id=1472, hostname=lab01, local_rank=0(1), node=0(1), global_rank=0(1))
submitit INFO (2025-01-17 16:36:08,029) - Loading pickle: /home/andreagrandi/bio_project/preprocessing/LOGFOLDER/1472/1472_submitted.pkl
Copied _x_69632_y_194816.jpg to /home/andreagrandi/bio_project/output_sort_hierarchy/tumor_042_tumor_
Copied _x_30080_y_112512.jpg to /home/andreagrandi/bio_project/output_sort_hierarchy/tumor_042_tumor_
Copied _x_29056_y_111744.jpg to /home/andreagrandi/bio_project/output_sort_hierarchy/tumor_042_tumor_
Copied _x_63744_y_175360.jpg to /home/andreagrandi/bio_project/output_sort_hierarchy/tumor_042_tumor_
Copied _x_32384_y_112768.jpg to /home/andreagrandi/bio_project/output_sort_hierarchy/tumor_042_tumor_
Copied _x_57344_y_158720.jpg to /home/andreagrandi/bio_project/output_sort_hierarchy/tumor_042_tumor_
Copied _x_69376_y_194560.jpg to /home/andreagrandi/bio_project/output_sort_hierarchy/tumor_042_tumor_
Copied _x_75008_y_193280.jpg to /home/andreagrandi/bio_project/output_sort_hierarchy/tumor_042_tumor_
Copied _x_23744_y_144960.jpg to /home/andreagrandi/bio_project/output_sort_hierarchy/tumor_042_tumor_
Copied _x_61952_y_171264.jpg to /home/andreagrandi/bio_project/output_sort_hierarchy/tumor_042_tumor_
Copied _x_64512_y_180736.jpg to /home/andreagrandi/bio_project/output_sort_hierarchy/tumor_042_tumor_
Copied _x_33920_y_113536.jpg to /home/andreagrandi/bio_project/output_sort_hierarchy/tumor_042_tumor_
Copied _x_57600_y_167424.jpg to /home/andreagrandi/bio_project/output_sort_hierarchy/tumor_042_tumor_
Copied _x_61952_y_185344.jpg to /home/andreagrandi/bio_project/output_sort_hierarchy/tumor_042_tumor_
Copied _x_12416_y_93952.jpg to /home/andreagrandi/bio_project/output_sort_hierarchy/tumor_042_tumor_
Copied _x_73216_y_196096.jpg to /home/andreagrandi/bio_project/output_sort_hierarchy/tumor_042_tumor_
Copied _x_73984_y_186624.jpg to /home/andreagrandi/bio_project/output_sort_hierarchy/tumor_042_tumor_
Copied _x_8320_y_92928.jpg to /home/andreagrandi/bio_project/output_sort_hierarchy/tumor_042_tumor_
Copied _x_24000_y_150336.jpg to /home/andreagrandi/bio_project/output_sort_hierarchy/tumor_042_tumor_
Copied _x_31936_y_158272.jpg to /home/andreagrandi/bio_project/output_sort_hierarchy/tumor_042_tumor_
Copied _x_63232_y_182784.jpg to /home/andreagrandi/bio_project/output_sort_hierarchy/tumor_042_tumor_
Copied _x_79616_y_192512.jpg to /home/andreagrandi/bio_project/output_sort_hierarchy/tumor_042_tumor_
Copied _x_31872_y_117120.jpg to /home/andreagrandi/bio_project/output_sort_hierarchy/tumor_042_tumor_
Copied _x_75776_y_192512.jpg to /home/andreagrandi/bio_project/output_sort_hierarchy/tumor_042_tumor_
Copied _x_32896_y_126592.jpg to /home/andreagrandi/bio_project/output_sort_hierarchy/tumor_042_tumor_
Copied _x_26880_y_176192.jpg to /home/andreagrandi/bio_project/output_sort_hierarchy/tumor_042_tumor_
Copied _x_28800_y_119168.jpg to /home/andreagrandi/bio_project/output_sort_hierarchy/tumor_042_tumor_
Copied _x_70912_y_193024.jpg to /home/andreagrandi/bio_project/output_sort_hierarchy/tumor_042_tumor_
Copied _x_31168_y_155456.jpg to /home/andreagrandi/bio_project/output_sort_hierarchy/tumor_042_tumor_
Copied _x_30912_y_164160.jpg to /home/andreagrandi/bio_project/output_sort_hierarchy/tumor_042_tumor_
Copied _x_22720_y_142912.jpg to /home/andreagrandi/bio_project/output_sort_hierarchy/tumor_042_tumor_
Copied _x_17024_y_185984.jpg to /home/andreagrandi/bio_project/output_sort_hierarchy/tumor_042_tumor_
Copied _x_64256_y_186368.jpg to /home/andreagrandi/bio_project/output_sort_hierarchy/tumor_042_tumor_
Copied _x_56320_y_154368.jpg to /home/andreagrandi/bio_project/output_sort_hierarchy/tumor_042_tumor_
Copied _x_37760_y_110720.jpg to /home/andreagrandi/bio_project/output_sort_hierarchy/tumor_042_tumor_
Copied _x_35200_y_113536.jpg to /home/andreagrandi/bio_project/output_sort_hierarchy/tumor_042_tumor_
Copied _x_31872_y_117376.jpg to /home/andreagrandi/bio_project/output_sort_hierarchy/tumor_042_tumor_
Copied _x_28096_y_149824.jpg to /home/andreagrandi/bio_project/output_sort_hierarchy/tumor_042_tumor_
Copied _x_12928_y_92416.jpg to /home/andreagrandi/bio_project/output_sort_hierarchy/tumor_042_tumor_
Copied _x_29376_y_152384.jpg to /home/andreagrandi/bio_project/output_sort_hierarchy/tumor_042_tumor_
Copied _x_4224_y_89600.jpg to /home/andreagrandi/bio_project/output_sort_hierarchy/tumor_042_tumor_
Copied _x_54272_y_155904.jpg to /home/andreagrandi/bio_project/output_sort_hierarchy/tumor_042_tumor_
Copied _x_37760_y_117376.jpg to /home/andreagrandi/bio_project/output_sort_hierarchy/tumor_042_tumor_
Copied _x_29312_y_117632.jpg to /home/andreagrandi/bio_project/output_sort_hierarchy/tumor_042_tumor_
Copied _x_23488_y_154176.jpg to /home/andreagrandi/bio_project/output_sort_hierarchy/tumor_042_tumor_
Copied _x_72448_y_197888.jpg to /home/andreagrandi/bio_project/output_sort_hierarchy/tumor_042_tumor_
Copied _x_30336_y_116096.jpg to /home/andreagrandi/bio_project/output_sort_hierarchy/tumor_042_tumor_
Copied _x_24512_y_148800.jpg to /home/andreagrandi/bio_project/output_sort_hierarchy/tumor_042_tumor_
Copied _x_31424_y_155200.jpg to /home/andreagrandi/bio_project/output_sort_hierarchy/tumor_042_tumor_
Copied _x_5760_y_88320.jpg to /home/andreagrandi/bio_project/output_sort_hierarchy/tumor_042_tumor_
Copied _x_61696_y_169728.jpg to /home/andreagrandi/bio_project/output_sort_hierarchy/tumor_042_tumor_
Copied _x_7296_y_88576.jpg to /home/andreagrandi/bio_project/output_sort_hierarchy/tumor_042_tumor_
Copied _x_64256_y_181504.jpg to /home/andreagrandi/bio_project/output_sort_hierarchy/tumor_042_tumor_
Copied _x_54784_y_152320.jpg to /home/andreagrandi/bio_project/output_sort_hierarchy/tumor_042_tumor_
Copied _x_74496_y_196352.jpg to /home/andreagrandi/bio_project/output_sort_hierarchy/tumor_042_tumor_
Copied _x_56320_y_164096.jpg to /home/andreagrandi/bio_project/output_sort_hierarchy/tumor_042_tumor_
Copied _x_58368_y_170496.jpg to /home/andreagrandi/bio_project/output_sort_hierarchy/tumor_042_tumor_
Copied _x_21184_y_140096.jpg to /home/andreagrandi/bio_project/output_sort_hierarchy/tumor_042_tumor_
Copied _x_64512_y_190464.jpg to /home/andreagrandi/bio_project/output_sort_hierarchy/tumor_042_tumor_
Copied _x_13184_y_96768.jpg to /home/andreagrandi/bio_project/output_sort_hierarchy/tumor_042_tumor_
Copied _x_6528_y_91904.jpg to /home/andreagrandi/bio_project/output_sort_hierarchy/tumor_042_tumor_
Copied _x_60416_y_171776.jpg to /home/andreagrandi/bio_project/output_sort_hierarchy/tumor_042_tumor_
Copied _x_73984_y_191488.jpg to /home/andreagrandi/bio_project/output_sort_hierarchy/tumor_042_tumor_
Copied _x_25792_y_153920.jpg to /home/andreagrandi/bio_project/output_sort_hierarchy/tumor_042_tumor_
Copied _x_17024_y_189056.jpg to /home/andreagrandi/bio_project/output_sort_hierarchy/tumor_042_tumor_
Copied _x_6528_y_89856.jpg to /home/andreagrandi/bio_project/output_sort_hierarchy/tumor_042_tumor_
Copied _x_70656_y_196608.jpg to /home/andreagrandi/bio_project/output_sort_hierarchy/tumor_042_tumor_
Copied _x_37504_y_115328.jpg to /home/andreagrandi/bio_project/output_sort_hierarchy/tumor_042_tumor_
Copied _x_9088_y_92672.jpg to /home/andreagrandi/bio_project/output_sort_hierarchy/tumor_042_tumor_
Copied _x_79360_y_192768.jpg to /home/andreagrandi/bio_project/output_sort_hierarchy/tumor_042_tumor_
Copied _x_36736_y_116096.jpg to /home/andreagrandi/bio_project/output_sort_hierarchy/tumor_042_tumor_
Copied _x_57344_y_172032.jpg to /home/andreagrandi/bio_project/output_sort_hierarchy/tumor_042_tumor_
Copied _x_23744_y_156224.jpg to /home/andreagrandi/bio_project/output_sort_hierarchy/tumor_042_tumor_
Copied _x_34432_y_112768.jpg to /home/andreagrandi/bio_project/output_sort_hierarchy/tumor_042_tumor_
Copied _x_31936_y_153408.jpg to /home/andreagrandi/bio_project/output_sort_hierarchy/tumor_042_tumor_
Copied _x_30656_y_162112.jpg to /home/andreagrandi/bio_project/output_sort_hierarchy/tumor_042_tumor_
Copied _x_35200_y_129664.jpg to /home/andreagrandi/bio_project/output_sort_hierarchy/tumor_042_tumor_
Copied _x_13440_y_96768.jpg to /home/andreagrandi/bio_project/output_sort_hierarchy/tumor_042_tumor_
Copied _x_67840_y_191744.jpg to /home/andreagrandi/bio_project/output_sort_hierarchy/tumor_042_tumor_
Copied _x_70144_y_193792.jpg to /home/andreagrandi/bio_project/output_sort_hierarchy/tumor_042_tumor_
Copied _x_40576_y_119424.jpg to /home/andreagrandi/bio_project/output_sort_hierarchy/tumor_042_tumor_
Copied _x_7040_y_91648.jpg to /home/andreagrandi/bio_project/output_sort_hierarchy/tumor_042_tumor_
Copied _x_23488_y_148800.jpg to /home/andreagrandi/bio_project/output_sort_hierarchy/tumor_042_tumor_
Copied _x_21184_y_140352.jpg to /home/andreagrandi/bio_project/output_sort_hierarchy/tumor_042_tumor_
Copied _x_29632_y_163648.jpg to /home/andreagrandi/bio_project/output_sort_hierarchy/tumor_042_tumor_
Copied _x_54272_y_150272.jpg to /home/andreagrandi/bio_project/output_sort_hierarchy/tumor_042_tumor_
Copied _x_9856_y_85760.jpg to /home/andreagrandi/bio_project/output_sort_hierarchy/tumor_042_tumor_
Copied _x_12160_y_93440.jpg to /home/andreagrandi/bio_project/output_sort_hierarchy/tumor_042_tumor_
Copied _x_34432_y_115328.jpg to /home/andreagrandi/bio_project/output_sort_hierarchy/tumor_042_tumor_
Copied _x_40320_y_114304.jpg to /home/andreagrandi/bio_project/output_sort_hierarchy/tumor_042_tumor_
Copied _x_10880_y_95744.jpg to /home/andreagrandi/bio_project/output_sort_hierarchy/tumor_042_tumor_
Copied _x_58368_y_167936.jpg to /home/andreagrandi/bio_project/output_sort_hierarchy/tumor_042_tumor_
Copied _x_67840_y_185344.jpg to /home/andreagrandi/bio_project/output_sort_hierarchy/tumor_042_tumor_
Copied _x_7040_y_91136.jpg to /home/andreagrandi/bio_project/output_sort_hierarchy/tumor_042_tumor_
Copied _x_25024_y_156224.jpg to /home/andreagrandi/bio_project/output_sort_hierarchy/tumor_042_tumor_
Copied _x_27904_y_178496.jpg to /home/andreagrandi/bio_project/output_sort_hierarchy/tumor_042_tumor_
Copied _x_55040_y_152832.jpg to /home/andreagrandi/bio_project/output_sort_hierarchy/tumor_042_tumor_
Copied _x_31872_y_116608.jpg to /home/andreagrandi/bio_project/output_sort_hierarchy/tumor_042_tumor_
Copied _x_62976_y_178688.jpg to /home/andreagrandi/bio_project/output_sort_hierarchy/tumor_042_tumor_
Copied _x_29312_y_123520.jpg to /home/andreagrandi/bio_project/output_sort_hierarchy/tumor_042_tumor_
submitit INFO (2025-01-17 16:36:08,044) - Job completed successfully
submitit INFO (2025-01-17 16:36:08,045) - Exiting after successful completion
