submitit INFO (2025-01-17 16:36:08,835) - Starting with JobEnvironment(job_id=1480, hostname=lab01, local_rank=0(1), node=0(1), global_rank=0(1))
submitit INFO (2025-01-17 16:36:08,835) - Loading pickle: /home/andreagrandi/bio_project/preprocessing/LOGFOLDER/1480/1480_submitted.pkl
Copied _x_43456_y_135104.jpg to /home/andreagrandi/bio_project/output_sort_hierarchy/normal_100_normal_
Copied _x_68800_y_125120.jpg to /home/andreagrandi/bio_project/output_sort_hierarchy/normal_100_normal_
Copied _x_72192_y_165120.jpg to /home/andreagrandi/bio_project/output_sort_hierarchy/normal_100_normal_
Copied _x_65024_y_176640.jpg to /home/andreagrandi/bio_project/output_sort_hierarchy/normal_100_normal_
Copied _x_46336_y_161280.jpg to /home/andreagrandi/bio_project/output_sort_hierarchy/normal_100_normal_
Copied _x_64704_y_135872.jpg to /home/andreagrandi/bio_project/output_sort_hierarchy/normal_100_normal_
Copied _x_72448_y_182016.jpg to /home/andreagrandi/bio_project/output_sort_hierarchy/normal_100_normal_
Copied _x_56320_y_169472.jpg to /home/andreagrandi/bio_project/output_sort_hierarchy/normal_100_normal_
Copied _x_60672_y_181248.jpg to /home/andreagrandi/bio_project/output_sort_hierarchy/normal_100_normal_
Copied _x_68352_y_173568.jpg to /home/andreagrandi/bio_project/output_sort_hierarchy/normal_100_normal_
Copied _x_51712_y_170240.jpg to /home/andreagrandi/bio_project/output_sort_hierarchy/normal_100_normal_
Copied _x_59840_y_147648.jpg to /home/andreagrandi/bio_project/output_sort_hierarchy/normal_100_normal_
Copied _x_45056_y_153344.jpg to /home/andreagrandi/bio_project/output_sort_hierarchy/normal_100_normal_
Copied _x_57088_y_164096.jpg to /home/andreagrandi/bio_project/output_sort_hierarchy/normal_100_normal_
Copied _x_72128_y_127680.jpg to /home/andreagrandi/bio_project/output_sort_hierarchy/normal_100_normal_
Copied _x_52992_y_173568.jpg to /home/andreagrandi/bio_project/output_sort_hierarchy/normal_100_normal_
Copied _x_70400_y_185344.jpg to /home/andreagrandi/bio_project/output_sort_hierarchy/normal_100_normal_
Copied _x_52736_y_161024.jpg to /home/andreagrandi/bio_project/output_sort_hierarchy/normal_100_normal_
Copied _x_51136_y_144576.jpg to /home/andreagrandi/bio_project/output_sort_hierarchy/normal_100_normal_
Copied _x_55808_y_155392.jpg to /home/andreagrandi/bio_project/output_sort_hierarchy/normal_100_normal_
Copied _x_63680_y_135104.jpg to /home/andreagrandi/bio_project/output_sort_hierarchy/normal_100_normal_
Copied _x_58368_y_166144.jpg to /home/andreagrandi/bio_project/output_sort_hierarchy/normal_100_normal_
Copied _x_41152_y_142272.jpg to /home/andreagrandi/bio_project/output_sort_hierarchy/normal_100_normal_
Copied _x_60096_y_131008.jpg to /home/andreagrandi/bio_project/output_sort_hierarchy/normal_100_normal_
Copied _x_72960_y_173824.jpg to /home/andreagrandi/bio_project/output_sort_hierarchy/normal_100_normal_
Copied _x_67072_y_185600.jpg to /home/andreagrandi/bio_project/output_sort_hierarchy/normal_100_normal_
Copied _x_39424_y_164864.jpg to /home/andreagrandi/bio_project/output_sort_hierarchy/normal_100_normal_
Copied _x_55488_y_124352.jpg to /home/andreagrandi/bio_project/output_sort_hierarchy/normal_100_normal_
Copied _x_71680_y_177920.jpg to /home/andreagrandi/bio_project/output_sort_hierarchy/normal_100_normal_
Copied _x_66240_y_140992.jpg to /home/andreagrandi/bio_project/output_sort_hierarchy/normal_100_normal_
Copied _x_73984_y_170240.jpg to /home/andreagrandi/bio_project/output_sort_hierarchy/normal_100_normal_
Copied _x_52160_y_142272.jpg to /home/andreagrandi/bio_project/output_sort_hierarchy/normal_100_normal_
Copied _x_56000_y_123328.jpg to /home/andreagrandi/bio_project/output_sort_hierarchy/normal_100_normal_
Copied _x_58368_y_175872.jpg to /home/andreagrandi/bio_project/output_sort_hierarchy/normal_100_normal_
Copied _x_51968_y_164864.jpg to /home/andreagrandi/bio_project/output_sort_hierarchy/normal_100_normal_
Copied _x_53504_y_160768.jpg to /home/andreagrandi/bio_project/output_sort_hierarchy/normal_100_normal_
Copied _x_52736_y_163072.jpg to /home/andreagrandi/bio_project/output_sort_hierarchy/normal_100_normal_
Copied _x_48064_y_126912.jpg to /home/andreagrandi/bio_project/output_sort_hierarchy/normal_100_normal_
Copied _x_38656_y_164352.jpg to /home/andreagrandi/bio_project/output_sort_hierarchy/normal_100_normal_
Copied _x_66240_y_137408.jpg to /home/andreagrandi/bio_project/output_sort_hierarchy/normal_100_normal_
Copied _x_66304_y_181504.jpg to /home/andreagrandi/bio_project/output_sort_hierarchy/normal_100_normal_
Copied _x_66240_y_134080.jpg to /home/andreagrandi/bio_project/output_sort_hierarchy/normal_100_normal_
Copied _x_46784_y_129216.jpg to /home/andreagrandi/bio_project/output_sort_hierarchy/normal_100_normal_
Copied _x_76736_y_128448.jpg to /home/andreagrandi/bio_project/output_sort_hierarchy/normal_100_normal_
Copied _x_65792_y_165120.jpg to /home/andreagrandi/bio_project/output_sort_hierarchy/normal_100_normal_
Copied _x_65216_y_138944.jpg to /home/andreagrandi/bio_project/output_sort_hierarchy/normal_100_normal_
Copied _x_56576_y_168192.jpg to /home/andreagrandi/bio_project/output_sort_hierarchy/normal_100_normal_
Copied _x_59840_y_146880.jpg to /home/andreagrandi/bio_project/output_sort_hierarchy/normal_100_normal_
Copied _x_59584_y_128448.jpg to /home/andreagrandi/bio_project/output_sort_hierarchy/normal_100_normal_
Copied _x_68288_y_135360.jpg to /home/andreagrandi/bio_project/output_sort_hierarchy/normal_100_normal_
Copied _x_60608_y_147136.jpg to /home/andreagrandi/bio_project/output_sort_hierarchy/normal_100_normal_
Copied _x_67520_y_144576.jpg to /home/andreagrandi/bio_project/output_sort_hierarchy/normal_100_normal_
Copied _x_39616_y_138432.jpg to /home/andreagrandi/bio_project/output_sort_hierarchy/normal_100_normal_
Copied _x_69888_y_179456.jpg to /home/andreagrandi/bio_project/output_sort_hierarchy/normal_100_normal_
Copied _x_59392_y_167936.jpg to /home/andreagrandi/bio_project/output_sort_hierarchy/normal_100_normal_
Copied _x_54272_y_174592.jpg to /home/andreagrandi/bio_project/output_sort_hierarchy/normal_100_normal_
Copied _x_53248_y_174592.jpg to /home/andreagrandi/bio_project/output_sort_hierarchy/normal_100_normal_
Copied _x_74496_y_164608.jpg to /home/andreagrandi/bio_project/output_sort_hierarchy/normal_100_normal_
Copied _x_43200_y_136128.jpg to /home/andreagrandi/bio_project/output_sort_hierarchy/normal_100_normal_
Copied _x_60352_y_138432.jpg to /home/andreagrandi/bio_project/output_sort_hierarchy/normal_100_normal_
Copied _x_49856_y_141504.jpg to /home/andreagrandi/bio_project/output_sort_hierarchy/normal_100_normal_
Copied _x_45824_y_166144.jpg to /home/andreagrandi/bio_project/output_sort_hierarchy/normal_100_normal_
Copied _x_60864_y_127936.jpg to /home/andreagrandi/bio_project/output_sort_hierarchy/normal_100_normal_
Copied _x_53952_y_126144.jpg to /home/andreagrandi/bio_project/output_sort_hierarchy/normal_100_normal_
Copied _x_75456_y_129984.jpg to /home/andreagrandi/bio_project/output_sort_hierarchy/normal_100_normal_
Copied _x_48640_y_170240.jpg to /home/andreagrandi/bio_project/output_sort_hierarchy/normal_100_normal_
Copied _x_44544_y_158976.jpg to /home/andreagrandi/bio_project/output_sort_hierarchy/normal_100_normal_
Copied _x_64192_y_133568.jpg to /home/andreagrandi/bio_project/output_sort_hierarchy/normal_100_normal_
Copied _x_48640_y_150784.jpg to /home/andreagrandi/bio_project/output_sort_hierarchy/normal_100_normal_
Copied _x_69056_y_136128.jpg to /home/andreagrandi/bio_project/output_sort_hierarchy/normal_100_normal_
Copied _x_49856_y_142528.jpg to /home/andreagrandi/bio_project/output_sort_hierarchy/normal_100_normal_
Copied _x_56064_y_165888.jpg to /home/andreagrandi/bio_project/output_sort_hierarchy/normal_100_normal_
Copied _x_82624_y_133568.jpg to /home/andreagrandi/bio_project/output_sort_hierarchy/normal_100_normal_
Copied _x_37568_y_133056.jpg to /home/andreagrandi/bio_project/output_sort_hierarchy/normal_100_normal_
Copied _x_53504_y_171520.jpg to /home/andreagrandi/bio_project/output_sort_hierarchy/normal_100_normal_
Copied _x_67328_y_168448.jpg to /home/andreagrandi/bio_project/output_sort_hierarchy/normal_100_normal_
Copied _x_57792_y_124608.jpg to /home/andreagrandi/bio_project/output_sort_hierarchy/normal_100_normal_
Copied _x_66496_y_130240.jpg to /home/andreagrandi/bio_project/output_sort_hierarchy/normal_100_normal_
Copied _x_51712_y_165376.jpg to /home/andreagrandi/bio_project/output_sort_hierarchy/normal_100_normal_
Copied _x_64192_y_134848.jpg to /home/andreagrandi/bio_project/output_sort_hierarchy/normal_100_normal_
Copied _x_58304_y_122560.jpg to /home/andreagrandi/bio_project/output_sort_hierarchy/normal_100_normal_
Copied _x_45056_y_156416.jpg to /home/andreagrandi/bio_project/output_sort_hierarchy/normal_100_normal_
Copied _x_78592_y_174592.jpg to /home/andreagrandi/bio_project/output_sort_hierarchy/normal_100_normal_
Copied _x_42176_y_142528.jpg to /home/andreagrandi/bio_project/output_sort_hierarchy/normal_100_normal_
Copied _x_70656_y_174336.jpg to /home/andreagrandi/bio_project/output_sort_hierarchy/normal_100_normal_
Copied _x_36096_y_162816.jpg to /home/andreagrandi/bio_project/output_sort_hierarchy/normal_100_normal_
Copied _x_65536_y_180480.jpg to /home/andreagrandi/bio_project/output_sort_hierarchy/normal_100_normal_
Copied _x_70912_y_178688.jpg to /home/andreagrandi/bio_project/output_sort_hierarchy/normal_100_normal_
Copied _x_54208_y_144576.jpg to /home/andreagrandi/bio_project/output_sort_hierarchy/normal_100_normal_
Copied _x_65728_y_141504.jpg to /home/andreagrandi/bio_project/output_sort_hierarchy/normal_100_normal_
Copied _x_39360_y_141504.jpg to /home/andreagrandi/bio_project/output_sort_hierarchy/normal_100_normal_
Copied _x_70400_y_182272.jpg to /home/andreagrandi/bio_project/output_sort_hierarchy/normal_100_normal_
Copied _x_56256_y_146880.jpg to /home/andreagrandi/bio_project/output_sort_hierarchy/normal_100_normal_
Copied _x_72448_y_173568.jpg to /home/andreagrandi/bio_project/output_sort_hierarchy/normal_100_normal_
Copied _x_65536_y_184832.jpg to /home/andreagrandi/bio_project/output_sort_hierarchy/normal_100_normal_
Copied _x_61888_y_134336.jpg to /home/andreagrandi/bio_project/output_sort_hierarchy/normal_100_normal_
Copied _x_65280_y_178688.jpg to /home/andreagrandi/bio_project/output_sort_hierarchy/normal_100_normal_
Copied _x_45312_y_167680.jpg to /home/andreagrandi/bio_project/output_sort_hierarchy/normal_100_normal_
Copied _x_67072_y_165888.jpg to /home/andreagrandi/bio_project/output_sort_hierarchy/normal_100_normal_
Copied _x_56768_y_144064.jpg to /home/andreagrandi/bio_project/output_sort_hierarchy/normal_100_normal_
submitit INFO (2025-01-17 16:36:08,850) - Job completed successfully
submitit INFO (2025-01-17 16:36:08,850) - Exiting after successful completion
