submitit INFO (2025-01-17 16:36:08,229) - Starting with JobEnvironment(job_id=1474, hostname=lab01, local_rank=0(1), node=0(1), global_rank=0(1))
submitit INFO (2025-01-17 16:36:08,230) - Loading pickle: /home/andreagrandi/bio_project/preprocessing/LOGFOLDER/1474/1474_submitted.pkl
Copied _x_70912_y_101696.jpg to /home/andreagrandi/bio_project/output_sort_hierarchy/test_096_normal_
Copied _x_39744_y_173824.jpg to /home/andreagrandi/bio_project/output_sort_hierarchy/test_096_normal_
Copied _x_77568_y_96832.jpg to /home/andreagrandi/bio_project/output_sort_hierarchy/test_096_normal_
Copied _x_30336_y_184832.jpg to /home/andreagrandi/bio_project/output_sort_hierarchy/test_096_normal_
Copied _x_64768_y_106048.jpg to /home/andreagrandi/bio_project/output_sort_hierarchy/test_096_normal_
Copied _x_79360_y_99392.jpg to /home/andreagrandi/bio_project/output_sort_hierarchy/test_096_normal_
Copied _x_57856_y_101696.jpg to /home/andreagrandi/bio_project/output_sort_hierarchy/test_096_normal_
Copied _x_28288_y_166144.jpg to /home/andreagrandi/bio_project/output_sort_hierarchy/test_096_normal_
Copied _x_35968_y_166400.jpg to /home/andreagrandi/bio_project/output_sort_hierarchy/test_096_normal_
Copied _x_37440_y_182016.jpg to /home/andreagrandi/bio_project/output_sort_hierarchy/test_096_normal_
Copied _x_79872_y_93760.jpg to /home/andreagrandi/bio_project/output_sort_hierarchy/test_096_normal_
Copied _x_34368_y_112896.jpg to /home/andreagrandi/bio_project/output_sort_hierarchy/test_096_normal_
Copied _x_27776_y_185344.jpg to /home/andreagrandi/bio_project/output_sort_hierarchy/test_096_normal_
Copied _x_66560_y_165504.jpg to /home/andreagrandi/bio_project/output_sort_hierarchy/test_096_normal_
Copied _x_74560_y_134976.jpg to /home/andreagrandi/bio_project/output_sort_hierarchy/test_096_normal_
Copied _x_70400_y_162176.jpg to /home/andreagrandi/bio_project/output_sort_hierarchy/test_096_normal_
Copied _x_59136_y_102464.jpg to /home/andreagrandi/bio_project/output_sort_hierarchy/test_096_normal_
Copied _x_30784_y_114688.jpg to /home/andreagrandi/bio_project/output_sort_hierarchy/test_096_normal_
Copied _x_78592_y_100672.jpg to /home/andreagrandi/bio_project/output_sort_hierarchy/test_096_normal_
Copied _x_26112_y_81152.jpg to /home/andreagrandi/bio_project/output_sort_hierarchy/test_096_normal_
Copied _x_59648_y_96832.jpg to /home/andreagrandi/bio_project/output_sort_hierarchy/test_096_normal_
Copied _x_68864_y_165504.jpg to /home/andreagrandi/bio_project/output_sort_hierarchy/test_096_normal_
Copied _x_66368_y_132672.jpg to /home/andreagrandi/bio_project/output_sort_hierarchy/test_096_normal_
Copied _x_78848_y_105280.jpg to /home/andreagrandi/bio_project/output_sort_hierarchy/test_096_normal_
Copied _x_26688_y_111616.jpg to /home/andreagrandi/bio_project/output_sort_hierarchy/test_096_normal_
Copied _x_27712_y_116480.jpg to /home/andreagrandi/bio_project/output_sort_hierarchy/test_096_normal_
Copied _x_45120_y_123136.jpg to /home/andreagrandi/bio_project/output_sort_hierarchy/test_096_normal_
Copied _x_63232_y_184448.jpg to /home/andreagrandi/bio_project/output_sort_hierarchy/test_096_normal_
Copied _x_23680_y_165376.jpg to /home/andreagrandi/bio_project/output_sort_hierarchy/test_096_normal_
Copied _x_59136_y_183424.jpg to /home/andreagrandi/bio_project/output_sort_hierarchy/test_096_normal_
Copied _x_77824_y_107328.jpg to /home/andreagrandi/bio_project/output_sort_hierarchy/test_096_normal_
Copied _x_42048_y_169984.jpg to /home/andreagrandi/bio_project/output_sort_hierarchy/test_096_normal_
Copied _x_13376_y_88640.jpg to /home/andreagrandi/bio_project/output_sort_hierarchy/test_096_normal_
Copied _x_19968_y_84992.jpg to /home/andreagrandi/bio_project/output_sort_hierarchy/test_096_normal_
Copied _x_57856_y_96576.jpg to /home/andreagrandi/bio_project/output_sort_hierarchy/test_096_normal_
Copied _x_74304_y_131904.jpg to /home/andreagrandi/bio_project/output_sort_hierarchy/test_096_normal_
Copied _x_59136_y_188288.jpg to /home/andreagrandi/bio_project/output_sort_hierarchy/test_096_normal_
Copied _x_23360_y_110592.jpg to /home/andreagrandi/bio_project/output_sort_hierarchy/test_096_normal_
Copied _x_31296_y_110592.jpg to /home/andreagrandi/bio_project/output_sort_hierarchy/test_096_normal_
Copied _x_79360_y_102208.jpg to /home/andreagrandi/bio_project/output_sort_hierarchy/test_096_normal_
Copied _x_27264_y_165120.jpg to /home/andreagrandi/bio_project/output_sort_hierarchy/test_096_normal_
Copied _x_29824_y_167168.jpg to /home/andreagrandi/bio_project/output_sort_hierarchy/test_096_normal_
Copied _x_66048_y_120896.jpg to /home/andreagrandi/bio_project/output_sort_hierarchy/test_096_normal_
Copied _x_49984_y_125184.jpg to /home/andreagrandi/bio_project/output_sort_hierarchy/test_096_normal_
Copied _x_69632_y_115008.jpg to /home/andreagrandi/bio_project/output_sort_hierarchy/test_096_normal_
Copied _x_35584_y_94464.jpg to /home/andreagrandi/bio_project/output_sort_hierarchy/test_096_normal_
Copied _x_66368_y_134464.jpg to /home/andreagrandi/bio_project/output_sort_hierarchy/test_096_normal_
Copied _x_61440_y_105280.jpg to /home/andreagrandi/bio_project/output_sort_hierarchy/test_096_normal_
Copied _x_65600_y_133696.jpg to /home/andreagrandi/bio_project/output_sort_hierarchy/test_096_normal_
Copied _x_39488_y_114432.jpg to /home/andreagrandi/bio_project/output_sort_hierarchy/test_096_normal_
Copied _x_23424_y_175360.jpg to /home/andreagrandi/bio_project/output_sort_hierarchy/test_096_normal_
Copied _x_68864_y_165248.jpg to /home/andreagrandi/bio_project/output_sort_hierarchy/test_096_normal_
Copied _x_57600_y_189312.jpg to /home/andreagrandi/bio_project/output_sort_hierarchy/test_096_normal_
Copied _x_79360_y_107072.jpg to /home/andreagrandi/bio_project/output_sort_hierarchy/test_096_normal_
Copied _x_73792_y_133184.jpg to /home/andreagrandi/bio_project/output_sort_hierarchy/test_096_normal_
Copied _x_25408_y_110080.jpg to /home/andreagrandi/bio_project/output_sort_hierarchy/test_096_normal_
Copied _x_46656_y_124160.jpg to /home/andreagrandi/bio_project/output_sort_hierarchy/test_096_normal_
Copied _x_67904_y_132416.jpg to /home/andreagrandi/bio_project/output_sort_hierarchy/test_096_normal_
Copied _x_11584_y_94272.jpg to /home/andreagrandi/bio_project/output_sort_hierarchy/test_096_normal_
Copied _x_38208_y_113664.jpg to /home/andreagrandi/bio_project/output_sort_hierarchy/test_096_normal_
Copied _x_12608_y_92224.jpg to /home/andreagrandi/bio_project/output_sort_hierarchy/test_096_normal_
Copied _x_65792_y_175488.jpg to /home/andreagrandi/bio_project/output_sort_hierarchy/test_096_normal_
Copied _x_11328_y_92736.jpg to /home/andreagrandi/bio_project/output_sort_hierarchy/test_096_normal_
Copied _x_79104_y_93248.jpg to /home/andreagrandi/bio_project/output_sort_hierarchy/test_096_normal_
Copied _x_30016_y_113408.jpg to /home/andreagrandi/bio_project/output_sort_hierarchy/test_096_normal_
Copied _x_23424_y_175872.jpg to /home/andreagrandi/bio_project/output_sort_hierarchy/test_096_normal_
Copied _x_72256_y_133952.jpg to /home/andreagrandi/bio_project/output_sort_hierarchy/test_096_normal_
Copied _x_67840_y_113216.jpg to /home/andreagrandi/bio_project/output_sort_hierarchy/test_096_normal_
Copied _x_79360_y_106560.jpg to /home/andreagrandi/bio_project/output_sort_hierarchy/test_096_normal_
Copied _x_41280_y_171776.jpg to /home/andreagrandi/bio_project/output_sort_hierarchy/test_096_normal_
Copied _x_38976_y_179712.jpg to /home/andreagrandi/bio_project/output_sort_hierarchy/test_096_normal_
Copied _x_34368_y_113408.jpg to /home/andreagrandi/bio_project/output_sort_hierarchy/test_096_normal_
Copied _x_60736_y_137536.jpg to /home/andreagrandi/bio_project/output_sort_hierarchy/test_096_normal_
Copied _x_38464_y_178688.jpg to /home/andreagrandi/bio_project/output_sort_hierarchy/test_096_normal_
Copied _x_58112_y_186496.jpg to /home/andreagrandi/bio_project/output_sort_hierarchy/test_096_normal_
Copied _x_26944_y_112384.jpg to /home/andreagrandi/bio_project/output_sort_hierarchy/test_096_normal_
Copied _x_23936_y_165376.jpg to /home/andreagrandi/bio_project/output_sort_hierarchy/test_096_normal_
Copied _x_69632_y_162432.jpg to /home/andreagrandi/bio_project/output_sort_hierarchy/test_096_normal_
Copied _x_67072_y_117568.jpg to /home/andreagrandi/bio_project/output_sort_hierarchy/test_096_normal_
Copied _x_69888_y_178560.jpg to /home/andreagrandi/bio_project/output_sort_hierarchy/test_096_normal_
Copied _x_33792_y_94720.jpg to /home/andreagrandi/bio_project/output_sort_hierarchy/test_096_normal_
Copied _x_59648_y_185728.jpg to /home/andreagrandi/bio_project/output_sort_hierarchy/test_096_normal_
Copied _x_44352_y_172288.jpg to /home/andreagrandi/bio_project/output_sort_hierarchy/test_096_normal_
Copied _x_58880_y_103488.jpg to /home/andreagrandi/bio_project/output_sort_hierarchy/test_096_normal_
Copied _x_69376_y_171648.jpg to /home/andreagrandi/bio_project/output_sort_hierarchy/test_096_normal_
Copied _x_68864_y_111168.jpg to /home/andreagrandi/bio_project/output_sort_hierarchy/test_096_normal_
Copied _x_40256_y_173824.jpg to /home/andreagrandi/bio_project/output_sort_hierarchy/test_096_normal_
Copied _x_30080_y_167936.jpg to /home/andreagrandi/bio_project/output_sort_hierarchy/test_096_normal_
Copied _x_26432_y_111872.jpg to /home/andreagrandi/bio_project/output_sort_hierarchy/test_096_normal_
Copied _x_59392_y_186752.jpg to /home/andreagrandi/bio_project/output_sort_hierarchy/test_096_normal_
Copied _x_79360_y_97088.jpg to /home/andreagrandi/bio_project/output_sort_hierarchy/test_096_normal_
Copied _x_59392_y_181376.jpg to /home/andreagrandi/bio_project/output_sort_hierarchy/test_096_normal_
Copied _x_39296_y_167424.jpg to /home/andreagrandi/bio_project/output_sort_hierarchy/test_096_normal_
Copied _x_65280_y_180096.jpg to /home/andreagrandi/bio_project/output_sort_hierarchy/test_096_normal_
Copied _x_76800_y_110144.jpg to /home/andreagrandi/bio_project/output_sort_hierarchy/test_096_normal_
Copied _x_41536_y_116736.jpg to /home/andreagrandi/bio_project/output_sort_hierarchy/test_096_normal_
Copied _x_23424_y_173568.jpg to /home/andreagrandi/bio_project/output_sort_hierarchy/test_096_normal_
Copied _x_23424_y_178688.jpg to /home/andreagrandi/bio_project/output_sort_hierarchy/test_096_normal_
Copied _x_26176_y_113408.jpg to /home/andreagrandi/bio_project/output_sort_hierarchy/test_096_normal_
Copied _x_67840_y_96576.jpg to /home/andreagrandi/bio_project/output_sort_hierarchy/test_096_normal_
submitit INFO (2025-01-17 16:36:08,245) - Job completed successfully
submitit INFO (2025-01-17 16:36:08,245) - Exiting after successful completion
