submitit INFO (2025-01-17 16:36:06,418) - Starting with JobEnvironment(job_id=1456, hostname=lab01, local_rank=0(1), node=0(1), global_rank=0(1))
submitit INFO (2025-01-17 16:36:06,418) - Loading pickle: /home/andreagrandi/bio_project/preprocessing/LOGFOLDER/1456/1456_submitted.pkl
Copied _x_52224_y_54656.jpg to /home/andreagrandi/bio_project/output_sort_hierarchy/normal_130_normal_
Copied _x_17664_y_21120.jpg to /home/andreagrandi/bio_project/output_sort_hierarchy/normal_130_normal_
Copied _x_23552_y_41344.jpg to /home/andreagrandi/bio_project/output_sort_hierarchy/normal_130_normal_
Copied _x_19456_y_60544.jpg to /home/andreagrandi/bio_project/output_sort_hierarchy/normal_130_normal_
Copied _x_18176_y_52096.jpg to /home/andreagrandi/bio_project/output_sort_hierarchy/normal_130_normal_
Copied _x_41984_y_51328.jpg to /home/andreagrandi/bio_project/output_sort_hierarchy/normal_130_normal_
Copied _x_36096_y_29568.jpg to /home/andreagrandi/bio_project/output_sort_hierarchy/normal_130_normal_
Copied _x_38400_y_53120.jpg to /home/andreagrandi/bio_project/output_sort_hierarchy/normal_130_normal_
Copied _x_14592_y_28544.jpg to /home/andreagrandi/bio_project/output_sort_hierarchy/normal_130_normal_
Copied _x_26880_y_63360.jpg to /home/andreagrandi/bio_project/output_sort_hierarchy/normal_130_normal_
Copied _x_46592_y_48768.jpg to /home/andreagrandi/bio_project/output_sort_hierarchy/normal_130_normal_
Copied _x_62272_y_62400.jpg to /home/andreagrandi/bio_project/output_sort_hierarchy/normal_130_normal_
Copied _x_75136_y_53568.jpg to /home/andreagrandi/bio_project/output_sort_hierarchy/normal_130_normal_
Copied _x_20736_y_39040.jpg to /home/andreagrandi/bio_project/output_sort_hierarchy/normal_130_normal_
Copied _x_18688_y_70528.jpg to /home/andreagrandi/bio_project/output_sort_hierarchy/normal_130_normal_
Copied _x_54272_y_54912.jpg to /home/andreagrandi/bio_project/output_sort_hierarchy/normal_130_normal_
Copied _x_35840_y_15232.jpg to /home/andreagrandi/bio_project/output_sort_hierarchy/normal_130_normal_
Copied _x_27648_y_54656.jpg to /home/andreagrandi/bio_project/output_sort_hierarchy/normal_130_normal_
Copied _x_27392_y_54912.jpg to /home/andreagrandi/bio_project/output_sort_hierarchy/normal_130_normal_
Copied _x_32768_y_53888.jpg to /home/andreagrandi/bio_project/output_sort_hierarchy/normal_130_normal_
Copied _x_53504_y_40832.jpg to /home/andreagrandi/bio_project/output_sort_hierarchy/normal_130_normal_
Copied _x_70144_y_74880.jpg to /home/andreagrandi/bio_project/output_sort_hierarchy/normal_130_normal_
Copied _x_26624_y_59264.jpg to /home/andreagrandi/bio_project/output_sort_hierarchy/normal_130_normal_
Copied _x_45568_y_38272.jpg to /home/andreagrandi/bio_project/output_sort_hierarchy/normal_130_normal_
Copied _x_71168_y_77952.jpg to /home/andreagrandi/bio_project/output_sort_hierarchy/normal_130_normal_
Copied _x_20224_y_54656.jpg to /home/andreagrandi/bio_project/output_sort_hierarchy/normal_130_normal_
Copied _x_52224_y_44672.jpg to /home/andreagrandi/bio_project/output_sort_hierarchy/normal_130_normal_
Copied _x_14848_y_23168.jpg to /home/andreagrandi/bio_project/output_sort_hierarchy/normal_130_normal_
Copied _x_14848_y_19072.jpg to /home/andreagrandi/bio_project/output_sort_hierarchy/normal_130_normal_
Copied _x_72704_y_78208.jpg to /home/andreagrandi/bio_project/output_sort_hierarchy/normal_130_normal_
Copied _x_31232_y_57216.jpg to /home/andreagrandi/bio_project/output_sort_hierarchy/normal_130_normal_
Copied _x_58112_y_37760.jpg to /home/andreagrandi/bio_project/output_sort_hierarchy/normal_130_normal_
Copied _x_20736_y_35712.jpg to /home/andreagrandi/bio_project/output_sort_hierarchy/normal_130_normal_
Copied _x_33024_y_27264.jpg to /home/andreagrandi/bio_project/output_sort_hierarchy/normal_130_normal_
Copied _x_47104_y_68736.jpg to /home/andreagrandi/bio_project/output_sort_hierarchy/normal_130_normal_
Copied _x_26880_y_71296.jpg to /home/andreagrandi/bio_project/output_sort_hierarchy/normal_130_normal_
Copied _x_27904_y_67712.jpg to /home/andreagrandi/bio_project/output_sort_hierarchy/normal_130_normal_
Copied _x_35072_y_12928.jpg to /home/andreagrandi/bio_project/output_sort_hierarchy/normal_130_normal_
Copied _x_38144_y_31616.jpg to /home/andreagrandi/bio_project/output_sort_hierarchy/normal_130_normal_
Copied _x_57088_y_71808.jpg to /home/andreagrandi/bio_project/output_sort_hierarchy/normal_130_normal_
Copied _x_29696_y_40064.jpg to /home/andreagrandi/bio_project/output_sort_hierarchy/normal_130_normal_
Copied _x_71424_y_74112.jpg to /home/andreagrandi/bio_project/output_sort_hierarchy/normal_130_normal_
Copied _x_59392_y_71808.jpg to /home/andreagrandi/bio_project/output_sort_hierarchy/normal_130_normal_
Copied _x_33792_y_32384.jpg to /home/andreagrandi/bio_project/output_sort_hierarchy/normal_130_normal_
Copied _x_19200_y_23424.jpg to /home/andreagrandi/bio_project/output_sort_hierarchy/normal_130_normal_
Copied _x_46336_y_48768.jpg to /home/andreagrandi/bio_project/output_sort_hierarchy/normal_130_normal_
Copied _x_39168_y_16256.jpg to /home/andreagrandi/bio_project/output_sort_hierarchy/normal_130_normal_
Copied _x_25600_y_34688.jpg to /home/andreagrandi/bio_project/output_sort_hierarchy/normal_130_normal_
Copied _x_45056_y_48000.jpg to /home/andreagrandi/bio_project/output_sort_hierarchy/normal_130_normal_
Copied _x_51968_y_73344.jpg to /home/andreagrandi/bio_project/output_sort_hierarchy/normal_130_normal_
Copied _x_43264_y_46464.jpg to /home/andreagrandi/bio_project/output_sort_hierarchy/normal_130_normal_
Copied _x_28992_y_15424.jpg to /home/andreagrandi/bio_project/output_sort_hierarchy/normal_130_normal_
Copied _x_14080_y_29312.jpg to /home/andreagrandi/bio_project/output_sort_hierarchy/normal_130_normal_
Copied _x_32768_y_54656.jpg to /home/andreagrandi/bio_project/output_sort_hierarchy/normal_130_normal_
Copied _x_13824_y_30080.jpg to /home/andreagrandi/bio_project/output_sort_hierarchy/normal_130_normal_
Copied _x_47104_y_62080.jpg to /home/andreagrandi/bio_project/output_sort_hierarchy/normal_130_normal_
Copied _x_38144_y_24448.jpg to /home/andreagrandi/bio_project/output_sort_hierarchy/normal_130_normal_
Copied _x_52480_y_45184.jpg to /home/andreagrandi/bio_project/output_sort_hierarchy/normal_130_normal_
Copied _x_14080_y_36480.jpg to /home/andreagrandi/bio_project/output_sort_hierarchy/normal_130_normal_
Copied _x_41472_y_50304.jpg to /home/andreagrandi/bio_project/output_sort_hierarchy/normal_130_normal_
Copied _x_35584_y_49280.jpg to /home/andreagrandi/bio_project/output_sort_hierarchy/normal_130_normal_
Copied _x_29184_y_65920.jpg to /home/andreagrandi/bio_project/output_sort_hierarchy/normal_130_normal_
Copied _x_29696_y_30336.jpg to /home/andreagrandi/bio_project/output_sort_hierarchy/normal_130_normal_
Copied _x_46592_y_51584.jpg to /home/andreagrandi/bio_project/output_sort_hierarchy/normal_130_normal_
Copied _x_53248_y_60544.jpg to /home/andreagrandi/bio_project/output_sort_hierarchy/normal_130_normal_
Copied _x_70912_y_75136.jpg to /home/andreagrandi/bio_project/output_sort_hierarchy/normal_130_normal_
Copied _x_54272_y_67968.jpg to /home/andreagrandi/bio_project/output_sort_hierarchy/normal_130_normal_
Copied _x_39680_y_55424.jpg to /home/andreagrandi/bio_project/output_sort_hierarchy/normal_130_normal_
Copied _x_13568_y_33152.jpg to /home/andreagrandi/bio_project/output_sort_hierarchy/normal_130_normal_
Copied _x_50432_y_54144.jpg to /home/andreagrandi/bio_project/output_sort_hierarchy/normal_130_normal_
Copied _x_27648_y_67456.jpg to /home/andreagrandi/bio_project/output_sort_hierarchy/normal_130_normal_
Copied _x_56832_y_44928.jpg to /home/andreagrandi/bio_project/output_sort_hierarchy/normal_130_normal_
Copied _x_35328_y_24448.jpg to /home/andreagrandi/bio_project/output_sort_hierarchy/normal_130_normal_
Copied _x_17920_y_24960.jpg to /home/andreagrandi/bio_project/output_sort_hierarchy/normal_130_normal_
Copied _x_17920_y_69504.jpg to /home/andreagrandi/bio_project/output_sort_hierarchy/normal_130_normal_
Copied _x_24064_y_39552.jpg to /home/andreagrandi/bio_project/output_sort_hierarchy/normal_130_normal_
Copied _x_54016_y_47232.jpg to /home/andreagrandi/bio_project/output_sort_hierarchy/normal_130_normal_
Copied _x_34304_y_40576.jpg to /home/andreagrandi/bio_project/output_sort_hierarchy/normal_130_normal_
Copied _x_44800_y_45696.jpg to /home/andreagrandi/bio_project/output_sort_hierarchy/normal_130_normal_
Copied _x_19200_y_57216.jpg to /home/andreagrandi/bio_project/output_sort_hierarchy/normal_130_normal_
Copied _x_32256_y_42112.jpg to /home/andreagrandi/bio_project/output_sort_hierarchy/normal_130_normal_
Copied _x_50944_y_38528.jpg to /home/andreagrandi/bio_project/output_sort_hierarchy/normal_130_normal_
Copied _x_27904_y_40832.jpg to /home/andreagrandi/bio_project/output_sort_hierarchy/normal_130_normal_
Copied _x_74240_y_78976.jpg to /home/andreagrandi/bio_project/output_sort_hierarchy/normal_130_normal_
Copied _x_32000_y_61312.jpg to /home/andreagrandi/bio_project/output_sort_hierarchy/normal_130_normal_
Copied _x_72192_y_79744.jpg to /home/andreagrandi/bio_project/output_sort_hierarchy/normal_130_normal_
Copied _x_39936_y_29568.jpg to /home/andreagrandi/bio_project/output_sort_hierarchy/normal_130_normal_
Copied _x_49152_y_72320.jpg to /home/andreagrandi/bio_project/output_sort_hierarchy/normal_130_normal_
Copied _x_18688_y_37248.jpg to /home/andreagrandi/bio_project/output_sort_hierarchy/normal_130_normal_
Copied _x_50944_y_39552.jpg to /home/andreagrandi/bio_project/output_sort_hierarchy/normal_130_normal_
Copied _x_18944_y_49792.jpg to /home/andreagrandi/bio_project/output_sort_hierarchy/normal_130_normal_
Copied _x_28992_y_20800.jpg to /home/andreagrandi/bio_project/output_sort_hierarchy/normal_130_normal_
Copied _x_59392_y_35968.jpg to /home/andreagrandi/bio_project/output_sort_hierarchy/normal_130_normal_
Copied _x_17408_y_63616.jpg to /home/andreagrandi/bio_project/output_sort_hierarchy/normal_130_normal_
Copied _x_62272_y_64704.jpg to /home/andreagrandi/bio_project/output_sort_hierarchy/normal_130_normal_
Copied _x_22528_y_74112.jpg to /home/andreagrandi/bio_project/output_sort_hierarchy/normal_130_normal_
Copied _x_34560_y_31872.jpg to /home/andreagrandi/bio_project/output_sort_hierarchy/normal_130_normal_
Copied _x_48128_y_62336.jpg to /home/andreagrandi/bio_project/output_sort_hierarchy/normal_130_normal_
Copied _x_47616_y_52864.jpg to /home/andreagrandi/bio_project/output_sort_hierarchy/normal_130_normal_
Copied _x_56320_y_67712.jpg to /home/andreagrandi/bio_project/output_sort_hierarchy/normal_130_normal_
submitit INFO (2025-01-17 16:36:06,433) - Job completed successfully
submitit INFO (2025-01-17 16:36:06,433) - Exiting after successful completion
