submitit INFO (2025-01-17 16:36:07,020) - Starting with JobEnvironment(job_id=1462, hostname=lab01, local_rank=0(1), node=0(1), global_rank=0(1))
submitit INFO (2025-01-17 16:36:07,021) - Loading pickle: /home/andreagrandi/bio_project/preprocessing/LOGFOLDER/1462/1462_submitted.pkl
Copied _x_23040_y_185728.jpg to /home/andreagrandi/bio_project/output_sort_hierarchy/normal_095_normal_
Copied _x_28032_y_157632.jpg to /home/andreagrandi/bio_project/output_sort_hierarchy/normal_095_normal_
Copied _x_38080_y_114560.jpg to /home/andreagrandi/bio_project/output_sort_hierarchy/normal_095_normal_
Copied _x_20672_y_105600.jpg to /home/andreagrandi/bio_project/output_sort_hierarchy/normal_095_normal_
Copied _x_21952_y_122496.jpg to /home/andreagrandi/bio_project/output_sort_hierarchy/normal_095_normal_
Copied _x_54144_y_122880.jpg to /home/andreagrandi/bio_project/output_sort_hierarchy/normal_095_normal_
Copied _x_57728_y_126464.jpg to /home/andreagrandi/bio_project/output_sort_hierarchy/normal_095_normal_
Copied _x_61824_y_109568.jpg to /home/andreagrandi/bio_project/output_sort_hierarchy/normal_095_normal_
Copied _x_51072_y_113408.jpg to /home/andreagrandi/bio_project/output_sort_hierarchy/normal_095_normal_
Copied _x_69440_y_186112.jpg to /home/andreagrandi/bio_project/output_sort_hierarchy/normal_095_normal_
Copied _x_9984_y_173440.jpg to /home/andreagrandi/bio_project/output_sort_hierarchy/normal_095_normal_
Copied _x_21888_y_149696.jpg to /home/andreagrandi/bio_project/output_sort_hierarchy/normal_095_normal_
Copied _x_39360_y_113280.jpg to /home/andreagrandi/bio_project/output_sort_hierarchy/normal_095_normal_
Copied _x_51712_y_183424.jpg to /home/andreagrandi/bio_project/output_sort_hierarchy/normal_095_normal_
Copied _x_44672_y_164800.jpg to /home/andreagrandi/bio_project/output_sort_hierarchy/normal_095_normal_
Copied _x_56384_y_169408.jpg to /home/andreagrandi/bio_project/output_sort_hierarchy/normal_095_normal_
Copied _x_31168_y_119168.jpg to /home/andreagrandi/bio_project/output_sort_hierarchy/normal_095_normal_
Copied _x_21760_y_198272.jpg to /home/andreagrandi/bio_project/output_sort_hierarchy/normal_095_normal_
Copied _x_20928_y_118912.jpg to /home/andreagrandi/bio_project/output_sort_hierarchy/normal_095_normal_
Copied _x_32768_y_181120.jpg to /home/andreagrandi/bio_project/output_sort_hierarchy/normal_095_normal_
Copied _x_51712_y_182656.jpg to /home/andreagrandi/bio_project/output_sort_hierarchy/normal_095_normal_
Copied _x_61312_y_116992.jpg to /home/andreagrandi/bio_project/output_sort_hierarchy/normal_095_normal_
Copied _x_28544_y_153792.jpg to /home/andreagrandi/bio_project/output_sort_hierarchy/normal_095_normal_
Copied _x_31104_y_160960.jpg to /home/andreagrandi/bio_project/output_sort_hierarchy/normal_095_normal_
Copied _x_33024_y_186496.jpg to /home/andreagrandi/bio_project/output_sort_hierarchy/normal_095_normal_
Copied _x_75328_y_160960.jpg to /home/andreagrandi/bio_project/output_sort_hierarchy/normal_095_normal_
Copied _x_51520_y_164544.jpg to /home/andreagrandi/bio_project/output_sort_hierarchy/normal_095_normal_
Copied _x_61824_y_129280.jpg to /home/andreagrandi/bio_project/output_sort_hierarchy/normal_095_normal_
Copied _x_61312_y_130816.jpg to /home/andreagrandi/bio_project/output_sort_hierarchy/normal_095_normal_
Copied _x_64576_y_187392.jpg to /home/andreagrandi/bio_project/output_sort_hierarchy/normal_095_normal_
Copied _x_46720_y_161472.jpg to /home/andreagrandi/bio_project/output_sort_hierarchy/normal_095_normal_
Copied _x_13504_y_119168.jpg to /home/andreagrandi/bio_project/output_sort_hierarchy/normal_095_normal_
Copied _x_38080_y_102784.jpg to /home/andreagrandi/bio_project/output_sort_hierarchy/normal_095_normal_
Copied _x_13824_y_175488.jpg to /home/andreagrandi/bio_project/output_sort_hierarchy/normal_095_normal_
Copied _x_62592_y_119808.jpg to /home/andreagrandi/bio_project/output_sort_hierarchy/normal_095_normal_
Copied _x_54016_y_200064.jpg to /home/andreagrandi/bio_project/output_sort_hierarchy/normal_095_normal_
Copied _x_63104_y_111872.jpg to /home/andreagrandi/bio_project/output_sort_hierarchy/normal_095_normal_
Copied _x_37824_y_111232.jpg to /home/andreagrandi/bio_project/output_sort_hierarchy/normal_095_normal_
Copied _x_27904_y_193920.jpg to /home/andreagrandi/bio_project/output_sort_hierarchy/normal_095_normal_
Copied _x_56704_y_109312.jpg to /home/andreagrandi/bio_project/output_sort_hierarchy/normal_095_normal_
Copied _x_55808_y_203904.jpg to /home/andreagrandi/bio_project/output_sort_hierarchy/normal_095_normal_
Copied _x_55040_y_196224.jpg to /home/andreagrandi/bio_project/output_sort_hierarchy/normal_095_normal_
Copied _x_42752_y_176768.jpg to /home/andreagrandi/bio_project/output_sort_hierarchy/normal_095_normal_
Copied _x_12736_y_118400.jpg to /home/andreagrandi/bio_project/output_sort_hierarchy/normal_095_normal_
Copied _x_27136_y_201344.jpg to /home/andreagrandi/bio_project/output_sort_hierarchy/normal_095_normal_
Copied _x_20224_y_187264.jpg to /home/andreagrandi/bio_project/output_sort_hierarchy/normal_095_normal_
Copied _x_73024_y_187648.jpg to /home/andreagrandi/bio_project/output_sort_hierarchy/normal_095_normal_
Copied _x_24064_y_196736.jpg to /home/andreagrandi/bio_project/output_sort_hierarchy/normal_095_normal_
Copied _x_36224_y_162240.jpg to /home/andreagrandi/bio_project/output_sort_hierarchy/normal_095_normal_
Copied _x_37888_y_184192.jpg to /home/andreagrandi/bio_project/output_sort_hierarchy/normal_095_normal_
Copied _x_23552_y_190848.jpg to /home/andreagrandi/bio_project/output_sort_hierarchy/normal_095_normal_
Copied _x_36032_y_117120.jpg to /home/andreagrandi/bio_project/output_sort_hierarchy/normal_095_normal_
Copied _x_19712_y_190336.jpg to /home/andreagrandi/bio_project/output_sort_hierarchy/normal_095_normal_
Copied _x_57152_y_163264.jpg to /home/andreagrandi/bio_project/output_sort_hierarchy/normal_095_normal_
Copied _x_26496_y_156096.jpg to /home/andreagrandi/bio_project/output_sort_hierarchy/normal_095_normal_
Copied _x_26624_y_191872.jpg to /home/andreagrandi/bio_project/output_sort_hierarchy/normal_095_normal_
Copied _x_20224_y_189824.jpg to /home/andreagrandi/bio_project/output_sort_hierarchy/normal_095_normal_
Copied _x_52864_y_126464.jpg to /home/andreagrandi/bio_project/output_sort_hierarchy/normal_095_normal_
Copied _x_59264_y_120576.jpg to /home/andreagrandi/bio_project/output_sort_hierarchy/normal_095_normal_
Copied _x_60288_y_113664.jpg to /home/andreagrandi/bio_project/output_sort_hierarchy/normal_095_normal_
Copied _x_53504_y_185472.jpg to /home/andreagrandi/bio_project/output_sort_hierarchy/normal_095_normal_
Copied _x_51840_y_110336.jpg to /home/andreagrandi/bio_project/output_sort_hierarchy/normal_095_normal_
Copied _x_14592_y_186496.jpg to /home/andreagrandi/bio_project/output_sort_hierarchy/normal_095_normal_
Copied _x_25280_y_107904.jpg to /home/andreagrandi/bio_project/output_sort_hierarchy/normal_095_normal_
Copied _x_37120_y_185984.jpg to /home/andreagrandi/bio_project/output_sort_hierarchy/normal_095_normal_
Copied _x_67392_y_183296.jpg to /home/andreagrandi/bio_project/output_sort_hierarchy/normal_095_normal_
Copied _x_34752_y_115072.jpg to /home/andreagrandi/bio_project/output_sort_hierarchy/normal_095_normal_
Copied _x_36864_y_199040.jpg to /home/andreagrandi/bio_project/output_sort_hierarchy/normal_095_normal_
Copied _x_29440_y_192384.jpg to /home/andreagrandi/bio_project/output_sort_hierarchy/normal_095_normal_
Copied _x_33536_y_193408.jpg to /home/andreagrandi/bio_project/output_sort_hierarchy/normal_095_normal_
Copied _x_13312_y_187776.jpg to /home/andreagrandi/bio_project/output_sort_hierarchy/normal_095_normal_
Copied _x_51072_y_119040.jpg to /home/andreagrandi/bio_project/output_sort_hierarchy/normal_095_normal_
Copied _x_71232_y_189952.jpg to /home/andreagrandi/bio_project/output_sort_hierarchy/normal_095_normal_
Copied _x_23488_y_107392.jpg to /home/andreagrandi/bio_project/output_sort_hierarchy/normal_095_normal_
Copied _x_17600_y_109696.jpg to /home/andreagrandi/bio_project/output_sort_hierarchy/normal_095_normal_
Copied _x_19136_y_111232.jpg to /home/andreagrandi/bio_project/output_sort_hierarchy/normal_095_normal_
Copied _x_34304_y_188800.jpg to /home/andreagrandi/bio_project/output_sort_hierarchy/normal_095_normal_
Copied _x_25344_y_196224.jpg to /home/andreagrandi/bio_project/output_sort_hierarchy/normal_095_normal_
Copied _x_39360_y_114304.jpg to /home/andreagrandi/bio_project/output_sort_hierarchy/normal_095_normal_
Copied _x_12032_y_168064.jpg to /home/andreagrandi/bio_project/output_sort_hierarchy/normal_095_normal_
Copied _x_32512_y_180096.jpg to /home/andreagrandi/bio_project/output_sort_hierarchy/normal_095_normal_
Copied _x_58176_y_166592.jpg to /home/andreagrandi/bio_project/output_sort_hierarchy/normal_095_normal_
Copied _x_34944_y_158656.jpg to /home/andreagrandi/bio_project/output_sort_hierarchy/normal_095_normal_
Copied _x_38080_y_121728.jpg to /home/andreagrandi/bio_project/output_sort_hierarchy/normal_095_normal_
Copied _x_41408_y_102272.jpg to /home/andreagrandi/bio_project/output_sort_hierarchy/normal_095_normal_
Copied _x_25600_y_182656.jpg to /home/andreagrandi/bio_project/output_sort_hierarchy/normal_095_normal_
Copied _x_22784_y_178048.jpg to /home/andreagrandi/bio_project/output_sort_hierarchy/normal_095_normal_
Copied _x_41152_y_107904.jpg to /home/andreagrandi/bio_project/output_sort_hierarchy/normal_095_normal_
Copied _x_48896_y_187776.jpg to /home/andreagrandi/bio_project/output_sort_hierarchy/normal_095_normal_
Copied _x_52480_y_184448.jpg to /home/andreagrandi/bio_project/output_sort_hierarchy/normal_095_normal_
Copied _x_45824_y_184960.jpg to /home/andreagrandi/bio_project/output_sort_hierarchy/normal_095_normal_
Copied _x_39680_y_197760.jpg to /home/andreagrandi/bio_project/output_sort_hierarchy/normal_095_normal_
Copied _x_58688_y_167104.jpg to /home/andreagrandi/bio_project/output_sort_hierarchy/normal_095_normal_
Copied _x_21760_y_201088.jpg to /home/andreagrandi/bio_project/output_sort_hierarchy/normal_095_normal_
Copied _x_17408_y_178816.jpg to /home/andreagrandi/bio_project/output_sort_hierarchy/normal_095_normal_
Copied _x_60800_y_130816.jpg to /home/andreagrandi/bio_project/output_sort_hierarchy/normal_095_normal_
Copied _x_12288_y_169600.jpg to /home/andreagrandi/bio_project/output_sort_hierarchy/normal_095_normal_
Copied _x_24512_y_109696.jpg to /home/andreagrandi/bio_project/output_sort_hierarchy/normal_095_normal_
Copied _x_38528_y_163008.jpg to /home/andreagrandi/bio_project/output_sort_hierarchy/normal_095_normal_
Copied _x_17280_y_146112.jpg to /home/andreagrandi/bio_project/output_sort_hierarchy/normal_095_normal_
submitit INFO (2025-01-17 16:36:07,036) - Job completed successfully
submitit INFO (2025-01-17 16:36:07,036) - Exiting after successful completion
