submitit INFO (2025-02-04 15:38:30,876) - Starting with JobEnvironment(job_id=43163, hostname=MacBook-Pro-di-Andrea.local, local_rank=0(1), node=0(1), global_rank=0(1))
submitit INFO (2025-02-04 15:38:30,876) - Loading pickle: /Users/andreagrandi/Developer/bio_project/src/bio_project/LOGFOLDER/43163/43163_submitted.pkl
Copied _x_51392_y_141248.jpg to /Users/andreagrandi/Developer/bio_project/src/bio_project/inference/output_clam_sorted/normal_100_normal
Copied _x_67584_y_169984.jpg to /Users/andreagrandi/Developer/bio_project/src/bio_project/inference/output_clam_sorted/normal_100_normal
Copied _x_51904_y_141504.jpg to /Users/andreagrandi/Developer/bio_project/src/bio_project/inference/output_clam_sorted/normal_100_normal
Copied _x_51904_y_125120.jpg to /Users/andreagrandi/Developer/bio_project/src/bio_project/inference/output_clam_sorted/normal_100_normal
Copied _x_50880_y_132288.jpg to /Users/andreagrandi/Developer/bio_project/src/bio_project/inference/output_clam_sorted/normal_100_normal
Copied _x_80832_y_130496.jpg to /Users/andreagrandi/Developer/bio_project/src/bio_project/inference/output_clam_sorted/normal_100_normal
Copied _x_59072_y_125120.jpg to /Users/andreagrandi/Developer/bio_project/src/bio_project/inference/output_clam_sorted/normal_100_normal
Copied _x_49600_y_134336.jpg to /Users/andreagrandi/Developer/bio_project/src/bio_project/inference/output_clam_sorted/normal_100_normal
Copied _x_68352_y_168192.jpg to /Users/andreagrandi/Developer/bio_project/src/bio_project/inference/output_clam_sorted/normal_100_normal
Copied _x_61696_y_172032.jpg to /Users/andreagrandi/Developer/bio_project/src/bio_project/inference/output_clam_sorted/normal_100_normal
Copied _x_68800_y_146624.jpg to /Users/andreagrandi/Developer/bio_project/src/bio_project/inference/output_clam_sorted/normal_100_normal
Copied _x_50880_y_125888.jpg to /Users/andreagrandi/Developer/bio_project/src/bio_project/inference/output_clam_sorted/normal_100_normal
Copied _x_68544_y_143296.jpg to /Users/andreagrandi/Developer/bio_project/src/bio_project/inference/output_clam_sorted/normal_100_normal
Copied _x_56000_y_146112.jpg to /Users/andreagrandi/Developer/bio_project/src/bio_project/inference/output_clam_sorted/normal_100_normal
Copied _x_52928_y_125120.jpg to /Users/andreagrandi/Developer/bio_project/src/bio_project/inference/output_clam_sorted/normal_100_normal
Copied _x_39616_y_134336.jpg to /Users/andreagrandi/Developer/bio_project/src/bio_project/inference/output_clam_sorted/normal_100_normal
Copied _x_56000_y_131776.jpg to /Users/andreagrandi/Developer/bio_project/src/bio_project/inference/output_clam_sorted/normal_100_normal
Copied _x_61632_y_127936.jpg to /Users/andreagrandi/Developer/bio_project/src/bio_project/inference/output_clam_sorted/normal_100_normal
Copied _x_48128_y_153344.jpg to /Users/andreagrandi/Developer/bio_project/src/bio_project/inference/output_clam_sorted/normal_100_normal
Copied _x_50880_y_126400.jpg to /Users/andreagrandi/Developer/bio_project/src/bio_project/inference/output_clam_sorted/normal_100_normal
Copied _x_51712_y_165888.jpg to /Users/andreagrandi/Developer/bio_project/src/bio_project/inference/output_clam_sorted/normal_100_normal
Copied _x_42432_y_132544.jpg to /Users/andreagrandi/Developer/bio_project/src/bio_project/inference/output_clam_sorted/normal_100_normal
Copied _x_49344_y_122304.jpg to /Users/andreagrandi/Developer/bio_project/src/bio_project/inference/output_clam_sorted/normal_100_normal
Copied _x_38592_y_138432.jpg to /Users/andreagrandi/Developer/bio_project/src/bio_project/inference/output_clam_sorted/normal_100_normal
Copied _x_68032_y_134592.jpg to /Users/andreagrandi/Developer/bio_project/src/bio_project/inference/output_clam_sorted/normal_100_normal
Copied _x_64960_y_133056.jpg to /Users/andreagrandi/Developer/bio_project/src/bio_project/inference/output_clam_sorted/normal_100_normal
Copied _x_48384_y_165632.jpg to /Users/andreagrandi/Developer/bio_project/src/bio_project/inference/output_clam_sorted/normal_100_normal
Copied _x_73152_y_130240.jpg to /Users/andreagrandi/Developer/bio_project/src/bio_project/inference/output_clam_sorted/normal_100_normal
Copied _x_74752_y_173568.jpg to /Users/andreagrandi/Developer/bio_project/src/bio_project/inference/output_clam_sorted/normal_100_normal
Copied _x_51904_y_121536.jpg to /Users/andreagrandi/Developer/bio_project/src/bio_project/inference/output_clam_sorted/normal_100_normal
Copied _x_60608_y_134080.jpg to /Users/andreagrandi/Developer/bio_project/src/bio_project/inference/output_clam_sorted/normal_100_normal
Copied _x_45568_y_154624.jpg to /Users/andreagrandi/Developer/bio_project/src/bio_project/inference/output_clam_sorted/normal_100_normal
Copied _x_66048_y_179456.jpg to /Users/andreagrandi/Developer/bio_project/src/bio_project/inference/output_clam_sorted/normal_100_normal
Copied _x_54464_y_141248.jpg to /Users/andreagrandi/Developer/bio_project/src/bio_project/inference/output_clam_sorted/normal_100_normal
Copied _x_54528_y_155648.jpg to /Users/andreagrandi/Developer/bio_project/src/bio_project/inference/output_clam_sorted/normal_100_normal
Copied _x_54208_y_129984.jpg to /Users/andreagrandi/Developer/bio_project/src/bio_project/inference/output_clam_sorted/normal_100_normal
Copied _x_68864_y_178432.jpg to /Users/andreagrandi/Developer/bio_project/src/bio_project/inference/output_clam_sorted/normal_100_normal
Copied _x_61120_y_125376.jpg to /Users/andreagrandi/Developer/bio_project/src/bio_project/inference/output_clam_sorted/normal_100_normal
Copied _x_61888_y_145856.jpg to /Users/andreagrandi/Developer/bio_project/src/bio_project/inference/output_clam_sorted/normal_100_normal
Copied _x_49344_y_140480.jpg to /Users/andreagrandi/Developer/bio_project/src/bio_project/inference/output_clam_sorted/normal_100_normal
Copied _x_46784_y_123840.jpg to /Users/andreagrandi/Developer/bio_project/src/bio_project/inference/output_clam_sorted/normal_100_normal
Copied _x_39168_y_164864.jpg to /Users/andreagrandi/Developer/bio_project/src/bio_project/inference/output_clam_sorted/normal_100_normal
Copied _x_72128_y_137664.jpg to /Users/andreagrandi/Developer/bio_project/src/bio_project/inference/output_clam_sorted/normal_100_normal
Copied _x_49408_y_168192.jpg to /Users/andreagrandi/Developer/bio_project/src/bio_project/inference/output_clam_sorted/normal_100_normal
Copied _x_54016_y_162560.jpg to /Users/andreagrandi/Developer/bio_project/src/bio_project/inference/output_clam_sorted/normal_100_normal
Copied _x_64000_y_177152.jpg to /Users/andreagrandi/Developer/bio_project/src/bio_project/inference/output_clam_sorted/normal_100_normal
Copied _x_74688_y_128192.jpg to /Users/andreagrandi/Developer/bio_project/src/bio_project/inference/output_clam_sorted/normal_100_normal
Copied _x_62720_y_176384.jpg to /Users/andreagrandi/Developer/bio_project/src/bio_project/inference/output_clam_sorted/normal_100_normal
Copied _x_48384_y_152064.jpg to /Users/andreagrandi/Developer/bio_project/src/bio_project/inference/output_clam_sorted/normal_100_normal
Copied _x_65728_y_130752.jpg to /Users/andreagrandi/Developer/bio_project/src/bio_project/inference/output_clam_sorted/normal_100_normal
Copied _x_47872_y_154368.jpg to /Users/andreagrandi/Developer/bio_project/src/bio_project/inference/output_clam_sorted/normal_100_normal
Copied _x_61184_y_175104.jpg to /Users/andreagrandi/Developer/bio_project/src/bio_project/inference/output_clam_sorted/normal_100_normal
Copied _x_50176_y_166400.jpg to /Users/andreagrandi/Developer/bio_project/src/bio_project/inference/output_clam_sorted/normal_100_normal
Copied _x_45760_y_135616.jpg to /Users/andreagrandi/Developer/bio_project/src/bio_project/inference/output_clam_sorted/normal_100_normal
Copied _x_64768_y_177920.jpg to /Users/andreagrandi/Developer/bio_project/src/bio_project/inference/output_clam_sorted/normal_100_normal
Copied _x_52672_y_121792.jpg to /Users/andreagrandi/Developer/bio_project/src/bio_project/inference/output_clam_sorted/normal_100_normal
Copied _x_60608_y_133056.jpg to /Users/andreagrandi/Developer/bio_project/src/bio_project/inference/output_clam_sorted/normal_100_normal
Copied _x_68608_y_164096.jpg to /Users/andreagrandi/Developer/bio_project/src/bio_project/inference/output_clam_sorted/normal_100_normal
Copied _x_58112_y_177920.jpg to /Users/andreagrandi/Developer/bio_project/src/bio_project/inference/output_clam_sorted/normal_100_normal
Copied _x_36096_y_161536.jpg to /Users/andreagrandi/Developer/bio_project/src/bio_project/inference/output_clam_sorted/normal_100_normal
Copied _x_48384_y_166912.jpg to /Users/andreagrandi/Developer/bio_project/src/bio_project/inference/output_clam_sorted/normal_100_normal
Copied _x_58048_y_123072.jpg to /Users/andreagrandi/Developer/bio_project/src/bio_project/inference/output_clam_sorted/normal_100_normal
Copied _x_74432_y_126912.jpg to /Users/andreagrandi/Developer/bio_project/src/bio_project/inference/output_clam_sorted/normal_100_normal
Copied _x_75968_y_125888.jpg to /Users/andreagrandi/Developer/bio_project/src/bio_project/inference/output_clam_sorted/normal_100_normal
Copied _x_65728_y_141760.jpg to /Users/andreagrandi/Developer/bio_project/src/bio_project/inference/output_clam_sorted/normal_100_normal
Copied _x_67264_y_144576.jpg to /Users/andreagrandi/Developer/bio_project/src/bio_project/inference/output_clam_sorted/normal_100_normal
Copied _x_41728_y_162816.jpg to /Users/andreagrandi/Developer/bio_project/src/bio_project/inference/output_clam_sorted/normal_100_normal
Copied _x_73984_y_170752.jpg to /Users/andreagrandi/Developer/bio_project/src/bio_project/inference/output_clam_sorted/normal_100_normal
Copied _x_73920_y_127936.jpg to /Users/andreagrandi/Developer/bio_project/src/bio_project/inference/output_clam_sorted/normal_100_normal
Copied _x_46528_y_141504.jpg to /Users/andreagrandi/Developer/bio_project/src/bio_project/inference/output_clam_sorted/normal_100_normal
Copied _x_43456_y_128704.jpg to /Users/andreagrandi/Developer/bio_project/src/bio_project/inference/output_clam_sorted/normal_100_normal
Copied _x_56512_y_122048.jpg to /Users/andreagrandi/Developer/bio_project/src/bio_project/inference/output_clam_sorted/normal_100_normal
Copied _x_36864_y_163584.jpg to /Users/andreagrandi/Developer/bio_project/src/bio_project/inference/output_clam_sorted/normal_100_normal
Copied _x_60352_y_143552.jpg to /Users/andreagrandi/Developer/bio_project/src/bio_project/inference/output_clam_sorted/normal_100_normal
Copied _x_44224_y_129216.jpg to /Users/andreagrandi/Developer/bio_project/src/bio_project/inference/output_clam_sorted/normal_100_normal
Copied _x_46592_y_151040.jpg to /Users/andreagrandi/Developer/bio_project/src/bio_project/inference/output_clam_sorted/normal_100_normal
Copied _x_48832_y_125376.jpg to /Users/andreagrandi/Developer/bio_project/src/bio_project/inference/output_clam_sorted/normal_100_normal
Copied _x_41664_y_142784.jpg to /Users/andreagrandi/Developer/bio_project/src/bio_project/inference/output_clam_sorted/normal_100_normal
Copied _x_41408_y_128960.jpg to /Users/andreagrandi/Developer/bio_project/src/bio_project/inference/output_clam_sorted/normal_100_normal
Copied _x_38144_y_163840.jpg to /Users/andreagrandi/Developer/bio_project/src/bio_project/inference/output_clam_sorted/normal_100_normal
Copied _x_52928_y_146112.jpg to /Users/andreagrandi/Developer/bio_project/src/bio_project/inference/output_clam_sorted/normal_100_normal
Copied _x_65792_y_165120.jpg to /Users/andreagrandi/Developer/bio_project/src/bio_project/inference/output_clam_sorted/normal_100_normal
Copied _x_55040_y_171520.jpg to /Users/andreagrandi/Developer/bio_project/src/bio_project/inference/output_clam_sorted/normal_100_normal
Copied _x_70144_y_168192.jpg to /Users/andreagrandi/Developer/bio_project/src/bio_project/inference/output_clam_sorted/normal_100_normal
Copied _x_51200_y_163840.jpg to /Users/andreagrandi/Developer/bio_project/src/bio_project/inference/output_clam_sorted/normal_100_normal
Copied _x_48320_y_139200.jpg to /Users/andreagrandi/Developer/bio_project/src/bio_project/inference/output_clam_sorted/normal_100_normal
Copied _x_49856_y_122816.jpg to /Users/andreagrandi/Developer/bio_project/src/bio_project/inference/output_clam_sorted/normal_100_normal
Copied _x_60096_y_137920.jpg to /Users/andreagrandi/Developer/bio_project/src/bio_project/inference/output_clam_sorted/normal_100_normal
Copied _x_47104_y_159232.jpg to /Users/andreagrandi/Developer/bio_project/src/bio_project/inference/output_clam_sorted/normal_100_normal
Copied _x_39104_y_131520.jpg to /Users/andreagrandi/Developer/bio_project/src/bio_project/inference/output_clam_sorted/normal_100_normal
Copied _x_55488_y_147392.jpg to /Users/andreagrandi/Developer/bio_project/src/bio_project/inference/output_clam_sorted/normal_100_normal
Copied _x_62464_y_169728.jpg to /Users/andreagrandi/Developer/bio_project/src/bio_project/inference/output_clam_sorted/normal_100_normal
Copied _x_36096_y_162304.jpg to /Users/andreagrandi/Developer/bio_project/src/bio_project/inference/output_clam_sorted/normal_100_normal
Copied _x_49664_y_152320.jpg to /Users/andreagrandi/Developer/bio_project/src/bio_project/inference/output_clam_sorted/normal_100_normal
Copied _x_52928_y_145344.jpg to /Users/andreagrandi/Developer/bio_project/src/bio_project/inference/output_clam_sorted/normal_100_normal
Copied _x_50112_y_136128.jpg to /Users/andreagrandi/Developer/bio_project/src/bio_project/inference/output_clam_sorted/normal_100_normal
Copied _x_48064_y_139456.jpg to /Users/andreagrandi/Developer/bio_project/src/bio_project/inference/output_clam_sorted/normal_100_normal
Copied _x_72448_y_181248.jpg to /Users/andreagrandi/Developer/bio_project/src/bio_project/inference/output_clam_sorted/normal_100_normal
Copied _x_54208_y_141248.jpg to /Users/andreagrandi/Developer/bio_project/src/bio_project/inference/output_clam_sorted/normal_100_normal
Copied _x_58112_y_163072.jpg to /Users/andreagrandi/Developer/bio_project/src/bio_project/inference/output_clam_sorted/normal_100_normal
submitit INFO (2025-02-04 15:38:30,905) - Job completed successfully
submitit INFO (2025-02-04 15:38:30,905) - Exiting after successful completion
