submitit INFO (2025-01-17 16:36:06,617) - Starting with JobEnvironment(job_id=1458, hostname=lab01, local_rank=0(1), node=0(1), global_rank=0(1))
submitit INFO (2025-01-17 16:36:06,617) - Loading pickle: /home/andreagrandi/bio_project/preprocessing/LOGFOLDER/1458/1458_submitted.pkl
Copied _x_74688_y_165952.jpg to /home/andreagrandi/bio_project/output_sort_hierarchy/tumor_048_tumor_
Copied _x_72640_y_171328.jpg to /home/andreagrandi/bio_project/output_sort_hierarchy/tumor_048_tumor_
Copied _x_70080_y_174912.jpg to /home/andreagrandi/bio_project/output_sort_hierarchy/tumor_048_tumor_
Copied _x_62272_y_107968.jpg to /home/andreagrandi/bio_project/output_sort_hierarchy/tumor_048_tumor_
Copied _x_50176_y_156736.jpg to /home/andreagrandi/bio_project/output_sort_hierarchy/tumor_048_tumor_
Copied _x_63424_y_155712.jpg to /home/andreagrandi/bio_project/output_sort_hierarchy/tumor_048_tumor_
Copied _x_20800_y_168192.jpg to /home/andreagrandi/bio_project/output_sort_hierarchy/tumor_048_tumor_
Copied _x_48960_y_125120.jpg to /home/andreagrandi/bio_project/output_sort_hierarchy/tumor_048_tumor_
Copied _x_32320_y_179968.jpg to /home/andreagrandi/bio_project/output_sort_hierarchy/tumor_048_tumor_
Copied _x_37952_y_184064.jpg to /home/andreagrandi/bio_project/output_sort_hierarchy/tumor_048_tumor_
Copied _x_36928_y_194560.jpg to /home/andreagrandi/bio_project/output_sort_hierarchy/tumor_048_tumor_
Copied _x_61504_y_133568.jpg to /home/andreagrandi/bio_project/output_sort_hierarchy/tumor_048_tumor_
Copied _x_49472_y_136128.jpg to /home/andreagrandi/bio_project/output_sort_hierarchy/tumor_048_tumor_
Copied _x_73152_y_176448.jpg to /home/andreagrandi/bio_project/output_sort_hierarchy/tumor_048_tumor_
Copied _x_39680_y_167232.jpg to /home/andreagrandi/bio_project/output_sort_hierarchy/tumor_048_tumor_
Copied _x_21824_y_197376.jpg to /home/andreagrandi/bio_project/output_sort_hierarchy/tumor_048_tumor_
Copied _x_26816_y_94016.jpg to /home/andreagrandi/bio_project/output_sort_hierarchy/tumor_048_tumor_
Copied _x_55744_y_178240.jpg to /home/andreagrandi/bio_project/output_sort_hierarchy/tumor_048_tumor_
Copied _x_63552_y_125376.jpg to /home/andreagrandi/bio_project/output_sort_hierarchy/tumor_048_tumor_
Copied _x_60736_y_108480.jpg to /home/andreagrandi/bio_project/output_sort_hierarchy/tumor_048_tumor_
Copied _x_67520_y_161856.jpg to /home/andreagrandi/bio_project/output_sort_hierarchy/tumor_048_tumor_
Copied _x_30400_y_97088.jpg to /home/andreagrandi/bio_project/output_sort_hierarchy/tumor_048_tumor_
Copied _x_53824_y_109760.jpg to /home/andreagrandi/bio_project/output_sort_hierarchy/tumor_048_tumor_
Copied _x_67904_y_129472.jpg to /home/andreagrandi/bio_project/output_sort_hierarchy/tumor_048_tumor_
Copied _x_8000_y_159232.jpg to /home/andreagrandi/bio_project/output_sort_hierarchy/tumor_048_tumor_
Copied _x_42560_y_188672.jpg to /home/andreagrandi/bio_project/output_sort_hierarchy/tumor_048_tumor_
Copied _x_34752_y_132032.jpg to /home/andreagrandi/bio_project/output_sort_hierarchy/tumor_048_tumor_
Copied _x_10816_y_162816.jpg to /home/andreagrandi/bio_project/output_sort_hierarchy/tumor_048_tumor_
Copied _x_15168_y_155904.jpg to /home/andreagrandi/bio_project/output_sort_hierarchy/tumor_048_tumor_
Copied _x_76992_y_171328.jpg to /home/andreagrandi/bio_project/output_sort_hierarchy/tumor_048_tumor_
Copied _x_18240_y_181504.jpg to /home/andreagrandi/bio_project/output_sort_hierarchy/tumor_048_tumor_
Copied _x_65856_y_112064.jpg to /home/andreagrandi/bio_project/output_sort_hierarchy/tumor_048_tumor_
Copied _x_73152_y_164160.jpg to /home/andreagrandi/bio_project/output_sort_hierarchy/tumor_048_tumor_
Copied _x_50112_y_173120.jpg to /home/andreagrandi/bio_project/output_sort_hierarchy/tumor_048_tumor_
Copied _x_62400_y_177216.jpg to /home/andreagrandi/bio_project/output_sort_hierarchy/tumor_048_tumor_
Copied _x_22848_y_182784.jpg to /home/andreagrandi/bio_project/output_sort_hierarchy/tumor_048_tumor_
Copied _x_63552_y_121792.jpg to /home/andreagrandi/bio_project/output_sort_hierarchy/tumor_048_tumor_
Copied _x_69312_y_171072.jpg to /home/andreagrandi/bio_project/output_sort_hierarchy/tumor_048_tumor_
Copied _x_45632_y_187136.jpg to /home/andreagrandi/bio_project/output_sort_hierarchy/tumor_048_tumor_
Copied _x_49920_y_158528.jpg to /home/andreagrandi/bio_project/output_sort_hierarchy/tumor_048_tumor_
Copied _x_72896_y_172096.jpg to /home/andreagrandi/bio_project/output_sort_hierarchy/tumor_048_tumor_
Copied _x_47168_y_134848.jpg to /home/andreagrandi/bio_project/output_sort_hierarchy/tumor_048_tumor_
Copied _x_34368_y_191744.jpg to /home/andreagrandi/bio_project/output_sort_hierarchy/tumor_048_tumor_
Copied _x_53440_y_178240.jpg to /home/andreagrandi/bio_project/output_sort_hierarchy/tumor_048_tumor_
Copied _x_49664_y_154176.jpg to /home/andreagrandi/bio_project/output_sort_hierarchy/tumor_048_tumor_
Copied _x_48384_y_160064.jpg to /home/andreagrandi/bio_project/output_sort_hierarchy/tumor_048_tumor_
Copied _x_28992_y_193280.jpg to /home/andreagrandi/bio_project/output_sort_hierarchy/tumor_048_tumor_
Copied _x_43264_y_163392.jpg to /home/andreagrandi/bio_project/output_sort_hierarchy/tumor_048_tumor_
Copied _x_52544_y_108992.jpg to /home/andreagrandi/bio_project/output_sort_hierarchy/tumor_048_tumor_
Copied _x_59840_y_171584.jpg to /home/andreagrandi/bio_project/output_sort_hierarchy/tumor_048_tumor_
Copied _x_54336_y_131520.jpg to /home/andreagrandi/bio_project/output_sort_hierarchy/tumor_048_tumor_
Copied _x_22592_y_185088.jpg to /home/andreagrandi/bio_project/output_sort_hierarchy/tumor_048_tumor_
Copied _x_30720_y_156480.jpg to /home/andreagrandi/bio_project/output_sort_hierarchy/tumor_048_tumor_
Copied _x_38144_y_165952.jpg to /home/andreagrandi/bio_project/output_sort_hierarchy/tumor_048_tumor_
Copied _x_62784_y_126144.jpg to /home/andreagrandi/bio_project/output_sort_hierarchy/tumor_048_tumor_
Copied _x_51200_y_161856.jpg to /home/andreagrandi/bio_project/output_sort_hierarchy/tumor_048_tumor_
Copied _x_42752_y_151360.jpg to /home/andreagrandi/bio_project/output_sort_hierarchy/tumor_048_tumor_
Copied _x_73920_y_169024.jpg to /home/andreagrandi/bio_project/output_sort_hierarchy/tumor_048_tumor_
Copied _x_52032_y_138944.jpg to /home/andreagrandi/bio_project/output_sort_hierarchy/tumor_048_tumor_
Copied _x_43776_y_152128.jpg to /home/andreagrandi/bio_project/output_sort_hierarchy/tumor_048_tumor_
Copied _x_54976_y_162368.jpg to /home/andreagrandi/bio_project/output_sort_hierarchy/tumor_048_tumor_
Copied _x_65216_y_161856.jpg to /home/andreagrandi/bio_project/output_sort_hierarchy/tumor_048_tumor_
Copied _x_20032_y_168704.jpg to /home/andreagrandi/bio_project/output_sort_hierarchy/tumor_048_tumor_
Copied _x_63936_y_157248.jpg to /home/andreagrandi/bio_project/output_sort_hierarchy/tumor_048_tumor_
Copied _x_50176_y_154944.jpg to /home/andreagrandi/bio_project/output_sort_hierarchy/tumor_048_tumor_
Copied _x_38464_y_188416.jpg to /home/andreagrandi/bio_project/output_sort_hierarchy/tumor_048_tumor_
Copied _x_57536_y_172608.jpg to /home/andreagrandi/bio_project/output_sort_hierarchy/tumor_048_tumor_
Copied _x_31552_y_196352.jpg to /home/andreagrandi/bio_project/output_sort_hierarchy/tumor_048_tumor_
Copied _x_25024_y_96320.jpg to /home/andreagrandi/bio_project/output_sort_hierarchy/tumor_048_tumor_
Copied _x_63040_y_111808.jpg to /home/andreagrandi/bio_project/output_sort_hierarchy/tumor_048_tumor_
Copied _x_48192_y_136640.jpg to /home/andreagrandi/bio_project/output_sort_hierarchy/tumor_048_tumor_
Copied _x_54720_y_179008.jpg to /home/andreagrandi/bio_project/output_sort_hierarchy/tumor_048_tumor_
Copied _x_17216_y_156416.jpg to /home/andreagrandi/bio_project/output_sort_hierarchy/tumor_048_tumor_
Copied _x_28096_y_129984.jpg to /home/andreagrandi/bio_project/output_sort_hierarchy/tumor_048_tumor_
Copied _x_26048_y_90432.jpg to /home/andreagrandi/bio_project/output_sort_hierarchy/tumor_048_tumor_
Copied _x_13120_y_176896.jpg to /home/andreagrandi/bio_project/output_sort_hierarchy/tumor_048_tumor_
Copied _x_67136_y_126400.jpg to /home/andreagrandi/bio_project/output_sort_hierarchy/tumor_048_tumor_
Copied _x_30400_y_97600.jpg to /home/andreagrandi/bio_project/output_sort_hierarchy/tumor_048_tumor_
Copied _x_14144_y_157184.jpg to /home/andreagrandi/bio_project/output_sort_hierarchy/tumor_048_tumor_
Copied _x_48960_y_130240.jpg to /home/andreagrandi/bio_project/output_sort_hierarchy/tumor_048_tumor_
Copied _x_64448_y_160320.jpg to /home/andreagrandi/bio_project/output_sort_hierarchy/tumor_048_tumor_
Copied _x_22336_y_162560.jpg to /home/andreagrandi/bio_project/output_sort_hierarchy/tumor_048_tumor_
Copied _x_39424_y_158528.jpg to /home/andreagrandi/bio_project/output_sort_hierarchy/tumor_048_tumor_
Copied _x_42688_y_101696.jpg to /home/andreagrandi/bio_project/output_sort_hierarchy/tumor_048_tumor_
Copied _x_43840_y_183040.jpg to /home/andreagrandi/bio_project/output_sort_hierarchy/tumor_048_tumor_
Copied _x_18496_y_193536.jpg to /home/andreagrandi/bio_project/output_sort_hierarchy/tumor_048_tumor_
Copied _x_57792_y_173632.jpg to /home/andreagrandi/bio_project/output_sort_hierarchy/tumor_048_tumor_
Copied _x_50752_y_106688.jpg to /home/andreagrandi/bio_project/output_sort_hierarchy/tumor_048_tumor_
Copied _x_54464_y_164160.jpg to /home/andreagrandi/bio_project/output_sort_hierarchy/tumor_048_tumor_
Copied _x_31296_y_189440.jpg to /home/andreagrandi/bio_project/output_sort_hierarchy/tumor_048_tumor_
Copied _x_61888_y_177472.jpg to /home/andreagrandi/bio_project/output_sort_hierarchy/tumor_048_tumor_
Copied _x_24128_y_184576.jpg to /home/andreagrandi/bio_project/output_sort_hierarchy/tumor_048_tumor_
Copied _x_39168_y_154688.jpg to /home/andreagrandi/bio_project/output_sort_hierarchy/tumor_048_tumor_
Copied _x_24896_y_189440.jpg to /home/andreagrandi/bio_project/output_sort_hierarchy/tumor_048_tumor_
Copied _x_28096_y_90944.jpg to /home/andreagrandi/bio_project/output_sort_hierarchy/tumor_048_tumor_
Copied _x_66368_y_131008.jpg to /home/andreagrandi/bio_project/output_sort_hierarchy/tumor_048_tumor_
Copied _x_50944_y_160832.jpg to /home/andreagrandi/bio_project/output_sort_hierarchy/tumor_048_tumor_
Copied _x_61632_y_178496.jpg to /home/andreagrandi/bio_project/output_sort_hierarchy/tumor_048_tumor_
Copied _x_47360_y_165184.jpg to /home/andreagrandi/bio_project/output_sort_hierarchy/tumor_048_tumor_
Copied _x_32768_y_157504.jpg to /home/andreagrandi/bio_project/output_sort_hierarchy/tumor_048_tumor_
submitit INFO (2025-01-17 16:36:06,633) - Job completed successfully
submitit INFO (2025-01-17 16:36:06,633) - Exiting after successful completion
