submitit INFO (2025-01-17 16:36:07,826) - Starting with JobEnvironment(job_id=1470, hostname=lab01, local_rank=0(1), node=0(1), global_rank=0(1))
submitit INFO (2025-01-17 16:36:07,827) - Loading pickle: /home/andreagrandi/bio_project/preprocessing/LOGFOLDER/1470/1470_submitted.pkl
Copied _x_87488_y_125568.jpg to /home/andreagrandi/bio_project/output_sort_hierarchy/tumor_037_tumor_
Copied _x_71872_y_94592.jpg to /home/andreagrandi/bio_project/output_sort_hierarchy/tumor_037_tumor_
Copied _x_47808_y_131264.jpg to /home/andreagrandi/bio_project/output_sort_hierarchy/tumor_037_tumor_
Copied _x_70848_y_115840.jpg to /home/andreagrandi/bio_project/output_sort_hierarchy/tumor_037_tumor_
Copied _x_83392_y_129152.jpg to /home/andreagrandi/bio_project/output_sort_hierarchy/tumor_037_tumor_
Copied _x_64960_y_109440.jpg to /home/andreagrandi/bio_project/output_sort_hierarchy/tumor_037_tumor_
Copied _x_92864_y_108928.jpg to /home/andreagrandi/bio_project/output_sort_hierarchy/tumor_037_tumor_
Copied _x_16320_y_128960.jpg to /home/andreagrandi/bio_project/output_sort_hierarchy/tumor_037_tumor_
Copied _x_17088_y_120000.jpg to /home/andreagrandi/bio_project/output_sort_hierarchy/tumor_037_tumor_
Copied _x_75200_y_104320.jpg to /home/andreagrandi/bio_project/output_sort_hierarchy/tumor_037_tumor_
Copied _x_54208_y_115072.jpg to /home/andreagrandi/bio_project/output_sort_hierarchy/tumor_037_tumor_
Copied _x_46272_y_116416.jpg to /home/andreagrandi/bio_project/output_sort_hierarchy/tumor_037_tumor_
Copied _x_47040_y_117952.jpg to /home/andreagrandi/bio_project/output_sort_hierarchy/tumor_037_tumor_
Copied _x_62144_y_102016.jpg to /home/andreagrandi/bio_project/output_sort_hierarchy/tumor_037_tumor_
Copied _x_53184_y_125376.jpg to /home/andreagrandi/bio_project/output_sort_hierarchy/tumor_037_tumor_
Copied _x_79808_y_115584.jpg to /home/andreagrandi/bio_project/output_sort_hierarchy/tumor_037_tumor_
Copied _x_39104_y_120512.jpg to /home/andreagrandi/bio_project/output_sort_hierarchy/tumor_037_tumor_
Copied _x_42944_y_135616.jpg to /home/andreagrandi/bio_project/output_sort_hierarchy/tumor_037_tumor_
Copied _x_49856_y_110464.jpg to /home/andreagrandi/bio_project/output_sort_hierarchy/tumor_037_tumor_
Copied _x_39616_y_137664.jpg to /home/andreagrandi/bio_project/output_sort_hierarchy/tumor_037_tumor_
Copied _x_90560_y_114560.jpg to /home/andreagrandi/bio_project/output_sort_hierarchy/tumor_037_tumor_
Copied _x_83136_y_126336.jpg to /home/andreagrandi/bio_project/output_sort_hierarchy/tumor_037_tumor_
Copied _x_59328_y_101248.jpg to /home/andreagrandi/bio_project/output_sort_hierarchy/tumor_037_tumor_
Copied _x_29632_y_119488.jpg to /home/andreagrandi/bio_project/output_sort_hierarchy/tumor_037_tumor_
Copied _x_70336_y_128384.jpg to /home/andreagrandi/bio_project/output_sort_hierarchy/tumor_037_tumor_
Copied _x_68160_y_133824.jpg to /home/andreagrandi/bio_project/output_sort_hierarchy/tumor_037_tumor_
Copied _x_71104_y_128128.jpg to /home/andreagrandi/bio_project/output_sort_hierarchy/tumor_037_tumor_
Copied _x_88512_y_113024.jpg to /home/andreagrandi/bio_project/output_sort_hierarchy/tumor_037_tumor_
Copied _x_70336_y_100480.jpg to /home/andreagrandi/bio_project/output_sort_hierarchy/tumor_037_tumor_
Copied _x_72384_y_120448.jpg to /home/andreagrandi/bio_project/output_sort_hierarchy/tumor_037_tumor_
Copied _x_85696_y_134784.jpg to /home/andreagrandi/bio_project/output_sort_hierarchy/tumor_037_tumor_
Copied _x_72640_y_125568.jpg to /home/andreagrandi/bio_project/output_sort_hierarchy/tumor_037_tumor_
Copied _x_41920_y_131264.jpg to /home/andreagrandi/bio_project/output_sort_hierarchy/tumor_037_tumor_
Copied _x_36800_y_129728.jpg to /home/andreagrandi/bio_project/output_sort_hierarchy/tumor_037_tumor_
Copied _x_70464_y_136896.jpg to /home/andreagrandi/bio_project/output_sort_hierarchy/tumor_037_tumor_
Copied _x_36800_y_118976.jpg to /home/andreagrandi/bio_project/output_sort_hierarchy/tumor_037_tumor_
Copied _x_76928_y_144704.jpg to /home/andreagrandi/bio_project/output_sort_hierarchy/tumor_037_tumor_
Copied _x_68032_y_128384.jpg to /home/andreagrandi/bio_project/output_sort_hierarchy/tumor_037_tumor_
Copied _x_81856_y_122240.jpg to /home/andreagrandi/bio_project/output_sort_hierarchy/tumor_037_tumor_
Copied _x_72384_y_129664.jpg to /home/andreagrandi/bio_project/output_sort_hierarchy/tumor_037_tumor_
Copied _x_67776_y_110976.jpg to /home/andreagrandi/bio_project/output_sort_hierarchy/tumor_037_tumor_
Copied _x_30912_y_134848.jpg to /home/andreagrandi/bio_project/output_sort_hierarchy/tumor_037_tumor_
Copied _x_14272_y_123840.jpg to /home/andreagrandi/bio_project/output_sort_hierarchy/tumor_037_tumor_
Copied _x_32192_y_130240.jpg to /home/andreagrandi/bio_project/output_sort_hierarchy/tumor_037_tumor_
Copied _x_73152_y_102528.jpg to /home/andreagrandi/bio_project/output_sort_hierarchy/tumor_037_tumor_
Copied _x_14016_y_123840.jpg to /home/andreagrandi/bio_project/output_sort_hierarchy/tumor_037_tumor_
Copied _x_60352_y_101760.jpg to /home/andreagrandi/bio_project/output_sort_hierarchy/tumor_037_tumor_
Copied _x_77248_y_118144.jpg to /home/andreagrandi/bio_project/output_sort_hierarchy/tumor_037_tumor_
Copied _x_17344_y_120512.jpg to /home/andreagrandi/bio_project/output_sort_hierarchy/tumor_037_tumor_
Copied _x_70336_y_129664.jpg to /home/andreagrandi/bio_project/output_sort_hierarchy/tumor_037_tumor_
Copied _x_50624_y_124864.jpg to /home/andreagrandi/bio_project/output_sort_hierarchy/tumor_037_tumor_
Copied _x_57536_y_106112.jpg to /home/andreagrandi/bio_project/output_sort_hierarchy/tumor_037_tumor_
Copied _x_23744_y_1216.jpg to /home/andreagrandi/bio_project/output_sort_hierarchy/tumor_037_tumor_
Copied _x_56256_y_102528.jpg to /home/andreagrandi/bio_project/output_sort_hierarchy/tumor_037_tumor_
Copied _x_75456_y_128128.jpg to /home/andreagrandi/bio_project/output_sort_hierarchy/tumor_037_tumor_
Copied _x_31168_y_128704.jpg to /home/andreagrandi/bio_project/output_sort_hierarchy/tumor_037_tumor_
Copied _x_29632_y_131264.jpg to /home/andreagrandi/bio_project/output_sort_hierarchy/tumor_037_tumor_
Copied _x_46272_y_135616.jpg to /home/andreagrandi/bio_project/output_sort_hierarchy/tumor_037_tumor_
Copied _x_14016_y_121280.jpg to /home/andreagrandi/bio_project/output_sort_hierarchy/tumor_037_tumor_
Copied _x_49088_y_124864.jpg to /home/andreagrandi/bio_project/output_sort_hierarchy/tumor_037_tumor_
Copied _x_79296_y_117888.jpg to /home/andreagrandi/bio_project/output_sort_hierarchy/tumor_037_tumor_
Copied _x_76992_y_100992.jpg to /home/andreagrandi/bio_project/output_sort_hierarchy/tumor_037_tumor_
Copied _x_56768_y_98688.jpg to /home/andreagrandi/bio_project/output_sort_hierarchy/tumor_037_tumor_
Copied _x_83904_y_120192.jpg to /home/andreagrandi/bio_project/output_sort_hierarchy/tumor_037_tumor_
Copied _x_81088_y_120192.jpg to /home/andreagrandi/bio_project/output_sort_hierarchy/tumor_037_tumor_
Copied _x_58304_y_113024.jpg to /home/andreagrandi/bio_project/output_sort_hierarchy/tumor_037_tumor_
Copied _x_85184_y_129920.jpg to /home/andreagrandi/bio_project/output_sort_hierarchy/tumor_037_tumor_
Copied _x_33216_y_139712.jpg to /home/andreagrandi/bio_project/output_sort_hierarchy/tumor_037_tumor_
Copied _x_89024_y_128640.jpg to /home/andreagrandi/bio_project/output_sort_hierarchy/tumor_037_tumor_
Copied _x_61376_y_100224.jpg to /home/andreagrandi/bio_project/output_sort_hierarchy/tumor_037_tumor_
Copied _x_26304_y_123584.jpg to /home/andreagrandi/bio_project/output_sort_hierarchy/tumor_037_tumor_
Copied _x_56512_y_109184.jpg to /home/andreagrandi/bio_project/output_sort_hierarchy/tumor_037_tumor_
Copied _x_22976_y_120768.jpg to /home/andreagrandi/bio_project/output_sort_hierarchy/tumor_037_tumor_
Copied _x_69184_y_137664.jpg to /home/andreagrandi/bio_project/output_sort_hierarchy/tumor_037_tumor_
Copied _x_85952_y_123008.jpg to /home/andreagrandi/bio_project/output_sort_hierarchy/tumor_037_tumor_
Copied _x_63168_y_105088.jpg to /home/andreagrandi/bio_project/output_sort_hierarchy/tumor_037_tumor_
Copied _x_24768_y_134592.jpg to /home/andreagrandi/bio_project/output_sort_hierarchy/tumor_037_tumor_
Copied _x_34496_y_121536.jpg to /home/andreagrandi/bio_project/output_sort_hierarchy/tumor_037_tumor_
Copied _x_17344_y_120000.jpg to /home/andreagrandi/bio_project/output_sort_hierarchy/tumor_037_tumor_
Copied _x_43456_y_129984.jpg to /home/andreagrandi/bio_project/output_sort_hierarchy/tumor_037_tumor_
Copied _x_50112_y_130496.jpg to /home/andreagrandi/bio_project/output_sort_hierarchy/tumor_037_tumor_
Copied _x_26304_y_130240.jpg to /home/andreagrandi/bio_project/output_sort_hierarchy/tumor_037_tumor_
Copied _x_48832_y_129984.jpg to /home/andreagrandi/bio_project/output_sort_hierarchy/tumor_037_tumor_
Copied _x_27072_y_127936.jpg to /home/andreagrandi/bio_project/output_sort_hierarchy/tumor_037_tumor_
Copied _x_42176_y_117696.jpg to /home/andreagrandi/bio_project/output_sort_hierarchy/tumor_037_tumor_
Copied _x_58304_y_110464.jpg to /home/andreagrandi/bio_project/output_sort_hierarchy/tumor_037_tumor_
Copied _x_90560_y_110976.jpg to /home/andreagrandi/bio_project/output_sort_hierarchy/tumor_037_tumor_
Copied _x_68288_y_98176.jpg to /home/andreagrandi/bio_project/output_sort_hierarchy/tumor_037_tumor_
Copied _x_74944_y_129664.jpg to /home/andreagrandi/bio_project/output_sort_hierarchy/tumor_037_tumor_
Copied _x_48064_y_122304.jpg to /home/andreagrandi/bio_project/output_sort_hierarchy/tumor_037_tumor_
Copied _x_41664_y_134592.jpg to /home/andreagrandi/bio_project/output_sort_hierarchy/tumor_037_tumor_
Copied _x_80576_y_126336.jpg to /home/andreagrandi/bio_project/output_sort_hierarchy/tumor_037_tumor_
Copied _x_62400_y_104576.jpg to /home/andreagrandi/bio_project/output_sort_hierarchy/tumor_037_tumor_
Copied _x_23232_y_122048.jpg to /home/andreagrandi/bio_project/output_sort_hierarchy/tumor_037_tumor_
Copied _x_39360_y_124352.jpg to /home/andreagrandi/bio_project/output_sort_hierarchy/tumor_037_tumor_
Copied _x_51136_y_128704.jpg to /home/andreagrandi/bio_project/output_sort_hierarchy/tumor_037_tumor_
Copied _x_32448_y_113088.jpg to /home/andreagrandi/bio_project/output_sort_hierarchy/tumor_037_tumor_
Copied _x_71360_y_104576.jpg to /home/andreagrandi/bio_project/output_sort_hierarchy/tumor_037_tumor_
Copied _x_85440_y_134272.jpg to /home/andreagrandi/bio_project/output_sort_hierarchy/tumor_037_tumor_
Copied _x_65600_y_135872.jpg to /home/andreagrandi/bio_project/output_sort_hierarchy/tumor_037_tumor_
submitit INFO (2025-01-17 16:36:07,842) - Job completed successfully
submitit INFO (2025-01-17 16:36:07,842) - Exiting after successful completion
