submitit INFO (2025-01-17 16:36:05,809) - Starting with JobEnvironment(job_id=1449, hostname=lab01, local_rank=0(1), node=0(1), global_rank=0(1))
submitit INFO (2025-01-17 16:36:05,809) - Loading pickle: /home/andreagrandi/bio_project/preprocessing/LOGFOLDER/1449/1449_submitted.pkl
Copied _x_56320_y_114624.jpg to /home/andreagrandi/bio_project/output_sort_hierarchy/tumor_043_tumor_
Copied _x_40704_y_115136.jpg to /home/andreagrandi/bio_project/output_sort_hierarchy/tumor_043_tumor_
Copied _x_18624_y_14400.jpg to /home/andreagrandi/bio_project/output_sort_hierarchy/tumor_043_tumor_
Copied _x_39744_y_88768.jpg to /home/andreagrandi/bio_project/output_sort_hierarchy/tumor_043_tumor_
Copied _x_44608_y_75200.jpg to /home/andreagrandi/bio_project/output_sort_hierarchy/tumor_043_tumor_
Copied _x_36672_y_91328.jpg to /home/andreagrandi/bio_project/output_sort_hierarchy/tumor_043_tumor_
Copied _x_51712_y_110784.jpg to /home/andreagrandi/bio_project/output_sort_hierarchy/tumor_043_tumor_
Copied _x_46144_y_92608.jpg to /home/andreagrandi/bio_project/output_sort_hierarchy/tumor_043_tumor_
Copied _x_53824_y_95424.jpg to /home/andreagrandi/bio_project/output_sort_hierarchy/tumor_043_tumor_
Copied _x_35840_y_116160.jpg to /home/andreagrandi/bio_project/output_sort_hierarchy/tumor_043_tumor_
Copied _x_43840_y_95424.jpg to /home/andreagrandi/bio_project/output_sort_hierarchy/tumor_043_tumor_
Copied _x_45824_y_114624.jpg to /home/andreagrandi/bio_project/output_sort_hierarchy/tumor_043_tumor_
Copied _x_42240_y_112832.jpg to /home/andreagrandi/bio_project/output_sort_hierarchy/tumor_043_tumor_
Copied _x_41728_y_111040.jpg to /home/andreagrandi/bio_project/output_sort_hierarchy/tumor_043_tumor_
Copied _x_57856_y_121024.jpg to /home/andreagrandi/bio_project/output_sort_hierarchy/tumor_043_tumor_
Copied _x_46144_y_83392.jpg to /home/andreagrandi/bio_project/output_sort_hierarchy/tumor_043_tumor_
Copied _x_35072_y_111552.jpg to /home/andreagrandi/bio_project/output_sort_hierarchy/tumor_043_tumor_
Copied _x_56576_y_115904.jpg to /home/andreagrandi/bio_project/output_sort_hierarchy/tumor_043_tumor_
Copied _x_51520_y_76992.jpg to /home/andreagrandi/bio_project/output_sort_hierarchy/tumor_043_tumor_
Copied _x_47168_y_91328.jpg to /home/andreagrandi/bio_project/output_sort_hierarchy/tumor_043_tumor_
Copied _x_63488_y_121024.jpg to /home/andreagrandi/bio_project/output_sort_hierarchy/tumor_043_tumor_
Copied _x_41280_y_95680.jpg to /home/andreagrandi/bio_project/output_sort_hierarchy/tumor_043_tumor_
Copied _x_50752_y_79552.jpg to /home/andreagrandi/bio_project/output_sort_hierarchy/tumor_043_tumor_
Copied _x_85952_y_16000.jpg to /home/andreagrandi/bio_project/output_sort_hierarchy/tumor_043_tumor_
Copied _x_60160_y_119232.jpg to /home/andreagrandi/bio_project/output_sort_hierarchy/tumor_043_tumor_
Copied _x_41792_y_91584.jpg to /home/andreagrandi/bio_project/output_sort_hierarchy/tumor_043_tumor_
Copied _x_89536_y_13952.jpg to /home/andreagrandi/bio_project/output_sort_hierarchy/tumor_043_tumor_
Copied _x_49664_y_122816.jpg to /home/andreagrandi/bio_project/output_sort_hierarchy/tumor_043_tumor_
Copied _x_39488_y_92864.jpg to /home/andreagrandi/bio_project/output_sort_hierarchy/tumor_043_tumor_
Copied _x_45568_y_113856.jpg to /home/andreagrandi/bio_project/output_sort_hierarchy/tumor_043_tumor_
Copied _x_50752_y_84160.jpg to /home/andreagrandi/bio_project/output_sort_hierarchy/tumor_043_tumor_
Copied _x_52032_y_94912.jpg to /home/andreagrandi/bio_project/output_sort_hierarchy/tumor_043_tumor_
Copied _x_32000_y_114624.jpg to /home/andreagrandi/bio_project/output_sort_hierarchy/tumor_043_tumor_
Copied _x_31744_y_112064.jpg to /home/andreagrandi/bio_project/output_sort_hierarchy/tumor_043_tumor_
Copied _x_35840_y_113600.jpg to /home/andreagrandi/bio_project/output_sort_hierarchy/tumor_043_tumor_
Copied _x_36608_y_123072.jpg to /home/andreagrandi/bio_project/output_sort_hierarchy/tumor_043_tumor_
Copied _x_14528_y_11072.jpg to /home/andreagrandi/bio_project/output_sort_hierarchy/tumor_043_tumor_
Copied _x_53248_y_112832.jpg to /home/andreagrandi/bio_project/output_sort_hierarchy/tumor_043_tumor_
Copied _x_52288_y_99264.jpg to /home/andreagrandi/bio_project/output_sort_hierarchy/tumor_043_tumor_
Copied _x_36352_y_115648.jpg to /home/andreagrandi/bio_project/output_sort_hierarchy/tumor_043_tumor_
Copied _x_16832_y_14912.jpg to /home/andreagrandi/bio_project/output_sort_hierarchy/tumor_043_tumor_
Copied _x_62464_y_120768.jpg to /home/andreagrandi/bio_project/output_sort_hierarchy/tumor_043_tumor_
Copied _x_41216_y_111552.jpg to /home/andreagrandi/bio_project/output_sort_hierarchy/tumor_043_tumor_
Copied _x_34560_y_113344.jpg to /home/andreagrandi/bio_project/output_sort_hierarchy/tumor_043_tumor_
Copied _x_36096_y_122560.jpg to /home/andreagrandi/bio_project/output_sort_hierarchy/tumor_043_tumor_
Copied _x_56320_y_124864.jpg to /home/andreagrandi/bio_project/output_sort_hierarchy/tumor_043_tumor_
Copied _x_44096_y_84160.jpg to /home/andreagrandi/bio_project/output_sort_hierarchy/tumor_043_tumor_
Copied _x_38144_y_115904.jpg to /home/andreagrandi/bio_project/output_sort_hierarchy/tumor_043_tumor_
Copied _x_40704_y_120768.jpg to /home/andreagrandi/bio_project/output_sort_hierarchy/tumor_043_tumor_
Copied _x_87232_y_14720.jpg to /home/andreagrandi/bio_project/output_sort_hierarchy/tumor_043_tumor_
Copied _x_51200_y_123840.jpg to /home/andreagrandi/bio_project/output_sort_hierarchy/tumor_043_tumor_
Copied _x_19392_y_14144.jpg to /home/andreagrandi/bio_project/output_sort_hierarchy/tumor_043_tumor_
Copied _x_57088_y_124608.jpg to /home/andreagrandi/bio_project/output_sort_hierarchy/tumor_043_tumor_
Copied _x_50432_y_107968.jpg to /home/andreagrandi/bio_project/output_sort_hierarchy/tumor_043_tumor_
Copied _x_50688_y_117952.jpg to /home/andreagrandi/bio_project/output_sort_hierarchy/tumor_043_tumor_
Copied _x_36096_y_123328.jpg to /home/andreagrandi/bio_project/output_sort_hierarchy/tumor_043_tumor_
Copied _x_39488_y_95424.jpg to /home/andreagrandi/bio_project/output_sort_hierarchy/tumor_043_tumor_
Copied _x_17856_y_14400.jpg to /home/andreagrandi/bio_project/output_sort_hierarchy/tumor_043_tumor_
Copied _x_35840_y_111040.jpg to /home/andreagrandi/bio_project/output_sort_hierarchy/tumor_043_tumor_
Copied _x_52736_y_125632.jpg to /home/andreagrandi/bio_project/output_sort_hierarchy/tumor_043_tumor_
Copied _x_53504_y_120768.jpg to /home/andreagrandi/bio_project/output_sort_hierarchy/tumor_043_tumor_
Copied _x_52032_y_99776.jpg to /home/andreagrandi/bio_project/output_sort_hierarchy/tumor_043_tumor_
Copied _x_46912_y_91072.jpg to /home/andreagrandi/bio_project/output_sort_hierarchy/tumor_043_tumor_
Copied _x_55808_y_117440.jpg to /home/andreagrandi/bio_project/output_sort_hierarchy/tumor_043_tumor_
Copied _x_52800_y_81856.jpg to /home/andreagrandi/bio_project/output_sort_hierarchy/tumor_043_tumor_
Copied _x_40448_y_114880.jpg to /home/andreagrandi/bio_project/output_sort_hierarchy/tumor_043_tumor_
Copied _x_46336_y_113344.jpg to /home/andreagrandi/bio_project/output_sort_hierarchy/tumor_043_tumor_
Copied _x_58112_y_124096.jpg to /home/andreagrandi/bio_project/output_sort_hierarchy/tumor_043_tumor_
Copied _x_43008_y_121792.jpg to /home/andreagrandi/bio_project/output_sort_hierarchy/tumor_043_tumor_
Copied _x_39232_y_88000.jpg to /home/andreagrandi/bio_project/output_sort_hierarchy/tumor_043_tumor_
Copied _x_36928_y_94912.jpg to /home/andreagrandi/bio_project/output_sort_hierarchy/tumor_043_tumor_
Copied _x_40256_y_81600.jpg to /home/andreagrandi/bio_project/output_sort_hierarchy/tumor_043_tumor_
Copied _x_41024_y_91840.jpg to /home/andreagrandi/bio_project/output_sort_hierarchy/tumor_043_tumor_
Copied _x_33280_y_109504.jpg to /home/andreagrandi/bio_project/output_sort_hierarchy/tumor_043_tumor_
Copied _x_48960_y_101824.jpg to /home/andreagrandi/bio_project/output_sort_hierarchy/tumor_043_tumor_
Copied _x_47872_y_115904.jpg to /home/andreagrandi/bio_project/output_sort_hierarchy/tumor_043_tumor_
Copied _x_49408_y_123584.jpg to /home/andreagrandi/bio_project/output_sort_hierarchy/tumor_043_tumor_
Copied _x_39488_y_97984.jpg to /home/andreagrandi/bio_project/output_sort_hierarchy/tumor_043_tumor_
Copied _x_37440_y_89536.jpg to /home/andreagrandi/bio_project/output_sort_hierarchy/tumor_043_tumor_
Copied _x_51008_y_98496.jpg to /home/andreagrandi/bio_project/output_sort_hierarchy/tumor_043_tumor_
Copied _x_54528_y_115648.jpg to /home/andreagrandi/bio_project/output_sort_hierarchy/tumor_043_tumor_
Copied _x_52224_y_112576.jpg to /home/andreagrandi/bio_project/output_sort_hierarchy/tumor_043_tumor_
Copied _x_48896_y_122560.jpg to /home/andreagrandi/bio_project/output_sort_hierarchy/tumor_043_tumor_
Copied _x_40768_y_86720.jpg to /home/andreagrandi/bio_project/output_sort_hierarchy/tumor_043_tumor_
Copied _x_30720_y_111552.jpg to /home/andreagrandi/bio_project/output_sort_hierarchy/tumor_043_tumor_
Copied _x_43328_y_89024.jpg to /home/andreagrandi/bio_project/output_sort_hierarchy/tumor_043_tumor_
Copied _x_43520_y_119488.jpg to /home/andreagrandi/bio_project/output_sort_hierarchy/tumor_043_tumor_
Copied _x_51520_y_83392.jpg to /home/andreagrandi/bio_project/output_sort_hierarchy/tumor_043_tumor_
Copied _x_39936_y_124864.jpg to /home/andreagrandi/bio_project/output_sort_hierarchy/tumor_043_tumor_
Copied _x_37376_y_109248.jpg to /home/andreagrandi/bio_project/output_sort_hierarchy/tumor_043_tumor_
Copied _x_39936_y_107456.jpg to /home/andreagrandi/bio_project/output_sort_hierarchy/tumor_043_tumor_
Copied _x_45888_y_80320.jpg to /home/andreagrandi/bio_project/output_sort_hierarchy/tumor_043_tumor_
Copied _x_38400_y_111296.jpg to /home/andreagrandi/bio_project/output_sort_hierarchy/tumor_043_tumor_
Copied _x_83648_y_14720.jpg to /home/andreagrandi/bio_project/output_sort_hierarchy/tumor_043_tumor_
Copied _x_45120_y_89792.jpg to /home/andreagrandi/bio_project/output_sort_hierarchy/tumor_043_tumor_
Copied _x_43584_y_77504.jpg to /home/andreagrandi/bio_project/output_sort_hierarchy/tumor_043_tumor_
Copied _x_58880_y_123840.jpg to /home/andreagrandi/bio_project/output_sort_hierarchy/tumor_043_tumor_
Copied _x_90304_y_14464.jpg to /home/andreagrandi/bio_project/output_sort_hierarchy/tumor_043_tumor_
Copied _x_45568_y_117696.jpg to /home/andreagrandi/bio_project/output_sort_hierarchy/tumor_043_tumor_
Copied _x_45824_y_111552.jpg to /home/andreagrandi/bio_project/output_sort_hierarchy/tumor_043_tumor_
submitit INFO (2025-01-17 16:36:05,824) - Job completed successfully
submitit INFO (2025-01-17 16:36:05,824) - Exiting after successful completion
