submitit INFO (2025-01-17 16:36:05,080) - Starting with JobEnvironment(job_id=1441, hostname=lab01, local_rank=0(1), node=0(1), global_rank=0(1))
submitit INFO (2025-01-17 16:36:05,081) - Loading pickle: /home/andreagrandi/bio_project/preprocessing/LOGFOLDER/1441/1441_submitted.pkl
Copied _x_41984_y_74304.jpg to /home/andreagrandi/bio_project/output_sort_hierarchy/normal_101_normal_
Copied _x_43264_y_22400.jpg to /home/andreagrandi/bio_project/output_sort_hierarchy/normal_101_normal_
Copied _x_35072_y_78400.jpg to /home/andreagrandi/bio_project/output_sort_hierarchy/normal_101_normal_
Copied _x_17152_y_36480.jpg to /home/andreagrandi/bio_project/output_sort_hierarchy/normal_101_normal_
Copied _x_38144_y_70464.jpg to /home/andreagrandi/bio_project/output_sort_hierarchy/normal_101_normal_
Copied _x_25856_y_29568.jpg to /home/andreagrandi/bio_project/output_sort_hierarchy/normal_101_normal_
Copied _x_43520_y_77376.jpg to /home/andreagrandi/bio_project/output_sort_hierarchy/normal_101_normal_
Copied _x_47872_y_64832.jpg to /home/andreagrandi/bio_project/output_sort_hierarchy/normal_101_normal_
Copied _x_29440_y_35200.jpg to /home/andreagrandi/bio_project/output_sort_hierarchy/normal_101_normal_
Copied _x_44800_y_90432.jpg to /home/andreagrandi/bio_project/output_sort_hierarchy/normal_101_normal_
Copied _x_18688_y_36992.jpg to /home/andreagrandi/bio_project/output_sort_hierarchy/normal_101_normal_
Copied _x_25088_y_38528.jpg to /home/andreagrandi/bio_project/output_sort_hierarchy/normal_101_normal_
Copied _x_51456_y_63808.jpg to /home/andreagrandi/bio_project/output_sort_hierarchy/normal_101_normal_
Copied _x_35328_y_52864.jpg to /home/andreagrandi/bio_project/output_sort_hierarchy/normal_101_normal_
Copied _x_43520_y_21632.jpg to /home/andreagrandi/bio_project/output_sort_hierarchy/normal_101_normal_
Copied _x_37120_y_44928.jpg to /home/andreagrandi/bio_project/output_sort_hierarchy/normal_101_normal_
Copied _x_32768_y_38528.jpg to /home/andreagrandi/bio_project/output_sort_hierarchy/normal_101_normal_
Copied _x_37120_y_29056.jpg to /home/andreagrandi/bio_project/output_sort_hierarchy/normal_101_normal_
Copied _x_41728_y_56960.jpg to /home/andreagrandi/bio_project/output_sort_hierarchy/normal_101_normal_
Copied _x_37376_y_88640.jpg to /home/andreagrandi/bio_project/output_sort_hierarchy/normal_101_normal_
Copied _x_36352_y_35200.jpg to /home/andreagrandi/bio_project/output_sort_hierarchy/normal_101_normal_
Copied _x_48128_y_73280.jpg to /home/andreagrandi/bio_project/output_sort_hierarchy/normal_101_normal_
Copied _x_50944_y_48512.jpg to /home/andreagrandi/bio_project/output_sort_hierarchy/normal_101_normal_
Copied _x_47104_y_25984.jpg to /home/andreagrandi/bio_project/output_sort_hierarchy/normal_101_normal_
Copied _x_42240_y_67904.jpg to /home/andreagrandi/bio_project/output_sort_hierarchy/normal_101_normal_
Copied _x_36096_y_95808.jpg to /home/andreagrandi/bio_project/output_sort_hierarchy/normal_101_normal_
Copied _x_42240_y_68416.jpg to /home/andreagrandi/bio_project/output_sort_hierarchy/normal_101_normal_
Copied _x_33536_y_38016.jpg to /home/andreagrandi/bio_project/output_sort_hierarchy/normal_101_normal_
Copied _x_35584_y_90688.jpg to /home/andreagrandi/bio_project/output_sort_hierarchy/normal_101_normal_
Copied _x_48384_y_33152.jpg to /home/andreagrandi/bio_project/output_sort_hierarchy/normal_101_normal_
Copied _x_52736_y_31872.jpg to /home/andreagrandi/bio_project/output_sort_hierarchy/normal_101_normal_
Copied _x_28416_y_36480.jpg to /home/andreagrandi/bio_project/output_sort_hierarchy/normal_101_normal_
Copied _x_51456_y_53120.jpg to /home/andreagrandi/bio_project/output_sort_hierarchy/normal_101_normal_
Copied _x_45312_y_73792.jpg to /home/andreagrandi/bio_project/output_sort_hierarchy/normal_101_normal_
Copied _x_39936_y_90176.jpg to /home/andreagrandi/bio_project/output_sort_hierarchy/normal_101_normal_
Copied _x_49408_y_27008.jpg to /home/andreagrandi/bio_project/output_sort_hierarchy/normal_101_normal_
Copied _x_53248_y_43648.jpg to /home/andreagrandi/bio_project/output_sort_hierarchy/normal_101_normal_
Copied _x_38400_y_52608.jpg to /home/andreagrandi/bio_project/output_sort_hierarchy/normal_101_normal_
Copied _x_36096_y_42624.jpg to /home/andreagrandi/bio_project/output_sort_hierarchy/normal_101_normal_
Copied _x_52480_y_27520.jpg to /home/andreagrandi/bio_project/output_sort_hierarchy/normal_101_normal_
Copied _x_45824_y_93504.jpg to /home/andreagrandi/bio_project/output_sort_hierarchy/normal_101_normal_
Copied _x_38400_y_52352.jpg to /home/andreagrandi/bio_project/output_sort_hierarchy/normal_101_normal_
Copied _x_17152_y_28288.jpg to /home/andreagrandi/bio_project/output_sort_hierarchy/normal_101_normal_
Copied _x_30720_y_37760.jpg to /home/andreagrandi/bio_project/output_sort_hierarchy/normal_101_normal_
Copied _x_50944_y_39808.jpg to /home/andreagrandi/bio_project/output_sort_hierarchy/normal_101_normal_
Copied _x_19456_y_46208.jpg to /home/andreagrandi/bio_project/output_sort_hierarchy/normal_101_normal_
Copied _x_50176_y_21376.jpg to /home/andreagrandi/bio_project/output_sort_hierarchy/normal_101_normal_
Copied _x_39168_y_74048.jpg to /home/andreagrandi/bio_project/output_sort_hierarchy/normal_101_normal_
Copied _x_40448_y_20864.jpg to /home/andreagrandi/bio_project/output_sort_hierarchy/normal_101_normal_
Copied _x_32000_y_82752.jpg to /home/andreagrandi/bio_project/output_sort_hierarchy/normal_101_normal_
Copied _x_25088_y_24448.jpg to /home/andreagrandi/bio_project/output_sort_hierarchy/normal_101_normal_
Copied _x_31232_y_33664.jpg to /home/andreagrandi/bio_project/output_sort_hierarchy/normal_101_normal_
Copied _x_40448_y_93760.jpg to /home/andreagrandi/bio_project/output_sort_hierarchy/normal_101_normal_
Copied _x_30208_y_37504.jpg to /home/andreagrandi/bio_project/output_sort_hierarchy/normal_101_normal_
Copied _x_43264_y_32384.jpg to /home/andreagrandi/bio_project/output_sort_hierarchy/normal_101_normal_
Copied _x_21248_y_30592.jpg to /home/andreagrandi/bio_project/output_sort_hierarchy/normal_101_normal_
Copied _x_38400_y_48512.jpg to /home/andreagrandi/bio_project/output_sort_hierarchy/normal_101_normal_
Copied _x_50688_y_64320.jpg to /home/andreagrandi/bio_project/output_sort_hierarchy/normal_101_normal_
Copied _x_49408_y_51072.jpg to /home/andreagrandi/bio_project/output_sort_hierarchy/normal_101_normal_
Copied _x_41216_y_35712.jpg to /home/andreagrandi/bio_project/output_sort_hierarchy/normal_101_normal_
Copied _x_43008_y_71488.jpg to /home/andreagrandi/bio_project/output_sort_hierarchy/normal_101_normal_
Copied _x_39168_y_40320.jpg to /home/andreagrandi/bio_project/output_sort_hierarchy/normal_101_normal_
Copied _x_53248_y_45184.jpg to /home/andreagrandi/bio_project/output_sort_hierarchy/normal_101_normal_
Copied _x_45824_y_33408.jpg to /home/andreagrandi/bio_project/output_sort_hierarchy/normal_101_normal_
Copied _x_54016_y_13184.jpg to /home/andreagrandi/bio_project/output_sort_hierarchy/normal_101_normal_
Copied _x_31488_y_31360.jpg to /home/andreagrandi/bio_project/output_sort_hierarchy/normal_101_normal_
Copied _x_38144_y_18048.jpg to /home/andreagrandi/bio_project/output_sort_hierarchy/normal_101_normal_
Copied _x_32512_y_94528.jpg to /home/andreagrandi/bio_project/output_sort_hierarchy/normal_101_normal_
Copied _x_35840_y_54400.jpg to /home/andreagrandi/bio_project/output_sort_hierarchy/normal_101_normal_
Copied _x_16128_y_34176.jpg to /home/andreagrandi/bio_project/output_sort_hierarchy/normal_101_normal_
Copied _x_43264_y_69440.jpg to /home/andreagrandi/bio_project/output_sort_hierarchy/normal_101_normal_
Copied _x_29696_y_33920.jpg to /home/andreagrandi/bio_project/output_sort_hierarchy/normal_101_normal_
Copied _x_42752_y_56448.jpg to /home/andreagrandi/bio_project/output_sort_hierarchy/normal_101_normal_
Copied _x_55296_y_41088.jpg to /home/andreagrandi/bio_project/output_sort_hierarchy/normal_101_normal_
Copied _x_20480_y_43648.jpg to /home/andreagrandi/bio_project/output_sort_hierarchy/normal_101_normal_
Copied _x_35328_y_18048.jpg to /home/andreagrandi/bio_project/output_sort_hierarchy/normal_101_normal_
Copied _x_18688_y_43648.jpg to /home/andreagrandi/bio_project/output_sort_hierarchy/normal_101_normal_
Copied _x_18688_y_42624.jpg to /home/andreagrandi/bio_project/output_sort_hierarchy/normal_101_normal_
Copied _x_33280_y_53120.jpg to /home/andreagrandi/bio_project/output_sort_hierarchy/normal_101_normal_
Copied _x_54784_y_40832.jpg to /home/andreagrandi/bio_project/output_sort_hierarchy/normal_101_normal_
Copied _x_28416_y_43904.jpg to /home/andreagrandi/bio_project/output_sort_hierarchy/normal_101_normal_
Copied _x_44032_y_36992.jpg to /home/andreagrandi/bio_project/output_sort_hierarchy/normal_101_normal_
Copied _x_49664_y_30336.jpg to /home/andreagrandi/bio_project/output_sort_hierarchy/normal_101_normal_
Copied _x_49408_y_38784.jpg to /home/andreagrandi/bio_project/output_sort_hierarchy/normal_101_normal_
Copied _x_39936_y_65600.jpg to /home/andreagrandi/bio_project/output_sort_hierarchy/normal_101_normal_
Copied _x_32000_y_24192.jpg to /home/andreagrandi/bio_project/output_sort_hierarchy/normal_101_normal_
Copied _x_46848_y_63808.jpg to /home/andreagrandi/bio_project/output_sort_hierarchy/normal_101_normal_
Copied _x_32768_y_51584.jpg to /home/andreagrandi/bio_project/output_sort_hierarchy/normal_101_normal_
Copied _x_51712_y_50304.jpg to /home/andreagrandi/bio_project/output_sort_hierarchy/normal_101_normal_
Copied _x_38400_y_18816.jpg to /home/andreagrandi/bio_project/output_sort_hierarchy/normal_101_normal_
Copied _x_24576_y_35968.jpg to /home/andreagrandi/bio_project/output_sort_hierarchy/normal_101_normal_
Copied _x_35584_y_84800.jpg to /home/andreagrandi/bio_project/output_sort_hierarchy/normal_101_normal_
Copied _x_38656_y_96576.jpg to /home/andreagrandi/bio_project/output_sort_hierarchy/normal_101_normal_
Copied _x_52224_y_38528.jpg to /home/andreagrandi/bio_project/output_sort_hierarchy/normal_101_normal_
Copied _x_40960_y_36992.jpg to /home/andreagrandi/bio_project/output_sort_hierarchy/normal_101_normal_
Copied _x_44800_y_38784.jpg to /home/andreagrandi/bio_project/output_sort_hierarchy/normal_101_normal_
Copied _x_41472_y_64832.jpg to /home/andreagrandi/bio_project/output_sort_hierarchy/normal_101_normal_
Copied _x_50432_y_73280.jpg to /home/andreagrandi/bio_project/output_sort_hierarchy/normal_101_normal_
Copied _x_45312_y_15488.jpg to /home/andreagrandi/bio_project/output_sort_hierarchy/normal_101_normal_
Copied _x_40192_y_17280.jpg to /home/andreagrandi/bio_project/output_sort_hierarchy/normal_101_normal_
submitit INFO (2025-01-17 16:36:05,096) - Job completed successfully
submitit INFO (2025-01-17 16:36:05,096) - Exiting after successful completion
