submitit INFO (2025-01-17 16:36:08,632) - Starting with JobEnvironment(job_id=1478, hostname=lab01, local_rank=0(1), node=0(1), global_rank=0(1))
submitit INFO (2025-01-17 16:36:08,632) - Loading pickle: /home/andreagrandi/bio_project/preprocessing/LOGFOLDER/1478/1478_submitted.pkl
Copied _x_85760_y_146560.jpg to /home/andreagrandi/bio_project/output_sort_hierarchy/test_050_tumor_
Copied _x_80640_y_146304.jpg to /home/andreagrandi/bio_project/output_sort_hierarchy/test_050_tumor_
Copied _x_27584_y_148992.jpg to /home/andreagrandi/bio_project/output_sort_hierarchy/test_050_tumor_
Copied _x_70144_y_140416.jpg to /home/andreagrandi/bio_project/output_sort_hierarchy/test_050_tumor_
Copied _x_75264_y_156288.jpg to /home/andreagrandi/bio_project/output_sort_hierarchy/test_050_tumor_
Copied _x_36032_y_148992.jpg to /home/andreagrandi/bio_project/output_sort_hierarchy/test_050_tumor_
Copied _x_76288_y_146304.jpg to /home/andreagrandi/bio_project/output_sort_hierarchy/test_050_tumor_
Copied _x_68096_y_150656.jpg to /home/andreagrandi/bio_project/output_sort_hierarchy/test_050_tumor_
Copied _x_48064_y_149760.jpg to /home/andreagrandi/bio_project/output_sort_hierarchy/test_050_tumor_
Copied _x_22464_y_150016.jpg to /home/andreagrandi/bio_project/output_sort_hierarchy/test_050_tumor_
Copied _x_46272_y_168192.jpg to /home/andreagrandi/bio_project/output_sort_hierarchy/test_050_tumor_
Copied _x_64448_y_104768.jpg to /home/andreagrandi/bio_project/output_sort_hierarchy/test_050_tumor_
Copied _x_32192_y_152064.jpg to /home/andreagrandi/bio_project/output_sort_hierarchy/test_050_tumor_
Copied _x_74240_y_157056.jpg to /home/andreagrandi/bio_project/output_sort_hierarchy/test_050_tumor_
Copied _x_73984_y_141440.jpg to /home/andreagrandi/bio_project/output_sort_hierarchy/test_050_tumor_
Copied _x_70400_y_139904.jpg to /home/andreagrandi/bio_project/output_sort_hierarchy/test_050_tumor_
Copied _x_39872_y_158208.jpg to /home/andreagrandi/bio_project/output_sort_hierarchy/test_050_tumor_
Copied _x_52672_y_167424.jpg to /home/andreagrandi/bio_project/output_sort_hierarchy/test_050_tumor_
Copied _x_24000_y_148992.jpg to /home/andreagrandi/bio_project/output_sort_hierarchy/test_050_tumor_
Copied _x_19328_y_104640.jpg to /home/andreagrandi/bio_project/output_sort_hierarchy/test_050_tumor_
Copied _x_64960_y_103744.jpg to /home/andreagrandi/bio_project/output_sort_hierarchy/test_050_tumor_
Copied _x_46272_y_168960.jpg to /home/andreagrandi/bio_project/output_sort_hierarchy/test_050_tumor_
Copied _x_78848_y_150656.jpg to /home/andreagrandi/bio_project/output_sort_hierarchy/test_050_tumor_
Copied _x_74176_y_101696.jpg to /home/andreagrandi/bio_project/output_sort_hierarchy/test_050_tumor_
Copied _x_46272_y_166912.jpg to /home/andreagrandi/bio_project/output_sort_hierarchy/test_050_tumor_
Copied _x_84992_y_157568.jpg to /home/andreagrandi/bio_project/output_sort_hierarchy/test_050_tumor_
Copied _x_73152_y_107840.jpg to /home/andreagrandi/bio_project/output_sort_hierarchy/test_050_tumor_
Copied _x_76288_y_130944.jpg to /home/andreagrandi/bio_project/output_sort_hierarchy/test_050_tumor_
Copied _x_75264_y_147072.jpg to /home/andreagrandi/bio_project/output_sort_hierarchy/test_050_tumor_
Copied _x_75520_y_146048.jpg to /home/andreagrandi/bio_project/output_sort_hierarchy/test_050_tumor_
Copied _x_54208_y_158720.jpg to /home/andreagrandi/bio_project/output_sort_hierarchy/test_050_tumor_
Copied _x_36416_y_92160.jpg to /home/andreagrandi/bio_project/output_sort_hierarchy/test_050_tumor_
Copied _x_59840_y_101184.jpg to /home/andreagrandi/bio_project/output_sort_hierarchy/test_050_tumor_
Copied _x_18816_y_101056.jpg to /home/andreagrandi/bio_project/output_sort_hierarchy/test_050_tumor_
Copied _x_74496_y_153472.jpg to /home/andreagrandi/bio_project/output_sort_hierarchy/test_050_tumor_
Copied _x_39360_y_156416.jpg to /home/andreagrandi/bio_project/output_sort_hierarchy/test_050_tumor_
Copied _x_72704_y_136832.jpg to /home/andreagrandi/bio_project/output_sort_hierarchy/test_050_tumor_
Copied _x_82688_y_161920.jpg to /home/andreagrandi/bio_project/output_sort_hierarchy/test_050_tumor_
Copied _x_28864_y_160000.jpg to /home/andreagrandi/bio_project/output_sort_hierarchy/test_050_tumor_
Copied _x_37056_y_141824.jpg to /home/andreagrandi/bio_project/output_sort_hierarchy/test_050_tumor_
Copied _x_34368_y_88576.jpg to /home/andreagrandi/bio_project/output_sort_hierarchy/test_050_tumor_
Copied _x_75776_y_154240.jpg to /home/andreagrandi/bio_project/output_sort_hierarchy/test_050_tumor_
Copied _x_48832_y_152832.jpg to /home/andreagrandi/bio_project/output_sort_hierarchy/test_050_tumor_
Copied _x_54976_y_93504.jpg to /home/andreagrandi/bio_project/output_sort_hierarchy/test_050_tumor_
Copied _x_83456_y_157056.jpg to /home/andreagrandi/bio_project/output_sort_hierarchy/test_050_tumor_
Copied _x_72448_y_151936.jpg to /home/andreagrandi/bio_project/output_sort_hierarchy/test_050_tumor_
Copied _x_51648_y_168704.jpg to /home/andreagrandi/bio_project/output_sort_hierarchy/test_050_tumor_
Copied _x_39872_y_141056.jpg to /home/andreagrandi/bio_project/output_sort_hierarchy/test_050_tumor_
Copied _x_58048_y_95552.jpg to /home/andreagrandi/bio_project/output_sort_hierarchy/test_050_tumor_
Copied _x_24512_y_138496.jpg to /home/andreagrandi/bio_project/output_sort_hierarchy/test_050_tumor_
Copied _x_61632_y_102720.jpg to /home/andreagrandi/bio_project/output_sort_hierarchy/test_050_tumor_
Copied _x_58304_y_91200.jpg to /home/andreagrandi/bio_project/output_sort_hierarchy/test_050_tumor_
Copied _x_43968_y_148224.jpg to /home/andreagrandi/bio_project/output_sort_hierarchy/test_050_tumor_
Copied _x_37440_y_92160.jpg to /home/andreagrandi/bio_project/output_sort_hierarchy/test_050_tumor_
Copied _x_33728_y_157952.jpg to /home/andreagrandi/bio_project/output_sort_hierarchy/test_050_tumor_
Copied _x_39360_y_168192.jpg to /home/andreagrandi/bio_project/output_sort_hierarchy/test_050_tumor_
Copied _x_34496_y_161536.jpg to /home/andreagrandi/bio_project/output_sort_hierarchy/test_050_tumor_
Copied _x_44736_y_168960.jpg to /home/andreagrandi/bio_project/output_sort_hierarchy/test_050_tumor_
Copied _x_24512_y_138752.jpg to /home/andreagrandi/bio_project/output_sort_hierarchy/test_050_tumor_
Copied _x_43456_y_145408.jpg to /home/andreagrandi/bio_project/output_sort_hierarchy/test_050_tumor_
Copied _x_46784_y_158208.jpg to /home/andreagrandi/bio_project/output_sort_hierarchy/test_050_tumor_
Copied _x_43200_y_152576.jpg to /home/andreagrandi/bio_project/output_sort_hierarchy/test_050_tumor_
Copied _x_40000_y_88320.jpg to /home/andreagrandi/bio_project/output_sort_hierarchy/test_050_tumor_
Copied _x_26304_y_155648.jpg to /home/andreagrandi/bio_project/output_sort_hierarchy/test_050_tumor_
Copied _x_39360_y_161280.jpg to /home/andreagrandi/bio_project/output_sort_hierarchy/test_050_tumor_
Copied _x_48576_y_172288.jpg to /home/andreagrandi/bio_project/output_sort_hierarchy/test_050_tumor_
Copied _x_31680_y_143104.jpg to /home/andreagrandi/bio_project/output_sort_hierarchy/test_050_tumor_
Copied _x_43456_y_151552.jpg to /home/andreagrandi/bio_project/output_sort_hierarchy/test_050_tumor_
Copied _x_35008_y_139008.jpg to /home/andreagrandi/bio_project/output_sort_hierarchy/test_050_tumor_
Copied _x_86784_y_142720.jpg to /home/andreagrandi/bio_project/output_sort_hierarchy/test_050_tumor_
Copied _x_54720_y_91456.jpg to /home/andreagrandi/bio_project/output_sort_hierarchy/test_050_tumor_
Copied _x_28096_y_151040.jpg to /home/andreagrandi/bio_project/output_sort_hierarchy/test_050_tumor_
Copied _x_26816_y_146432.jpg to /home/andreagrandi/bio_project/output_sort_hierarchy/test_050_tumor_
Copied _x_24512_y_135936.jpg to /home/andreagrandi/bio_project/output_sort_hierarchy/test_050_tumor_
Copied _x_69120_y_143488.jpg to /home/andreagrandi/bio_project/output_sort_hierarchy/test_050_tumor_
Copied _x_22208_y_149248.jpg to /home/andreagrandi/bio_project/output_sort_hierarchy/test_050_tumor_
Copied _x_35776_y_145152.jpg to /home/andreagrandi/bio_project/output_sort_hierarchy/test_050_tumor_
Copied _x_33216_y_152064.jpg to /home/andreagrandi/bio_project/output_sort_hierarchy/test_050_tumor_
Copied _x_88064_y_159360.jpg to /home/andreagrandi/bio_project/output_sort_hierarchy/test_050_tumor_
Copied _x_88320_y_159872.jpg to /home/andreagrandi/bio_project/output_sort_hierarchy/test_050_tumor_
Copied _x_26560_y_141312.jpg to /home/andreagrandi/bio_project/output_sort_hierarchy/test_050_tumor_
Copied _x_62912_y_92224.jpg to /home/andreagrandi/bio_project/output_sort_hierarchy/test_050_tumor_
Copied _x_27840_y_145408.jpg to /home/andreagrandi/bio_project/output_sort_hierarchy/test_050_tumor_
Copied _x_47296_y_159488.jpg to /home/andreagrandi/bio_project/output_sort_hierarchy/test_050_tumor_
Copied _x_64704_y_100672.jpg to /home/andreagrandi/bio_project/output_sort_hierarchy/test_050_tumor_
Copied _x_36800_y_158208.jpg to /home/andreagrandi/bio_project/output_sort_hierarchy/test_050_tumor_
Copied _x_38592_y_140288.jpg to /home/andreagrandi/bio_project/output_sort_hierarchy/test_050_tumor_
Copied _x_86784_y_152960.jpg to /home/andreagrandi/bio_project/output_sort_hierarchy/test_050_tumor_
Copied _x_80384_y_147072.jpg to /home/andreagrandi/bio_project/output_sort_hierarchy/test_050_tumor_
Copied _x_19584_y_105152.jpg to /home/andreagrandi/bio_project/output_sort_hierarchy/test_050_tumor_
Copied _x_37824_y_164096.jpg to /home/andreagrandi/bio_project/output_sort_hierarchy/test_050_tumor_
Copied _x_33472_y_145408.jpg to /home/andreagrandi/bio_project/output_sort_hierarchy/test_050_tumor_
Copied _x_73728_y_147584.jpg to /home/andreagrandi/bio_project/output_sort_hierarchy/test_050_tumor_
Copied _x_37056_y_144896.jpg to /home/andreagrandi/bio_project/output_sort_hierarchy/test_050_tumor_
Copied _x_77568_y_149376.jpg to /home/andreagrandi/bio_project/output_sort_hierarchy/test_050_tumor_
Copied _x_87808_y_154240.jpg to /home/andreagrandi/bio_project/output_sort_hierarchy/test_050_tumor_
Copied _x_47296_y_166400.jpg to /home/andreagrandi/bio_project/output_sort_hierarchy/test_050_tumor_
Copied _x_40384_y_150016.jpg to /home/andreagrandi/bio_project/output_sort_hierarchy/test_050_tumor_
Copied _x_38592_y_151296.jpg to /home/andreagrandi/bio_project/output_sort_hierarchy/test_050_tumor_
Copied _x_38080_y_156928.jpg to /home/andreagrandi/bio_project/output_sort_hierarchy/test_050_tumor_
submitit INFO (2025-01-17 16:36:08,647) - Job completed successfully
submitit INFO (2025-01-17 16:36:08,648) - Exiting after successful completion
