submitit INFO (2025-01-17 16:36:06,823) - Starting with JobEnvironment(job_id=1460, hostname=lab01, local_rank=0(1), node=0(1), global_rank=0(1))
submitit INFO (2025-01-17 16:36:06,823) - Loading pickle: /home/andreagrandi/bio_project/preprocessing/LOGFOLDER/1460/1460_submitted.pkl
Copied _x_39424_y_144064.jpg to /home/andreagrandi/bio_project/output_sort_hierarchy/normal_097_normal_
Copied _x_58560_y_90304.jpg to /home/andreagrandi/bio_project/output_sort_hierarchy/normal_097_normal_
Copied _x_80896_y_147968.jpg to /home/andreagrandi/bio_project/output_sort_hierarchy/normal_097_normal_
Copied _x_77056_y_155136.jpg to /home/andreagrandi/bio_project/output_sort_hierarchy/normal_097_normal_
Copied _x_33792_y_154048.jpg to /home/andreagrandi/bio_project/output_sort_hierarchy/normal_097_normal_
Copied _x_50944_y_80000.jpg to /home/andreagrandi/bio_project/output_sort_hierarchy/normal_097_normal_
Copied _x_54912_y_173440.jpg to /home/andreagrandi/bio_project/output_sort_hierarchy/normal_097_normal_
Copied _x_82432_y_159488.jpg to /home/andreagrandi/bio_project/output_sort_hierarchy/normal_097_normal_
Copied _x_37632_y_121280.jpg to /home/andreagrandi/bio_project/output_sort_hierarchy/normal_097_normal_
Copied _x_47616_y_121024.jpg to /home/andreagrandi/bio_project/output_sort_hierarchy/normal_097_normal_
Copied _x_77888_y_105088.jpg to /home/andreagrandi/bio_project/output_sort_hierarchy/normal_097_normal_
Copied _x_78400_y_110464.jpg to /home/andreagrandi/bio_project/output_sort_hierarchy/normal_097_normal_
Copied _x_59136_y_136960.jpg to /home/andreagrandi/bio_project/output_sort_hierarchy/normal_097_normal_
Copied _x_43264_y_133312.jpg to /home/andreagrandi/bio_project/output_sort_hierarchy/normal_097_normal_
Copied _x_73728_y_182528.jpg to /home/andreagrandi/bio_project/output_sort_hierarchy/normal_097_normal_
Copied _x_40192_y_152000.jpg to /home/andreagrandi/bio_project/output_sort_hierarchy/normal_097_normal_
Copied _x_29568_y_88832.jpg to /home/andreagrandi/bio_project/output_sort_hierarchy/normal_097_normal_
Copied _x_55552_y_84352.jpg to /home/andreagrandi/bio_project/output_sort_hierarchy/normal_097_normal_
Copied _x_69376_y_159744.jpg to /home/andreagrandi/bio_project/output_sort_hierarchy/normal_097_normal_
Copied _x_83008_y_103040.jpg to /home/andreagrandi/bio_project/output_sort_hierarchy/normal_097_normal_
Copied _x_62208_y_155904.jpg to /home/andreagrandi/bio_project/output_sort_hierarchy/normal_097_normal_
Copied _x_63232_y_170240.jpg to /home/andreagrandi/bio_project/output_sort_hierarchy/normal_097_normal_
Copied _x_55040_y_86656.jpg to /home/andreagrandi/bio_project/output_sort_hierarchy/normal_097_normal_
Copied _x_73472_y_136448.jpg to /home/andreagrandi/bio_project/output_sort_hierarchy/normal_097_normal_
Copied _x_37888_y_123072.jpg to /home/andreagrandi/bio_project/output_sort_hierarchy/normal_097_normal_
Copied _x_56064_y_146432.jpg to /home/andreagrandi/bio_project/output_sort_hierarchy/normal_097_normal_
Copied _x_68608_y_133632.jpg to /home/andreagrandi/bio_project/output_sort_hierarchy/normal_097_normal_
Copied _x_69376_y_155392.jpg to /home/andreagrandi/bio_project/output_sort_hierarchy/normal_097_normal_
Copied _x_78336_y_141312.jpg to /home/andreagrandi/bio_project/output_sort_hierarchy/normal_097_normal_
Copied _x_75520_y_155904.jpg to /home/andreagrandi/bio_project/output_sort_hierarchy/normal_097_normal_
Copied _x_65024_y_164608.jpg to /home/andreagrandi/bio_project/output_sort_hierarchy/normal_097_normal_
Copied _x_70272_y_97344.jpg to /home/andreagrandi/bio_project/output_sort_hierarchy/normal_097_normal_
Copied _x_61696_y_129792.jpg to /home/andreagrandi/bio_project/output_sort_hierarchy/normal_097_normal_
Copied _x_34944_y_76544.jpg to /home/andreagrandi/bio_project/output_sort_hierarchy/normal_097_normal_
Copied _x_78336_y_153600.jpg to /home/andreagrandi/bio_project/output_sort_hierarchy/normal_097_normal_
Copied _x_45824_y_126912.jpg to /home/andreagrandi/bio_project/output_sort_hierarchy/normal_097_normal_
Copied _x_59904_y_144640.jpg to /home/andreagrandi/bio_project/output_sort_hierarchy/normal_097_normal_
Copied _x_45568_y_92288.jpg to /home/andreagrandi/bio_project/output_sort_hierarchy/normal_097_normal_
Copied _x_26240_y_85760.jpg to /home/andreagrandi/bio_project/output_sort_hierarchy/normal_097_normal_
Copied _x_45568_y_138688.jpg to /home/andreagrandi/bio_project/output_sort_hierarchy/normal_097_normal_
Copied _x_69888_y_152320.jpg to /home/andreagrandi/bio_project/output_sort_hierarchy/normal_097_normal_
Copied _x_36480_y_86272.jpg to /home/andreagrandi/bio_project/output_sort_hierarchy/normal_097_normal_
Copied _x_83200_y_169216.jpg to /home/andreagrandi/bio_project/output_sort_hierarchy/normal_097_normal_
Copied _x_79104_y_169472.jpg to /home/andreagrandi/bio_project/output_sort_hierarchy/normal_097_normal_
Copied _x_80448_y_102272.jpg to /home/andreagrandi/bio_project/output_sort_hierarchy/normal_097_normal_
Copied _x_73216_y_134656.jpg to /home/andreagrandi/bio_project/output_sort_hierarchy/normal_097_normal_
Copied _x_60928_y_143360.jpg to /home/andreagrandi/bio_project/output_sort_hierarchy/normal_097_normal_
Copied _x_71680_y_179200.jpg to /home/andreagrandi/bio_project/output_sort_hierarchy/normal_097_normal_
Copied _x_57088_y_83584.jpg to /home/andreagrandi/bio_project/output_sort_hierarchy/normal_097_normal_
Copied _x_66304_y_168448.jpg to /home/andreagrandi/bio_project/output_sort_hierarchy/normal_097_normal_
Copied _x_33536_y_148416.jpg to /home/andreagrandi/bio_project/output_sort_hierarchy/normal_097_normal_
Copied _x_40192_y_119488.jpg to /home/andreagrandi/bio_project/output_sort_hierarchy/normal_097_normal_
Copied _x_43008_y_126656.jpg to /home/andreagrandi/bio_project/output_sort_hierarchy/normal_097_normal_
Copied _x_66048_y_145920.jpg to /home/andreagrandi/bio_project/output_sort_hierarchy/normal_097_normal_
Copied _x_33536_y_135360.jpg to /home/andreagrandi/bio_project/output_sort_hierarchy/normal_097_normal_
Copied _x_71168_y_152832.jpg to /home/andreagrandi/bio_project/output_sort_hierarchy/normal_097_normal_
Copied _x_30208_y_112576.jpg to /home/andreagrandi/bio_project/output_sort_hierarchy/normal_097_normal_
Copied _x_26496_y_94720.jpg to /home/andreagrandi/bio_project/output_sort_hierarchy/normal_097_normal_
Copied _x_81984_y_97152.jpg to /home/andreagrandi/bio_project/output_sort_hierarchy/normal_097_normal_
Copied _x_75008_y_176640.jpg to /home/andreagrandi/bio_project/output_sort_hierarchy/normal_097_normal_
Copied _x_80384_y_159488.jpg to /home/andreagrandi/bio_project/output_sort_hierarchy/normal_097_normal_
Copied _x_39680_y_150976.jpg to /home/andreagrandi/bio_project/output_sort_hierarchy/normal_097_normal_
Copied _x_62144_y_75392.jpg to /home/andreagrandi/bio_project/output_sort_hierarchy/normal_097_normal_
Copied _x_37120_y_145088.jpg to /home/andreagrandi/bio_project/output_sort_hierarchy/normal_097_normal_
Copied _x_73984_y_153600.jpg to /home/andreagrandi/bio_project/output_sort_hierarchy/normal_097_normal_
Copied _x_41216_y_125888.jpg to /home/andreagrandi/bio_project/output_sort_hierarchy/normal_097_normal_
Copied _x_73728_y_151808.jpg to /home/andreagrandi/bio_project/output_sort_hierarchy/normal_097_normal_
Copied _x_73728_y_165120.jpg to /home/andreagrandi/bio_project/output_sort_hierarchy/normal_097_normal_
Copied _x_79104_y_141312.jpg to /home/andreagrandi/bio_project/output_sort_hierarchy/normal_097_normal_
Copied _x_70656_y_180480.jpg to /home/andreagrandi/bio_project/output_sort_hierarchy/normal_097_normal_
Copied _x_79360_y_141568.jpg to /home/andreagrandi/bio_project/output_sort_hierarchy/normal_097_normal_
Copied _x_36864_y_120512.jpg to /home/andreagrandi/bio_project/output_sort_hierarchy/normal_097_normal_
Copied _x_49920_y_87424.jpg to /home/andreagrandi/bio_project/output_sort_hierarchy/normal_097_normal_
Copied _x_32384_y_84736.jpg to /home/andreagrandi/bio_project/output_sort_hierarchy/normal_097_normal_
Copied _x_61696_y_164608.jpg to /home/andreagrandi/bio_project/output_sort_hierarchy/normal_097_normal_
Copied _x_32384_y_86784.jpg to /home/andreagrandi/bio_project/output_sort_hierarchy/normal_097_normal_
Copied _x_67840_y_141056.jpg to /home/andreagrandi/bio_project/output_sort_hierarchy/normal_097_normal_
Copied _x_51200_y_77952.jpg to /home/andreagrandi/bio_project/output_sort_hierarchy/normal_097_normal_
Copied _x_68736_y_100160.jpg to /home/andreagrandi/bio_project/output_sort_hierarchy/normal_097_normal_
Copied _x_55936_y_175488.jpg to /home/andreagrandi/bio_project/output_sort_hierarchy/normal_097_normal_
Copied _x_79104_y_162048.jpg to /home/andreagrandi/bio_project/output_sort_hierarchy/normal_097_normal_
Copied _x_31232_y_137152.jpg to /home/andreagrandi/bio_project/output_sort_hierarchy/normal_097_normal_
Copied _x_69632_y_148480.jpg to /home/andreagrandi/bio_project/output_sort_hierarchy/normal_097_normal_
Copied _x_40960_y_152256.jpg to /home/andreagrandi/bio_project/output_sort_hierarchy/normal_097_normal_
Copied _x_40960_y_116160.jpg to /home/andreagrandi/bio_project/output_sort_hierarchy/normal_097_normal_
Copied _x_36352_y_153024.jpg to /home/andreagrandi/bio_project/output_sort_hierarchy/normal_097_normal_
Copied _x_76352_y_107392.jpg to /home/andreagrandi/bio_project/output_sort_hierarchy/normal_097_normal_
Copied _x_74240_y_162816.jpg to /home/andreagrandi/bio_project/output_sort_hierarchy/normal_097_normal_
Copied _x_34048_y_111552.jpg to /home/andreagrandi/bio_project/output_sort_hierarchy/normal_097_normal_
Copied _x_79680_y_116608.jpg to /home/andreagrandi/bio_project/output_sort_hierarchy/normal_097_normal_
Copied _x_54016_y_82816.jpg to /home/andreagrandi/bio_project/output_sort_hierarchy/normal_097_normal_
Copied _x_66432_y_103488.jpg to /home/andreagrandi/bio_project/output_sort_hierarchy/normal_097_normal_
Copied _x_67584_y_132864.jpg to /home/andreagrandi/bio_project/output_sort_hierarchy/normal_097_normal_
Copied _x_35584_y_148160.jpg to /home/andreagrandi/bio_project/output_sort_hierarchy/normal_097_normal_
Copied _x_69504_y_96576.jpg to /home/andreagrandi/bio_project/output_sort_hierarchy/normal_097_normal_
Copied _x_47104_y_135616.jpg to /home/andreagrandi/bio_project/output_sort_hierarchy/normal_097_normal_
Copied _x_75008_y_148736.jpg to /home/andreagrandi/bio_project/output_sort_hierarchy/normal_097_normal_
Copied _x_33280_y_119232.jpg to /home/andreagrandi/bio_project/output_sort_hierarchy/normal_097_normal_
Copied _x_64768_y_138240.jpg to /home/andreagrandi/bio_project/output_sort_hierarchy/normal_097_normal_
Copied _x_60928_y_128512.jpg to /home/andreagrandi/bio_project/output_sort_hierarchy/normal_097_normal_
submitit INFO (2025-01-17 16:36:06,838) - Job completed successfully
submitit INFO (2025-01-17 16:36:06,838) - Exiting after successful completion
