submitit INFO (2025-01-17 16:36:06,215) - Starting with JobEnvironment(job_id=1454, hostname=lab01, local_rank=0(1), node=0(1), global_rank=0(1))
submitit INFO (2025-01-17 16:36:06,215) - Loading pickle: /home/andreagrandi/bio_project/preprocessing/LOGFOLDER/1454/1454_submitted.pkl
Copied _x_76928_y_88320.jpg to /home/andreagrandi/bio_project/output_sort_hierarchy/tumor_041_tumor_
Copied _x_45056_y_177600.jpg to /home/andreagrandi/bio_project/output_sort_hierarchy/tumor_041_tumor_
Copied _x_60288_y_84992.jpg to /home/andreagrandi/bio_project/output_sort_hierarchy/tumor_041_tumor_
Copied _x_33536_y_72192.jpg to /home/andreagrandi/bio_project/output_sort_hierarchy/tumor_041_tumor_
Copied _x_67520_y_108224.jpg to /home/andreagrandi/bio_project/output_sort_hierarchy/tumor_041_tumor_
Copied _x_89216_y_112128.jpg to /home/andreagrandi/bio_project/output_sort_hierarchy/tumor_041_tumor_
Copied _x_80768_y_96256.jpg to /home/andreagrandi/bio_project/output_sort_hierarchy/tumor_041_tumor_
Copied _x_24832_y_77568.jpg to /home/andreagrandi/bio_project/output_sort_hierarchy/tumor_041_tumor_
Copied _x_34816_y_67328.jpg to /home/andreagrandi/bio_project/output_sort_hierarchy/tumor_041_tumor_
Copied _x_61056_y_181952.jpg to /home/andreagrandi/bio_project/output_sort_hierarchy/tumor_041_tumor_
Copied _x_85376_y_116736.jpg to /home/andreagrandi/bio_project/output_sort_hierarchy/tumor_041_tumor_
Copied _x_56000_y_99520.jpg to /home/andreagrandi/bio_project/output_sort_hierarchy/tumor_041_tumor_
Copied _x_60096_y_106432.jpg to /home/andreagrandi/bio_project/output_sort_hierarchy/tumor_041_tumor_
Copied _x_30464_y_65792.jpg to /home/andreagrandi/bio_project/output_sort_hierarchy/tumor_041_tumor_
Copied _x_68480_y_180416.jpg to /home/andreagrandi/bio_project/output_sort_hierarchy/tumor_041_tumor_
Copied _x_81536_y_91392.jpg to /home/andreagrandi/bio_project/output_sort_hierarchy/tumor_041_tumor_
Copied _x_68992_y_91648.jpg to /home/andreagrandi/bio_project/output_sort_hierarchy/tumor_041_tumor_
Copied _x_27200_y_87744.jpg to /home/andreagrandi/bio_project/output_sort_hierarchy/tumor_041_tumor_
Copied _x_79488_y_94720.jpg to /home/andreagrandi/bio_project/output_sort_hierarchy/tumor_041_tumor_
Copied _x_67968_y_139456.jpg to /home/andreagrandi/bio_project/output_sort_hierarchy/tumor_041_tumor_
Copied _x_81792_y_90624.jpg to /home/andreagrandi/bio_project/output_sort_hierarchy/tumor_041_tumor_
Copied _x_31040_y_87232.jpg to /home/andreagrandi/bio_project/output_sort_hierarchy/tumor_041_tumor_
Copied _x_33792_y_61440.jpg to /home/andreagrandi/bio_project/output_sort_hierarchy/tumor_041_tumor_
Copied _x_66688_y_181440.jpg to /home/andreagrandi/bio_project/output_sort_hierarchy/tumor_041_tumor_
Copied _x_34304_y_62720.jpg to /home/andreagrandi/bio_project/output_sort_hierarchy/tumor_041_tumor_
Copied _x_33280_y_70144.jpg to /home/andreagrandi/bio_project/output_sort_hierarchy/tumor_041_tumor_
Copied _x_89216_y_106496.jpg to /home/andreagrandi/bio_project/output_sort_hierarchy/tumor_041_tumor_
Copied _x_71552_y_93952.jpg to /home/andreagrandi/bio_project/output_sort_hierarchy/tumor_041_tumor_
Copied _x_60352_y_107456.jpg to /home/andreagrandi/bio_project/output_sort_hierarchy/tumor_041_tumor_
Copied _x_46336_y_77568.jpg to /home/andreagrandi/bio_project/output_sort_hierarchy/tumor_041_tumor_
Copied _x_79488_y_98816.jpg to /home/andreagrandi/bio_project/output_sort_hierarchy/tumor_041_tumor_
Copied _x_48128_y_69632.jpg to /home/andreagrandi/bio_project/output_sort_hierarchy/tumor_041_tumor_
Copied _x_50432_y_140608.jpg to /home/andreagrandi/bio_project/output_sort_hierarchy/tumor_041_tumor_
Copied _x_49408_y_177600.jpg to /home/andreagrandi/bio_project/output_sort_hierarchy/tumor_041_tumor_
Copied _x_68992_y_94464.jpg to /home/andreagrandi/bio_project/output_sort_hierarchy/tumor_041_tumor_
Copied _x_37376_y_72960.jpg to /home/andreagrandi/bio_project/output_sort_hierarchy/tumor_041_tumor_
Copied _x_47104_y_70144.jpg to /home/andreagrandi/bio_project/output_sort_hierarchy/tumor_041_tumor_
Copied _x_75904_y_96256.jpg to /home/andreagrandi/bio_project/output_sort_hierarchy/tumor_041_tumor_
Copied _x_83072_y_115712.jpg to /home/andreagrandi/bio_project/output_sort_hierarchy/tumor_041_tumor_
Copied _x_67456_y_91136.jpg to /home/andreagrandi/bio_project/output_sort_hierarchy/tumor_041_tumor_
Copied _x_48640_y_178624.jpg to /home/andreagrandi/bio_project/output_sort_hierarchy/tumor_041_tumor_
Copied _x_83328_y_114944.jpg to /home/andreagrandi/bio_project/output_sort_hierarchy/tumor_041_tumor_
Copied _x_69056_y_113856.jpg to /home/andreagrandi/bio_project/output_sort_hierarchy/tumor_041_tumor_
Copied _x_45824_y_64000.jpg to /home/andreagrandi/bio_project/output_sort_hierarchy/tumor_041_tumor_
Copied _x_34304_y_63744.jpg to /home/andreagrandi/bio_project/output_sort_hierarchy/tumor_041_tumor_
Copied _x_29440_y_80128.jpg to /home/andreagrandi/bio_project/output_sort_hierarchy/tumor_041_tumor_
Copied _x_65152_y_187840.jpg to /home/andreagrandi/bio_project/output_sort_hierarchy/tumor_041_tumor_
Copied _x_47872_y_75008.jpg to /home/andreagrandi/bio_project/output_sort_hierarchy/tumor_041_tumor_
Copied _x_86400_y_105472.jpg to /home/andreagrandi/bio_project/output_sort_hierarchy/tumor_041_tumor_
Copied _x_59328_y_101056.jpg to /home/andreagrandi/bio_project/output_sort_hierarchy/tumor_041_tumor_
Copied _x_26624_y_77824.jpg to /home/andreagrandi/bio_project/output_sort_hierarchy/tumor_041_tumor_
Copied _x_28928_y_72192.jpg to /home/andreagrandi/bio_project/output_sort_hierarchy/tumor_041_tumor_
Copied _x_75904_y_91648.jpg to /home/andreagrandi/bio_project/output_sort_hierarchy/tumor_041_tumor_
Copied _x_65408_y_83200.jpg to /home/andreagrandi/bio_project/output_sort_hierarchy/tumor_041_tumor_
Copied _x_37632_y_73216.jpg to /home/andreagrandi/bio_project/output_sort_hierarchy/tumor_041_tumor_
Copied _x_41984_y_68096.jpg to /home/andreagrandi/bio_project/output_sort_hierarchy/tumor_041_tumor_
Copied _x_67520_y_109504.jpg to /home/andreagrandi/bio_project/output_sort_hierarchy/tumor_041_tumor_
Copied _x_85120_y_16256.jpg to /home/andreagrandi/bio_project/output_sort_hierarchy/tumor_041_tumor_
Copied _x_23040_y_81408.jpg to /home/andreagrandi/bio_project/output_sort_hierarchy/tumor_041_tumor_
Copied _x_66688_y_82432.jpg to /home/andreagrandi/bio_project/output_sort_hierarchy/tumor_041_tumor_
Copied _x_49920_y_69376.jpg to /home/andreagrandi/bio_project/output_sort_hierarchy/tumor_041_tumor_
Copied _x_25856_y_77824.jpg to /home/andreagrandi/bio_project/output_sort_hierarchy/tumor_041_tumor_
Copied _x_67200_y_178368.jpg to /home/andreagrandi/bio_project/output_sort_hierarchy/tumor_041_tumor_
Copied _x_71552_y_94208.jpg to /home/andreagrandi/bio_project/output_sort_hierarchy/tumor_041_tumor_
Copied _x_63616_y_88576.jpg to /home/andreagrandi/bio_project/output_sort_hierarchy/tumor_041_tumor_
Copied _x_75136_y_92672.jpg to /home/andreagrandi/bio_project/output_sort_hierarchy/tumor_041_tumor_
Copied _x_45312_y_70400.jpg to /home/andreagrandi/bio_project/output_sort_hierarchy/tumor_041_tumor_
Copied _x_67456_y_175296.jpg to /home/andreagrandi/bio_project/output_sort_hierarchy/tumor_041_tumor_
Copied _x_41472_y_69632.jpg to /home/andreagrandi/bio_project/output_sort_hierarchy/tumor_041_tumor_
Copied _x_65152_y_135104.jpg to /home/andreagrandi/bio_project/output_sort_hierarchy/tumor_041_tumor_
Copied _x_30272_y_88256.jpg to /home/andreagrandi/bio_project/output_sort_hierarchy/tumor_041_tumor_
Copied _x_83328_y_103168.jpg to /home/andreagrandi/bio_project/output_sort_hierarchy/tumor_041_tumor_
Copied _x_42752_y_66304.jpg to /home/andreagrandi/bio_project/output_sort_hierarchy/tumor_041_tumor_
Copied _x_81536_y_105216.jpg to /home/andreagrandi/bio_project/output_sort_hierarchy/tumor_041_tumor_
Copied _x_86912_y_13440.jpg to /home/andreagrandi/bio_project/output_sort_hierarchy/tumor_041_tumor_
Copied _x_28480_y_87488.jpg to /home/andreagrandi/bio_project/output_sort_hierarchy/tumor_041_tumor_
Copied _x_29504_y_89024.jpg to /home/andreagrandi/bio_project/output_sort_hierarchy/tumor_041_tumor_
Copied _x_32768_y_77568.jpg to /home/andreagrandi/bio_project/output_sort_hierarchy/tumor_041_tumor_
Copied _x_57024_y_95424.jpg to /home/andreagrandi/bio_project/output_sort_hierarchy/tumor_041_tumor_
Copied _x_85888_y_114176.jpg to /home/andreagrandi/bio_project/output_sort_hierarchy/tumor_041_tumor_
Copied _x_88704_y_110080.jpg to /home/andreagrandi/bio_project/output_sort_hierarchy/tumor_041_tumor_
Copied _x_83328_y_98816.jpg to /home/andreagrandi/bio_project/output_sort_hierarchy/tumor_041_tumor_
Copied _x_82048_y_114176.jpg to /home/andreagrandi/bio_project/output_sort_hierarchy/tumor_041_tumor_
Copied _x_57536_y_97472.jpg to /home/andreagrandi/bio_project/output_sort_hierarchy/tumor_041_tumor_
Copied _x_48128_y_176832.jpg to /home/andreagrandi/bio_project/output_sort_hierarchy/tumor_041_tumor_
Copied _x_66176_y_176832.jpg to /home/andreagrandi/bio_project/output_sort_hierarchy/tumor_041_tumor_
Copied _x_69248_y_80384.jpg to /home/andreagrandi/bio_project/output_sort_hierarchy/tumor_041_tumor_
Copied _x_49920_y_178368.jpg to /home/andreagrandi/bio_project/output_sort_hierarchy/tumor_041_tumor_
Copied _x_34560_y_71680.jpg to /home/andreagrandi/bio_project/output_sort_hierarchy/tumor_041_tumor_
Copied _x_47616_y_175296.jpg to /home/andreagrandi/bio_project/output_sort_hierarchy/tumor_041_tumor_
Copied _x_21760_y_83200.jpg to /home/andreagrandi/bio_project/output_sort_hierarchy/tumor_041_tumor_
Copied _x_65152_y_180416.jpg to /home/andreagrandi/bio_project/output_sort_hierarchy/tumor_041_tumor_
Copied _x_59072_y_103104.jpg to /home/andreagrandi/bio_project/output_sort_hierarchy/tumor_041_tumor_
Copied _x_44544_y_68608.jpg to /home/andreagrandi/bio_project/output_sort_hierarchy/tumor_041_tumor_
Copied _x_68224_y_91648.jpg to /home/andreagrandi/bio_project/output_sort_hierarchy/tumor_041_tumor_
Copied _x_84096_y_108800.jpg to /home/andreagrandi/bio_project/output_sort_hierarchy/tumor_041_tumor_
Copied _x_28160_y_80640.jpg to /home/andreagrandi/bio_project/output_sort_hierarchy/tumor_041_tumor_
Copied _x_39936_y_64512.jpg to /home/andreagrandi/bio_project/output_sort_hierarchy/tumor_041_tumor_
Copied _x_47616_y_172224.jpg to /home/andreagrandi/bio_project/output_sort_hierarchy/tumor_041_tumor_
Copied _x_31296_y_88000.jpg to /home/andreagrandi/bio_project/output_sort_hierarchy/tumor_041_tumor_
submitit INFO (2025-01-17 16:36:06,230) - Job completed successfully
submitit INFO (2025-01-17 16:36:06,231) - Exiting after successful completion
