submitit INFO (2025-01-17 16:36:06,024) - Starting with JobEnvironment(job_id=1451, hostname=lab01, local_rank=0(1), node=0(1), global_rank=0(1))
submitit INFO (2025-01-17 16:36:06,024) - Loading pickle: /home/andreagrandi/bio_project/preprocessing/LOGFOLDER/1451/1451_submitted.pkl
Copied _x_65280_y_114880.jpg to /home/andreagrandi/bio_project/output_sort_hierarchy/tumor_040_tumor_
Copied _x_66304_y_131520.jpg to /home/andreagrandi/bio_project/output_sort_hierarchy/tumor_040_tumor_
Copied _x_50240_y_139648.jpg to /home/andreagrandi/bio_project/output_sort_hierarchy/tumor_040_tumor_
Copied _x_15424_y_98624.jpg to /home/andreagrandi/bio_project/output_sort_hierarchy/tumor_040_tumor_
Copied _x_71168_y_135104.jpg to /home/andreagrandi/bio_project/output_sort_hierarchy/tumor_040_tumor_
Copied _x_41792_y_147776.jpg to /home/andreagrandi/bio_project/output_sort_hierarchy/tumor_040_tumor_
Copied _x_59648_y_137664.jpg to /home/andreagrandi/bio_project/output_sort_hierarchy/tumor_040_tumor_
Copied _x_63744_y_128448.jpg to /home/andreagrandi/bio_project/output_sort_hierarchy/tumor_040_tumor_
Copied _x_61952_y_118976.jpg to /home/andreagrandi/bio_project/output_sort_hierarchy/tumor_040_tumor_
Copied _x_60928_y_168768.jpg to /home/andreagrandi/bio_project/output_sort_hierarchy/tumor_040_tumor_
Copied _x_32320_y_157760.jpg to /home/andreagrandi/bio_project/output_sort_hierarchy/tumor_040_tumor_
Copied _x_44864_y_129920.jpg to /home/andreagrandi/bio_project/output_sort_hierarchy/tumor_040_tumor_
Copied _x_60160_y_126400.jpg to /home/andreagrandi/bio_project/output_sort_hierarchy/tumor_040_tumor_
Copied _x_51264_y_142976.jpg to /home/andreagrandi/bio_project/output_sort_hierarchy/tumor_040_tumor_
Copied _x_82944_y_122816.jpg to /home/andreagrandi/bio_project/output_sort_hierarchy/tumor_040_tumor_
Copied _x_28736_y_155200.jpg to /home/andreagrandi/bio_project/output_sort_hierarchy/tumor_040_tumor_
Copied _x_68864_y_126400.jpg to /home/andreagrandi/bio_project/output_sort_hierarchy/tumor_040_tumor_
Copied _x_54272_y_125376.jpg to /home/andreagrandi/bio_project/output_sort_hierarchy/tumor_040_tumor_
Copied _x_32832_y_154176.jpg to /home/andreagrandi/bio_project/output_sort_hierarchy/tumor_040_tumor_
Copied _x_85504_y_123584.jpg to /home/andreagrandi/bio_project/output_sort_hierarchy/tumor_040_tumor_
Copied _x_82432_y_137408.jpg to /home/andreagrandi/bio_project/output_sort_hierarchy/tumor_040_tumor_
Copied _x_65536_y_130240.jpg to /home/andreagrandi/bio_project/output_sort_hierarchy/tumor_040_tumor_
Copied _x_47488_y_156288.jpg to /home/andreagrandi/bio_project/output_sort_hierarchy/tumor_040_tumor_
Copied _x_44352_y_139648.jpg to /home/andreagrandi/bio_project/output_sort_hierarchy/tumor_040_tumor_
Copied _x_23104_y_136320.jpg to /home/andreagrandi/bio_project/output_sort_hierarchy/tumor_040_tumor_
Copied _x_62208_y_114112.jpg to /home/andreagrandi/bio_project/output_sort_hierarchy/tumor_040_tumor_
Copied _x_68864_y_137408.jpg to /home/andreagrandi/bio_project/output_sort_hierarchy/tumor_040_tumor_
Copied _x_75264_y_120000.jpg to /home/andreagrandi/bio_project/output_sort_hierarchy/tumor_040_tumor_
Copied _x_22784_y_117248.jpg to /home/andreagrandi/bio_project/output_sort_hierarchy/tumor_040_tumor_
Copied _x_73216_y_119232.jpg to /home/andreagrandi/bio_project/output_sort_hierarchy/tumor_040_tumor_
Copied _x_41536_y_103040.jpg to /home/andreagrandi/bio_project/output_sort_hierarchy/tumor_040_tumor_
Copied _x_73984_y_128704.jpg to /home/andreagrandi/bio_project/output_sort_hierarchy/tumor_040_tumor_
Copied _x_55040_y_130752.jpg to /home/andreagrandi/bio_project/output_sort_hierarchy/tumor_040_tumor_
Copied _x_67328_y_127424.jpg to /home/andreagrandi/bio_project/output_sort_hierarchy/tumor_040_tumor_
Copied _x_44352_y_135808.jpg to /home/andreagrandi/bio_project/output_sort_hierarchy/tumor_040_tumor_
Copied _x_60416_y_142272.jpg to /home/andreagrandi/bio_project/output_sort_hierarchy/tumor_040_tumor_
Copied _x_84736_y_120000.jpg to /home/andreagrandi/bio_project/output_sort_hierarchy/tumor_040_tumor_
Copied _x_43328_y_105344.jpg to /home/andreagrandi/bio_project/output_sort_hierarchy/tumor_040_tumor_
Copied _x_51328_y_156800.jpg to /home/andreagrandi/bio_project/output_sort_hierarchy/tumor_040_tumor_
Copied _x_33600_y_98368.jpg to /home/andreagrandi/bio_project/output_sort_hierarchy/tumor_040_tumor_
Copied _x_66816_y_115648.jpg to /home/andreagrandi/bio_project/output_sort_hierarchy/tumor_040_tumor_
Copied _x_39488_y_136576.jpg to /home/andreagrandi/bio_project/output_sort_hierarchy/tumor_040_tumor_
Copied _x_77312_y_124352.jpg to /home/andreagrandi/bio_project/output_sort_hierarchy/tumor_040_tumor_
Copied _x_22272_y_116224.jpg to /home/andreagrandi/bio_project/output_sort_hierarchy/tumor_040_tumor_
Copied _x_82688_y_145344.jpg to /home/andreagrandi/bio_project/output_sort_hierarchy/tumor_040_tumor_
Copied _x_55808_y_161088.jpg to /home/andreagrandi/bio_project/output_sort_hierarchy/tumor_040_tumor_
Copied _x_72192_y_125120.jpg to /home/andreagrandi/bio_project/output_sort_hierarchy/tumor_040_tumor_
Copied _x_28224_y_97344.jpg to /home/andreagrandi/bio_project/output_sort_hierarchy/tumor_040_tumor_
Copied _x_32832_y_156480.jpg to /home/andreagrandi/bio_project/output_sort_hierarchy/tumor_040_tumor_
Copied _x_41344_y_142208.jpg to /home/andreagrandi/bio_project/output_sort_hierarchy/tumor_040_tumor_
Copied _x_69120_y_114880.jpg to /home/andreagrandi/bio_project/output_sort_hierarchy/tumor_040_tumor_
Copied _x_61696_y_131008.jpg to /home/andreagrandi/bio_project/output_sort_hierarchy/tumor_040_tumor_
Copied _x_70400_y_121024.jpg to /home/andreagrandi/bio_project/output_sort_hierarchy/tumor_040_tumor_
Copied _x_25344_y_124416.jpg to /home/andreagrandi/bio_project/output_sort_hierarchy/tumor_040_tumor_
Copied _x_34880_y_148288.jpg to /home/andreagrandi/bio_project/output_sort_hierarchy/tumor_040_tumor_
Copied _x_81664_y_124608.jpg to /home/andreagrandi/bio_project/output_sort_hierarchy/tumor_040_tumor_
Copied _x_71936_y_134080.jpg to /home/andreagrandi/bio_project/output_sort_hierarchy/tumor_040_tumor_
Copied _x_92416_y_120000.jpg to /home/andreagrandi/bio_project/output_sort_hierarchy/tumor_040_tumor_
Copied _x_47168_y_107392.jpg to /home/andreagrandi/bio_project/output_sort_hierarchy/tumor_040_tumor_
Copied _x_51008_y_138368.jpg to /home/andreagrandi/bio_project/output_sort_hierarchy/tumor_040_tumor_
Copied _x_62464_y_137408.jpg to /home/andreagrandi/bio_project/output_sort_hierarchy/tumor_040_tumor_
Copied _x_43328_y_139392.jpg to /home/andreagrandi/bio_project/output_sort_hierarchy/tumor_040_tumor_
Copied _x_36800_y_161280.jpg to /home/andreagrandi/bio_project/output_sort_hierarchy/tumor_040_tumor_
Copied _x_62976_y_135104.jpg to /home/andreagrandi/bio_project/output_sort_hierarchy/tumor_040_tumor_
Copied _x_66304_y_125888.jpg to /home/andreagrandi/bio_project/output_sort_hierarchy/tumor_040_tumor_
Copied _x_54272_y_131776.jpg to /home/andreagrandi/bio_project/output_sort_hierarchy/tumor_040_tumor_
Copied _x_41024_y_132736.jpg to /home/andreagrandi/bio_project/output_sort_hierarchy/tumor_040_tumor_
Copied _x_69888_y_129472.jpg to /home/andreagrandi/bio_project/output_sort_hierarchy/tumor_040_tumor_
Copied _x_44608_y_152384.jpg to /home/andreagrandi/bio_project/output_sort_hierarchy/tumor_040_tumor_
Copied _x_79616_y_144576.jpg to /home/andreagrandi/bio_project/output_sort_hierarchy/tumor_040_tumor_
Copied _x_19520_y_96576.jpg to /home/andreagrandi/bio_project/output_sort_hierarchy/tumor_040_tumor_
Copied _x_78080_y_139712.jpg to /home/andreagrandi/bio_project/output_sort_hierarchy/tumor_040_tumor_
Copied _x_76288_y_118720.jpg to /home/andreagrandi/bio_project/output_sort_hierarchy/tumor_040_tumor_
Copied _x_28992_y_97600.jpg to /home/andreagrandi/bio_project/output_sort_hierarchy/tumor_040_tumor_
Copied _x_29760_y_157504.jpg to /home/andreagrandi/bio_project/output_sort_hierarchy/tumor_040_tumor_
Copied _x_26624_y_122368.jpg to /home/andreagrandi/bio_project/output_sort_hierarchy/tumor_040_tumor_
Copied _x_32576_y_153920.jpg to /home/andreagrandi/bio_project/output_sort_hierarchy/tumor_040_tumor_
Copied _x_72960_y_122304.jpg to /home/andreagrandi/bio_project/output_sort_hierarchy/tumor_040_tumor_
Copied _x_23104_y_98624.jpg to /home/andreagrandi/bio_project/output_sort_hierarchy/tumor_040_tumor_
Copied _x_17216_y_97600.jpg to /home/andreagrandi/bio_project/output_sort_hierarchy/tumor_040_tumor_
Copied _x_23296_y_120320.jpg to /home/andreagrandi/bio_project/output_sort_hierarchy/tumor_040_tumor_
Copied _x_47424_y_147264.jpg to /home/andreagrandi/bio_project/output_sort_hierarchy/tumor_040_tumor_
Copied _x_61184_y_168256.jpg to /home/andreagrandi/bio_project/output_sort_hierarchy/tumor_040_tumor_
Copied _x_62720_y_169024.jpg to /home/andreagrandi/bio_project/output_sort_hierarchy/tumor_040_tumor_
Copied _x_57344_y_142784.jpg to /home/andreagrandi/bio_project/output_sort_hierarchy/tumor_040_tumor_
Copied _x_26944_y_156736.jpg to /home/andreagrandi/bio_project/output_sort_hierarchy/tumor_040_tumor_
Copied _x_34112_y_92736.jpg to /home/andreagrandi/bio_project/output_sort_hierarchy/tumor_040_tumor_
Copied _x_44352_y_148800.jpg to /home/andreagrandi/bio_project/output_sort_hierarchy/tumor_040_tumor_
Copied _x_22784_y_121856.jpg to /home/andreagrandi/bio_project/output_sort_hierarchy/tumor_040_tumor_
Copied _x_56320_y_129984.jpg to /home/andreagrandi/bio_project/output_sort_hierarchy/tumor_040_tumor_
Copied _x_43328_y_132992.jpg to /home/andreagrandi/bio_project/output_sort_hierarchy/tumor_040_tumor_
Copied _x_26688_y_100416.jpg to /home/andreagrandi/bio_project/output_sort_hierarchy/tumor_040_tumor_
Copied _x_46656_y_133504.jpg to /home/andreagrandi/bio_project/output_sort_hierarchy/tumor_040_tumor_
Copied _x_77824_y_124608.jpg to /home/andreagrandi/bio_project/output_sort_hierarchy/tumor_040_tumor_
Copied _x_75776_y_132032.jpg to /home/andreagrandi/bio_project/output_sort_hierarchy/tumor_040_tumor_
Copied _x_47424_y_132736.jpg to /home/andreagrandi/bio_project/output_sort_hierarchy/tumor_040_tumor_
Copied _x_45120_y_147776.jpg to /home/andreagrandi/bio_project/output_sort_hierarchy/tumor_040_tumor_
Copied _x_29760_y_156224.jpg to /home/andreagrandi/bio_project/output_sort_hierarchy/tumor_040_tumor_
Copied _x_35648_y_149568.jpg to /home/andreagrandi/bio_project/output_sort_hierarchy/tumor_040_tumor_
Copied _x_42560_y_109696.jpg to /home/andreagrandi/bio_project/output_sort_hierarchy/tumor_040_tumor_
submitit INFO (2025-01-17 16:36:06,039) - Job completed successfully
submitit INFO (2025-01-17 16:36:06,040) - Exiting after successful completion
