submitit INFO (2025-01-17 16:36:10,043) - Starting with JobEnvironment(job_id=1492, hostname=lab01, local_rank=0(1), node=0(1), global_rank=0(1))
submitit INFO (2025-01-17 16:36:10,043) - Loading pickle: /home/andreagrandi/bio_project/preprocessing/LOGFOLDER/1492/1492_submitted.pkl
Copied _x_29696_y_129536.jpg to /home/andreagrandi/bio_project/output_sort_hierarchy/tumor_049_tumor_
Copied _x_35328_y_131584.jpg to /home/andreagrandi/bio_project/output_sort_hierarchy/tumor_049_tumor_
Copied _x_29696_y_133376.jpg to /home/andreagrandi/bio_project/output_sort_hierarchy/tumor_049_tumor_
Copied _x_16896_y_137984.jpg to /home/andreagrandi/bio_project/output_sort_hierarchy/tumor_049_tumor_
Copied _x_81280_y_110592.jpg to /home/andreagrandi/bio_project/output_sort_hierarchy/tumor_049_tumor_
Copied _x_95296_y_128768.jpg to /home/andreagrandi/bio_project/output_sort_hierarchy/tumor_049_tumor_
Copied _x_24064_y_125952.jpg to /home/andreagrandi/bio_project/output_sort_hierarchy/tumor_049_tumor_
Copied _x_28672_y_140800.jpg to /home/andreagrandi/bio_project/output_sort_hierarchy/tumor_049_tumor_
Copied _x_18176_y_135424.jpg to /home/andreagrandi/bio_project/output_sort_hierarchy/tumor_049_tumor_
Copied _x_30464_y_129024.jpg to /home/andreagrandi/bio_project/output_sort_hierarchy/tumor_049_tumor_
Copied _x_34048_y_129536.jpg to /home/andreagrandi/bio_project/output_sort_hierarchy/tumor_049_tumor_
Copied _x_28928_y_128512.jpg to /home/andreagrandi/bio_project/output_sort_hierarchy/tumor_049_tumor_
Copied _x_23808_y_139264.jpg to /home/andreagrandi/bio_project/output_sort_hierarchy/tumor_049_tumor_
Copied _x_55808_y_98240.jpg to /home/andreagrandi/bio_project/output_sort_hierarchy/tumor_049_tumor_
Copied _x_95040_y_132096.jpg to /home/andreagrandi/bio_project/output_sort_hierarchy/tumor_049_tumor_
Copied _x_29696_y_134656.jpg to /home/andreagrandi/bio_project/output_sort_hierarchy/tumor_049_tumor_
Copied _x_33792_y_127232.jpg to /home/andreagrandi/bio_project/output_sort_hierarchy/tumor_049_tumor_
Copied _x_56064_y_99776.jpg to /home/andreagrandi/bio_project/output_sort_hierarchy/tumor_049_tumor_
Copied _x_81280_y_110080.jpg to /home/andreagrandi/bio_project/output_sort_hierarchy/tumor_049_tumor_
Copied _x_24064_y_127232.jpg to /home/andreagrandi/bio_project/output_sort_hierarchy/tumor_049_tumor_
Copied _x_25856_y_135936.jpg to /home/andreagrandi/bio_project/output_sort_hierarchy/tumor_049_tumor_
Copied _x_38400_y_126464.jpg to /home/andreagrandi/bio_project/output_sort_hierarchy/tumor_049_tumor_
Copied _x_18432_y_128768.jpg to /home/andreagrandi/bio_project/output_sort_hierarchy/tumor_049_tumor_
Copied _x_27648_y_127232.jpg to /home/andreagrandi/bio_project/output_sort_hierarchy/tumor_049_tumor_
Copied _x_30976_y_123392.jpg to /home/andreagrandi/bio_project/output_sort_hierarchy/tumor_049_tumor_
Copied _x_26368_y_133632.jpg to /home/andreagrandi/bio_project/output_sort_hierarchy/tumor_049_tumor_
Copied _x_10240_y_135424.jpg to /home/andreagrandi/bio_project/output_sort_hierarchy/tumor_049_tumor_
Copied _x_21760_y_138240.jpg to /home/andreagrandi/bio_project/output_sort_hierarchy/tumor_049_tumor_
Copied _x_29952_y_123904.jpg to /home/andreagrandi/bio_project/output_sort_hierarchy/tumor_049_tumor_
Copied _x_30976_y_123648.jpg to /home/andreagrandi/bio_project/output_sort_hierarchy/tumor_049_tumor_
Copied _x_35072_y_134912.jpg to /home/andreagrandi/bio_project/output_sort_hierarchy/tumor_049_tumor_
Copied _x_25088_y_142080.jpg to /home/andreagrandi/bio_project/output_sort_hierarchy/tumor_049_tumor_
Copied _x_49664_y_98496.jpg to /home/andreagrandi/bio_project/output_sort_hierarchy/tumor_049_tumor_
Copied _x_19456_y_131584.jpg to /home/andreagrandi/bio_project/output_sort_hierarchy/tumor_049_tumor_
Copied _x_41984_y_135424.jpg to /home/andreagrandi/bio_project/output_sort_hierarchy/tumor_049_tumor_
Copied _x_36096_y_135424.jpg to /home/andreagrandi/bio_project/output_sort_hierarchy/tumor_049_tumor_
Copied _x_17152_y_141312.jpg to /home/andreagrandi/bio_project/output_sort_hierarchy/tumor_049_tumor_
Copied _x_83072_y_112896.jpg to /home/andreagrandi/bio_project/output_sort_hierarchy/tumor_049_tumor_
Copied _x_36096_y_123648.jpg to /home/andreagrandi/bio_project/output_sort_hierarchy/tumor_049_tumor_
Copied _x_20736_y_140032.jpg to /home/andreagrandi/bio_project/output_sort_hierarchy/tumor_049_tumor_
Copied _x_27392_y_140032.jpg to /home/andreagrandi/bio_project/output_sort_hierarchy/tumor_049_tumor_
Copied _x_33280_y_127488.jpg to /home/andreagrandi/bio_project/output_sort_hierarchy/tumor_049_tumor_
Copied _x_25600_y_137984.jpg to /home/andreagrandi/bio_project/output_sort_hierarchy/tumor_049_tumor_
Copied _x_23296_y_142080.jpg to /home/andreagrandi/bio_project/output_sort_hierarchy/tumor_049_tumor_
Copied _x_83840_y_110592.jpg to /home/andreagrandi/bio_project/output_sort_hierarchy/tumor_049_tumor_
Copied _x_21504_y_136448.jpg to /home/andreagrandi/bio_project/output_sort_hierarchy/tumor_049_tumor_
Copied _x_56064_y_98752.jpg to /home/andreagrandi/bio_project/output_sort_hierarchy/tumor_049_tumor_
Copied _x_31488_y_128768.jpg to /home/andreagrandi/bio_project/output_sort_hierarchy/tumor_049_tumor_
Copied _x_18944_y_137728.jpg to /home/andreagrandi/bio_project/output_sort_hierarchy/tumor_049_tumor_
Copied _x_79232_y_108800.jpg to /home/andreagrandi/bio_project/output_sort_hierarchy/tumor_049_tumor_
Copied _x_89728_y_111360.jpg to /home/andreagrandi/bio_project/output_sort_hierarchy/tumor_049_tumor_
Copied _x_91520_y_107264.jpg to /home/andreagrandi/bio_project/output_sort_hierarchy/tumor_049_tumor_
Copied _x_28672_y_141824.jpg to /home/andreagrandi/bio_project/output_sort_hierarchy/tumor_049_tumor_
Copied _x_26112_y_132096.jpg to /home/andreagrandi/bio_project/output_sort_hierarchy/tumor_049_tumor_
Copied _x_23296_y_131072.jpg to /home/andreagrandi/bio_project/output_sort_hierarchy/tumor_049_tumor_
Copied _x_17152_y_133376.jpg to /home/andreagrandi/bio_project/output_sort_hierarchy/tumor_049_tumor_
Copied _x_32512_y_122880.jpg to /home/andreagrandi/bio_project/output_sort_hierarchy/tumor_049_tumor_
Copied _x_13056_y_136960.jpg to /home/andreagrandi/bio_project/output_sort_hierarchy/tumor_049_tumor_
Copied _x_84864_y_113152.jpg to /home/andreagrandi/bio_project/output_sort_hierarchy/tumor_049_tumor_
Copied _x_18688_y_139008.jpg to /home/andreagrandi/bio_project/output_sort_hierarchy/tumor_049_tumor_
Copied _x_21760_y_131840.jpg to /home/andreagrandi/bio_project/output_sort_hierarchy/tumor_049_tumor_
Copied _x_17920_y_136960.jpg to /home/andreagrandi/bio_project/output_sort_hierarchy/tumor_049_tumor_
Copied _x_31744_y_136704.jpg to /home/andreagrandi/bio_project/output_sort_hierarchy/tumor_049_tumor_
Copied _x_20224_y_129024.jpg to /home/andreagrandi/bio_project/output_sort_hierarchy/tumor_049_tumor_
Copied _x_40192_y_133888.jpg to /home/andreagrandi/bio_project/output_sort_hierarchy/tumor_049_tumor_
Copied _x_25856_y_126976.jpg to /home/andreagrandi/bio_project/output_sort_hierarchy/tumor_049_tumor_
Copied _x_27392_y_135424.jpg to /home/andreagrandi/bio_project/output_sort_hierarchy/tumor_049_tumor_
Copied _x_26368_y_129024.jpg to /home/andreagrandi/bio_project/output_sort_hierarchy/tumor_049_tumor_
Copied _x_29440_y_128000.jpg to /home/andreagrandi/bio_project/output_sort_hierarchy/tumor_049_tumor_
Copied _x_35072_y_136448.jpg to /home/andreagrandi/bio_project/output_sort_hierarchy/tumor_049_tumor_
Copied _x_33280_y_133632.jpg to /home/andreagrandi/bio_project/output_sort_hierarchy/tumor_049_tumor_
Copied _x_10496_y_133376.jpg to /home/andreagrandi/bio_project/output_sort_hierarchy/tumor_049_tumor_
Copied _x_23296_y_135168.jpg to /home/andreagrandi/bio_project/output_sort_hierarchy/tumor_049_tumor_
Copied _x_32256_y_126464.jpg to /home/andreagrandi/bio_project/output_sort_hierarchy/tumor_049_tumor_
Copied _x_35328_y_124160.jpg to /home/andreagrandi/bio_project/output_sort_hierarchy/tumor_049_tumor_
Copied _x_25344_y_137728.jpg to /home/andreagrandi/bio_project/output_sort_hierarchy/tumor_049_tumor_
Copied _x_33280_y_133888.jpg to /home/andreagrandi/bio_project/output_sort_hierarchy/tumor_049_tumor_
Copied _x_24064_y_134400.jpg to /home/andreagrandi/bio_project/output_sort_hierarchy/tumor_049_tumor_
Copied _x_91776_y_107008.jpg to /home/andreagrandi/bio_project/output_sort_hierarchy/tumor_049_tumor_
Copied _x_41216_y_135680.jpg to /home/andreagrandi/bio_project/output_sort_hierarchy/tumor_049_tumor_
Copied _x_18944_y_132864.jpg to /home/andreagrandi/bio_project/output_sort_hierarchy/tumor_049_tumor_
Copied _x_17408_y_135424.jpg to /home/andreagrandi/bio_project/output_sort_hierarchy/tumor_049_tumor_
Copied _x_82816_y_113152.jpg to /home/andreagrandi/bio_project/output_sort_hierarchy/tumor_049_tumor_
Copied _x_27392_y_132608.jpg to /home/andreagrandi/bio_project/output_sort_hierarchy/tumor_049_tumor_
Copied _x_20480_y_135936.jpg to /home/andreagrandi/bio_project/output_sort_hierarchy/tumor_049_tumor_
Copied _x_25600_y_130816.jpg to /home/andreagrandi/bio_project/output_sort_hierarchy/tumor_049_tumor_
Copied _x_24064_y_137728.jpg to /home/andreagrandi/bio_project/output_sort_hierarchy/tumor_049_tumor_
Copied _x_15360_y_131584.jpg to /home/andreagrandi/bio_project/output_sort_hierarchy/tumor_049_tumor_
Copied _x_53504_y_100544.jpg to /home/andreagrandi/bio_project/output_sort_hierarchy/tumor_049_tumor_
Copied _x_14336_y_136704.jpg to /home/andreagrandi/bio_project/output_sort_hierarchy/tumor_049_tumor_
Copied _x_12032_y_135936.jpg to /home/andreagrandi/bio_project/output_sort_hierarchy/tumor_049_tumor_
Copied _x_82048_y_107776.jpg to /home/andreagrandi/bio_project/output_sort_hierarchy/tumor_049_tumor_
Copied _x_29952_y_134144.jpg to /home/andreagrandi/bio_project/output_sort_hierarchy/tumor_049_tumor_
Copied _x_32512_y_132864.jpg to /home/andreagrandi/bio_project/output_sort_hierarchy/tumor_049_tumor_
Copied _x_16640_y_134400.jpg to /home/andreagrandi/bio_project/output_sort_hierarchy/tumor_049_tumor_
Copied _x_12800_y_137472.jpg to /home/andreagrandi/bio_project/output_sort_hierarchy/tumor_049_tumor_
Copied _x_19968_y_132608.jpg to /home/andreagrandi/bio_project/output_sort_hierarchy/tumor_049_tumor_
Copied _x_40192_y_139520.jpg to /home/andreagrandi/bio_project/output_sort_hierarchy/tumor_049_tumor_
Copied _x_80768_y_108032.jpg to /home/andreagrandi/bio_project/output_sort_hierarchy/tumor_049_tumor_
Copied _x_40704_y_136704.jpg to /home/andreagrandi/bio_project/output_sort_hierarchy/tumor_049_tumor_
submitit INFO (2025-01-17 16:36:10,058) - Job completed successfully
submitit INFO (2025-01-17 16:36:10,058) - Exiting after successful completion
