submitit INFO (2025-01-17 16:36:07,425) - Starting with JobEnvironment(job_id=1466, hostname=lab01, local_rank=0(1), node=0(1), global_rank=0(1))
submitit INFO (2025-01-17 16:36:07,425) - Loading pickle: /home/andreagrandi/bio_project/preprocessing/LOGFOLDER/1466/1466_submitted.pkl
Copied _x_80128_y_23360.jpg to /home/andreagrandi/bio_project/output_sort_hierarchy/normal_103_normal_
Copied _x_84992_y_42048.jpg to /home/andreagrandi/bio_project/output_sort_hierarchy/normal_103_normal_
Copied _x_11584_y_35456.jpg to /home/andreagrandi/bio_project/output_sort_hierarchy/normal_103_normal_
Copied _x_17984_y_29056.jpg to /home/andreagrandi/bio_project/output_sort_hierarchy/normal_103_normal_
Copied _x_40768_y_22144.jpg to /home/andreagrandi/bio_project/output_sort_hierarchy/normal_103_normal_
Copied _x_84736_y_36416.jpg to /home/andreagrandi/bio_project/output_sort_hierarchy/normal_103_normal_
Copied _x_74496_y_29760.jpg to /home/andreagrandi/bio_project/output_sort_hierarchy/normal_103_normal_
Copied _x_73728_y_26176.jpg to /home/andreagrandi/bio_project/output_sort_hierarchy/normal_103_normal_
Copied _x_16960_y_28544.jpg to /home/andreagrandi/bio_project/output_sort_hierarchy/normal_103_normal_
Copied _x_71936_y_31040.jpg to /home/andreagrandi/bio_project/output_sort_hierarchy/normal_103_normal_
Copied _x_16704_y_41856.jpg to /home/andreagrandi/bio_project/output_sort_hierarchy/normal_103_normal_
Copied _x_47936_y_18048.jpg to /home/andreagrandi/bio_project/output_sort_hierarchy/normal_103_normal_
Copied _x_41536_y_30336.jpg to /home/andreagrandi/bio_project/output_sort_hierarchy/normal_103_normal_
Copied _x_77824_y_31040.jpg to /home/andreagrandi/bio_project/output_sort_hierarchy/normal_103_normal_
Copied _x_79360_y_16704.jpg to /home/andreagrandi/bio_project/output_sort_hierarchy/normal_103_normal_
Copied _x_79616_y_14912.jpg to /home/andreagrandi/bio_project/output_sort_hierarchy/normal_103_normal_
Copied _x_39488_y_22400.jpg to /home/andreagrandi/bio_project/output_sort_hierarchy/normal_103_normal_
Copied _x_40768_y_12928.jpg to /home/andreagrandi/bio_project/output_sort_hierarchy/normal_103_normal_
Copied _x_38720_y_23424.jpg to /home/andreagrandi/bio_project/output_sort_hierarchy/normal_103_normal_
Copied _x_76544_y_34112.jpg to /home/andreagrandi/bio_project/output_sort_hierarchy/normal_103_normal_
Copied _x_76288_y_24384.jpg to /home/andreagrandi/bio_project/output_sort_hierarchy/normal_103_normal_
Copied _x_78848_y_16448.jpg to /home/andreagrandi/bio_project/output_sort_hierarchy/normal_103_normal_
Copied _x_46400_y_22912.jpg to /home/andreagrandi/bio_project/output_sort_hierarchy/normal_103_normal_
Copied _x_11840_y_36480.jpg to /home/andreagrandi/bio_project/output_sort_hierarchy/normal_103_normal_
Copied _x_76288_y_31040.jpg to /home/andreagrandi/bio_project/output_sort_hierarchy/normal_103_normal_
Copied _x_87552_y_20032.jpg to /home/andreagrandi/bio_project/output_sort_hierarchy/normal_103_normal_
Copied _x_43328_y_14464.jpg to /home/andreagrandi/bio_project/output_sort_hierarchy/normal_103_normal_
Copied _x_76544_y_32320.jpg to /home/andreagrandi/bio_project/output_sort_hierarchy/normal_103_normal_
Copied _x_40768_y_17792.jpg to /home/andreagrandi/bio_project/output_sort_hierarchy/normal_103_normal_
Copied _x_43584_y_18048.jpg to /home/andreagrandi/bio_project/output_sort_hierarchy/normal_103_normal_
Copied _x_26432_y_15232.jpg to /home/andreagrandi/bio_project/output_sort_hierarchy/normal_103_normal_
Copied _x_80896_y_38208.jpg to /home/andreagrandi/bio_project/output_sort_hierarchy/normal_103_normal_
Copied _x_88320_y_20800.jpg to /home/andreagrandi/bio_project/output_sort_hierarchy/normal_103_normal_
Copied _x_77824_y_32576.jpg to /home/andreagrandi/bio_project/output_sort_hierarchy/normal_103_normal_
Copied _x_79360_y_37696.jpg to /home/andreagrandi/bio_project/output_sort_hierarchy/normal_103_normal_
Copied _x_87296_y_45888.jpg to /home/andreagrandi/bio_project/output_sort_hierarchy/normal_103_normal_
Copied _x_71680_y_16704.jpg to /home/andreagrandi/bio_project/output_sort_hierarchy/normal_103_normal_
Copied _x_77824_y_30016.jpg to /home/andreagrandi/bio_project/output_sort_hierarchy/normal_103_normal_
Copied _x_84992_y_34880.jpg to /home/andreagrandi/bio_project/output_sort_hierarchy/normal_103_normal_
Copied _x_84736_y_21056.jpg to /home/andreagrandi/bio_project/output_sort_hierarchy/normal_103_normal_
Copied _x_90112_y_34368.jpg to /home/andreagrandi/bio_project/output_sort_hierarchy/normal_103_normal_
Copied _x_32320_y_14976.jpg to /home/andreagrandi/bio_project/output_sort_hierarchy/normal_103_normal_
Copied _x_15424_y_29568.jpg to /home/andreagrandi/bio_project/output_sort_hierarchy/normal_103_normal_
Copied _x_72704_y_37952.jpg to /home/andreagrandi/bio_project/output_sort_hierarchy/normal_103_normal_
Copied _x_75264_y_20800.jpg to /home/andreagrandi/bio_project/output_sort_hierarchy/normal_103_normal_
Copied _x_27456_y_13440.jpg to /home/andreagrandi/bio_project/output_sort_hierarchy/normal_103_normal_
Copied _x_90112_y_33088.jpg to /home/andreagrandi/bio_project/output_sort_hierarchy/normal_103_normal_
Copied _x_32832_y_18304.jpg to /home/andreagrandi/bio_project/output_sort_hierarchy/normal_103_normal_
Copied _x_25920_y_15232.jpg to /home/andreagrandi/bio_project/output_sort_hierarchy/normal_103_normal_
Copied _x_35136_y_14464.jpg to /home/andreagrandi/bio_project/output_sort_hierarchy/normal_103_normal_
Copied _x_69376_y_20800.jpg to /home/andreagrandi/bio_project/output_sort_hierarchy/normal_103_normal_
Copied _x_39488_y_28032.jpg to /home/andreagrandi/bio_project/output_sort_hierarchy/normal_103_normal_
Copied _x_38976_y_14208.jpg to /home/andreagrandi/bio_project/output_sort_hierarchy/normal_103_normal_
Copied _x_13376_y_31104.jpg to /home/andreagrandi/bio_project/output_sort_hierarchy/normal_103_normal_
Copied _x_43328_y_27520.jpg to /home/andreagrandi/bio_project/output_sort_hierarchy/normal_103_normal_
Copied _x_69888_y_36928.jpg to /home/andreagrandi/bio_project/output_sort_hierarchy/normal_103_normal_
Copied _x_72192_y_26176.jpg to /home/andreagrandi/bio_project/output_sort_hierarchy/normal_103_normal_
Copied _x_80128_y_33344.jpg to /home/andreagrandi/bio_project/output_sort_hierarchy/normal_103_normal_
Copied _x_75776_y_31552.jpg to /home/andreagrandi/bio_project/output_sort_hierarchy/normal_103_normal_
Copied _x_72704_y_28224.jpg to /home/andreagrandi/bio_project/output_sort_hierarchy/normal_103_normal_
Copied _x_40256_y_15744.jpg to /home/andreagrandi/bio_project/output_sort_hierarchy/normal_103_normal_
Copied _x_12608_y_28544.jpg to /home/andreagrandi/bio_project/output_sort_hierarchy/normal_103_normal_
Copied _x_36928_y_22400.jpg to /home/andreagrandi/bio_project/output_sort_hierarchy/normal_103_normal_
Copied _x_25664_y_22144.jpg to /home/andreagrandi/bio_project/output_sort_hierarchy/normal_103_normal_
Copied _x_39232_y_19840.jpg to /home/andreagrandi/bio_project/output_sort_hierarchy/normal_103_normal_
Copied _x_29760_y_13696.jpg to /home/andreagrandi/bio_project/output_sort_hierarchy/normal_103_normal_
Copied _x_18240_y_18304.jpg to /home/andreagrandi/bio_project/output_sort_hierarchy/normal_103_normal_
Copied _x_73216_y_21312.jpg to /home/andreagrandi/bio_project/output_sort_hierarchy/normal_103_normal_
Copied _x_87808_y_41536.jpg to /home/andreagrandi/bio_project/output_sort_hierarchy/normal_103_normal_
Copied _x_24384_y_16000.jpg to /home/andreagrandi/bio_project/output_sort_hierarchy/normal_103_normal_
Copied _x_45632_y_18304.jpg to /home/andreagrandi/bio_project/output_sort_hierarchy/normal_103_normal_
Copied _x_42304_y_28288.jpg to /home/andreagrandi/bio_project/output_sort_hierarchy/normal_103_normal_
Copied _x_36928_y_15488.jpg to /home/andreagrandi/bio_project/output_sort_hierarchy/normal_103_normal_
Copied _x_81920_y_23360.jpg to /home/andreagrandi/bio_project/output_sort_hierarchy/normal_103_normal_
Copied _x_20800_y_20352.jpg to /home/andreagrandi/bio_project/output_sort_hierarchy/normal_103_normal_
Copied _x_43840_y_14976.jpg to /home/andreagrandi/bio_project/output_sort_hierarchy/normal_103_normal_
Copied _x_11328_y_30848.jpg to /home/andreagrandi/bio_project/output_sort_hierarchy/normal_103_normal_
Copied _x_27968_y_21376.jpg to /home/andreagrandi/bio_project/output_sort_hierarchy/normal_103_normal_
Copied _x_39744_y_26752.jpg to /home/andreagrandi/bio_project/output_sort_hierarchy/normal_103_normal_
Copied _x_86272_y_25152.jpg to /home/andreagrandi/bio_project/output_sort_hierarchy/normal_103_normal_
Copied _x_78592_y_31552.jpg to /home/andreagrandi/bio_project/output_sort_hierarchy/normal_103_normal_
Copied _x_75520_y_35136.jpg to /home/andreagrandi/bio_project/output_sort_hierarchy/normal_103_normal_
Copied _x_85248_y_41280.jpg to /home/andreagrandi/bio_project/output_sort_hierarchy/normal_103_normal_
Copied _x_30528_y_15488.jpg to /home/andreagrandi/bio_project/output_sort_hierarchy/normal_103_normal_
Copied _x_83968_y_37952.jpg to /home/andreagrandi/bio_project/output_sort_hierarchy/normal_103_normal_
Copied _x_66816_y_23360.jpg to /home/andreagrandi/bio_project/output_sort_hierarchy/normal_103_normal_
Copied _x_79360_y_16192.jpg to /home/andreagrandi/bio_project/output_sort_hierarchy/normal_103_normal_
Copied _x_70144_y_18496.jpg to /home/andreagrandi/bio_project/output_sort_hierarchy/normal_103_normal_
Copied _x_86784_y_15936.jpg to /home/andreagrandi/bio_project/output_sort_hierarchy/normal_103_normal_
Copied _x_41280_y_14464.jpg to /home/andreagrandi/bio_project/output_sort_hierarchy/normal_103_normal_
Copied _x_21824_y_17792.jpg to /home/andreagrandi/bio_project/output_sort_hierarchy/normal_103_normal_
Copied _x_69632_y_26176.jpg to /home/andreagrandi/bio_project/output_sort_hierarchy/normal_103_normal_
Copied _x_77056_y_20544.jpg to /home/andreagrandi/bio_project/output_sort_hierarchy/normal_103_normal_
Copied _x_12608_y_34944.jpg to /home/andreagrandi/bio_project/output_sort_hierarchy/normal_103_normal_
Copied _x_43072_y_14976.jpg to /home/andreagrandi/bio_project/output_sort_hierarchy/normal_103_normal_
Copied _x_81152_y_32320.jpg to /home/andreagrandi/bio_project/output_sort_hierarchy/normal_103_normal_
Copied _x_14912_y_35968.jpg to /home/andreagrandi/bio_project/output_sort_hierarchy/normal_103_normal_
Copied _x_82432_y_18752.jpg to /home/andreagrandi/bio_project/output_sort_hierarchy/normal_103_normal_
Copied _x_83200_y_45376.jpg to /home/andreagrandi/bio_project/output_sort_hierarchy/normal_103_normal_
Copied _x_34112_y_17280.jpg to /home/andreagrandi/bio_project/output_sort_hierarchy/normal_103_normal_
submitit INFO (2025-01-17 16:36:07,441) - Job completed successfully
submitit INFO (2025-01-17 16:36:07,441) - Exiting after successful completion
