submitit INFO (2025-01-17 16:36:07,628) - Starting with JobEnvironment(job_id=1468, hostname=lab01, local_rank=0(1), node=0(1), global_rank=0(1))
submitit INFO (2025-01-17 16:36:07,629) - Loading pickle: /home/andreagrandi/bio_project/preprocessing/LOGFOLDER/1468/1468_submitted.pkl
Copied _x_43968_y_157056.jpg to /home/andreagrandi/bio_project/output_sort_hierarchy/test_046_tumor_
Copied _x_64768_y_183680.jpg to /home/andreagrandi/bio_project/output_sort_hierarchy/test_046_tumor_
Copied _x_41600_y_140288.jpg to /home/andreagrandi/bio_project/output_sort_hierarchy/test_046_tumor_
Copied _x_62784_y_69696.jpg to /home/andreagrandi/bio_project/output_sort_hierarchy/test_046_tumor_
Copied _x_45248_y_166784.jpg to /home/andreagrandi/bio_project/output_sort_hierarchy/test_046_tumor_
Copied _x_52224_y_177280.jpg to /home/andreagrandi/bio_project/output_sort_hierarchy/test_046_tumor_
Copied _x_56512_y_157312.jpg to /home/andreagrandi/bio_project/output_sort_hierarchy/test_046_tumor_
Copied _x_41600_y_139520.jpg to /home/andreagrandi/bio_project/output_sort_hierarchy/test_046_tumor_
Copied _x_62912_y_167552.jpg to /home/andreagrandi/bio_project/output_sort_hierarchy/test_046_tumor_
Copied _x_45632_y_62528.jpg to /home/andreagrandi/bio_project/output_sort_hierarchy/test_046_tumor_
Copied _x_42304_y_96832.jpg to /home/andreagrandi/bio_project/output_sort_hierarchy/test_046_tumor_
Copied _x_44480_y_150400.jpg to /home/andreagrandi/bio_project/output_sort_hierarchy/test_046_tumor_
Copied _x_17344_y_160128.jpg to /home/andreagrandi/bio_project/output_sort_hierarchy/test_046_tumor_
Copied _x_37696_y_52096.jpg to /home/andreagrandi/bio_project/output_sort_hierarchy/test_046_tumor_
Copied _x_23744_y_168064.jpg to /home/andreagrandi/bio_project/output_sort_hierarchy/test_046_tumor_
Copied _x_48960_y_96320.jpg to /home/andreagrandi/bio_project/output_sort_hierarchy/test_046_tumor_
Copied _x_20800_y_68160.jpg to /home/andreagrandi/bio_project/output_sort_hierarchy/test_046_tumor_
Copied _x_46464_y_138240.jpg to /home/andreagrandi/bio_project/output_sort_hierarchy/test_046_tumor_
Copied _x_60352_y_163456.jpg to /home/andreagrandi/bio_project/output_sort_hierarchy/test_046_tumor_
Copied _x_28736_y_78912.jpg to /home/andreagrandi/bio_project/output_sort_hierarchy/test_046_tumor_
Copied _x_45632_y_97600.jpg to /home/andreagrandi/bio_project/output_sort_hierarchy/test_046_tumor_
Copied _x_20928_y_162944.jpg to /home/andreagrandi/bio_project/output_sort_hierarchy/test_046_tumor_
Copied _x_67520_y_170368.jpg to /home/andreagrandi/bio_project/output_sort_hierarchy/test_046_tumor_
Copied _x_55872_y_80704.jpg to /home/andreagrandi/bio_project/output_sort_hierarchy/test_046_tumor_
Copied _x_24576_y_92608.jpg to /home/andreagrandi/bio_project/output_sort_hierarchy/test_046_tumor_
Copied _x_36416_y_46976.jpg to /home/andreagrandi/bio_project/output_sort_hierarchy/test_046_tumor_
Copied _x_38976_y_96576.jpg to /home/andreagrandi/bio_project/output_sort_hierarchy/test_046_tumor_
Copied _x_19648_y_162176.jpg to /home/andreagrandi/bio_project/output_sort_hierarchy/test_046_tumor_
Copied _x_61440_y_180096.jpg to /home/andreagrandi/bio_project/output_sort_hierarchy/test_046_tumor_
Copied _x_65216_y_164992.jpg to /home/andreagrandi/bio_project/output_sort_hierarchy/test_046_tumor_
Copied _x_48960_y_49280.jpg to /home/andreagrandi/bio_project/output_sort_hierarchy/test_046_tumor_
Copied _x_21376_y_178368.jpg to /home/andreagrandi/bio_project/output_sort_hierarchy/test_046_tumor_
Copied _x_12864_y_69184.jpg to /home/andreagrandi/bio_project/output_sort_hierarchy/test_046_tumor_
Copied _x_40832_y_136704.jpg to /home/andreagrandi/bio_project/output_sort_hierarchy/test_046_tumor_
Copied _x_41024_y_52608.jpg to /home/andreagrandi/bio_project/output_sort_hierarchy/test_046_tumor_
Copied _x_33152_y_181696.jpg to /home/andreagrandi/bio_project/output_sort_hierarchy/test_046_tumor_
Copied _x_13888_y_68672.jpg to /home/andreagrandi/bio_project/output_sort_hierarchy/test_046_tumor_
Copied _x_26560_y_157056.jpg to /home/andreagrandi/bio_project/output_sort_hierarchy/test_046_tumor_
Copied _x_19456_y_91840.jpg to /home/andreagrandi/bio_project/output_sort_hierarchy/test_046_tumor_
Copied _x_69056_y_162688.jpg to /home/andreagrandi/bio_project/output_sort_hierarchy/test_046_tumor_
Copied _x_23232_y_152192.jpg to /home/andreagrandi/bio_project/output_sort_hierarchy/test_046_tumor_
Copied _x_51200_y_178048.jpg to /home/andreagrandi/bio_project/output_sort_hierarchy/test_046_tumor_
Copied _x_30528_y_68160.jpg to /home/andreagrandi/bio_project/output_sort_hierarchy/test_046_tumor_
Copied _x_22336_y_67904.jpg to /home/andreagrandi/bio_project/output_sort_hierarchy/test_046_tumor_
Copied _x_62400_y_163968.jpg to /home/andreagrandi/bio_project/output_sort_hierarchy/test_046_tumor_
Copied _x_23488_y_167296.jpg to /home/andreagrandi/bio_project/output_sort_hierarchy/test_046_tumor_
Copied _x_60864_y_165760.jpg to /home/andreagrandi/bio_project/output_sort_hierarchy/test_046_tumor_
Copied _x_67264_y_168064.jpg to /home/andreagrandi/bio_project/output_sort_hierarchy/test_046_tumor_
Copied _x_51520_y_66624.jpg to /home/andreagrandi/bio_project/output_sort_hierarchy/test_046_tumor_
Copied _x_19200_y_94400.jpg to /home/andreagrandi/bio_project/output_sort_hierarchy/test_046_tumor_
Copied _x_63040_y_100416.jpg to /home/andreagrandi/bio_project/output_sort_hierarchy/test_046_tumor_
Copied _x_53184_y_163456.jpg to /home/andreagrandi/bio_project/output_sort_hierarchy/test_046_tumor_
Copied _x_23104_y_79936.jpg to /home/andreagrandi/bio_project/output_sort_hierarchy/test_046_tumor_
Copied _x_23616_y_68672.jpg to /home/andreagrandi/bio_project/output_sort_hierarchy/test_046_tumor_
Copied _x_50624_y_159360.jpg to /home/andreagrandi/bio_project/output_sort_hierarchy/test_046_tumor_
Copied _x_39488_y_99904.jpg to /home/andreagrandi/bio_project/output_sort_hierarchy/test_046_tumor_
Copied _x_40640_y_170624.jpg to /home/andreagrandi/bio_project/output_sort_hierarchy/test_046_tumor_
Copied _x_58880_y_187008.jpg to /home/andreagrandi/bio_project/output_sort_hierarchy/test_046_tumor_
Copied _x_30464_y_91584.jpg to /home/andreagrandi/bio_project/output_sort_hierarchy/test_046_tumor_
Copied _x_38528_y_137984.jpg to /home/andreagrandi/bio_project/output_sort_hierarchy/test_046_tumor_
Copied _x_27968_y_60480.jpg to /home/andreagrandi/bio_project/output_sort_hierarchy/test_046_tumor_
Copied _x_54976_y_153728.jpg to /home/andreagrandi/bio_project/output_sort_hierarchy/test_046_tumor_
Copied _x_42304_y_66112.jpg to /home/andreagrandi/bio_project/output_sort_hierarchy/test_046_tumor_
Copied _x_45376_y_70976.jpg to /home/andreagrandi/bio_project/output_sort_hierarchy/test_046_tumor_
Copied _x_30016_y_62528.jpg to /home/andreagrandi/bio_project/output_sort_hierarchy/test_046_tumor_
Copied _x_58560_y_149376.jpg to /home/andreagrandi/bio_project/output_sort_hierarchy/test_046_tumor_
Copied _x_58432_y_81984.jpg to /home/andreagrandi/bio_project/output_sort_hierarchy/test_046_tumor_
Copied _x_40640_y_148864.jpg to /home/andreagrandi/bio_project/output_sort_hierarchy/test_046_tumor_
Copied _x_32256_y_90816.jpg to /home/andreagrandi/bio_project/output_sort_hierarchy/test_046_tumor_
Copied _x_36288_y_155520.jpg to /home/andreagrandi/bio_project/output_sort_hierarchy/test_046_tumor_
Copied _x_23424_y_185792.jpg to /home/andreagrandi/bio_project/output_sort_hierarchy/test_046_tumor_
Copied _x_60672_y_180352.jpg to /home/andreagrandi/bio_project/output_sort_hierarchy/test_046_tumor_
Copied _x_29888_y_170368.jpg to /home/andreagrandi/bio_project/output_sort_hierarchy/test_046_tumor_
Copied _x_32192_y_168064.jpg to /home/andreagrandi/bio_project/output_sort_hierarchy/test_046_tumor_
Copied _x_67264_y_163456.jpg to /home/andreagrandi/bio_project/output_sort_hierarchy/test_046_tumor_
Copied _x_60864_y_163456.jpg to /home/andreagrandi/bio_project/output_sort_hierarchy/test_046_tumor_
Copied _x_21312_y_74560.jpg to /home/andreagrandi/bio_project/output_sort_hierarchy/test_046_tumor_
Copied _x_39488_y_96576.jpg to /home/andreagrandi/bio_project/output_sort_hierarchy/test_046_tumor_
Copied _x_23936_y_182720.jpg to /home/andreagrandi/bio_project/output_sort_hierarchy/test_046_tumor_
Copied _x_19904_y_159616.jpg to /home/andreagrandi/bio_project/output_sort_hierarchy/test_046_tumor_
Copied _x_27712_y_66368.jpg to /home/andreagrandi/bio_project/output_sort_hierarchy/test_046_tumor_
Copied _x_63680_y_171648.jpg to /home/andreagrandi/bio_project/output_sort_hierarchy/test_046_tumor_
Copied _x_43968_y_156032.jpg to /home/andreagrandi/bio_project/output_sort_hierarchy/test_046_tumor_
Copied _x_41472_y_186752.jpg to /home/andreagrandi/bio_project/output_sort_hierarchy/test_046_tumor_
Copied _x_49984_y_63552.jpg to /home/andreagrandi/bio_project/output_sort_hierarchy/test_046_tumor_
Copied _x_59328_y_153216.jpg to /home/andreagrandi/bio_project/output_sort_hierarchy/test_046_tumor_
Copied _x_27456_y_80448.jpg to /home/andreagrandi/bio_project/output_sort_hierarchy/test_046_tumor_
Copied _x_36672_y_68160.jpg to /home/andreagrandi/bio_project/output_sort_hierarchy/test_046_tumor_
Copied _x_20864_y_179648.jpg to /home/andreagrandi/bio_project/output_sort_hierarchy/test_046_tumor_
Copied _x_38080_y_150912.jpg to /home/andreagrandi/bio_project/output_sort_hierarchy/test_046_tumor_
Copied _x_67776_y_160640.jpg to /home/andreagrandi/bio_project/output_sort_hierarchy/test_046_tumor_
Copied _x_34880_y_62016.jpg to /home/andreagrandi/bio_project/output_sort_hierarchy/test_046_tumor_
Copied _x_31424_y_165248.jpg to /home/andreagrandi/bio_project/output_sort_hierarchy/test_046_tumor_
Copied _x_41280_y_77632.jpg to /home/andreagrandi/bio_project/output_sort_hierarchy/test_046_tumor_
Copied _x_69568_y_171392.jpg to /home/andreagrandi/bio_project/output_sort_hierarchy/test_046_tumor_
Copied _x_27968_y_64064.jpg to /home/andreagrandi/bio_project/output_sort_hierarchy/test_046_tumor_
Copied _x_68096_y_186240.jpg to /home/andreagrandi/bio_project/output_sort_hierarchy/test_046_tumor_
Copied _x_44416_y_139776.jpg to /home/andreagrandi/bio_project/output_sort_hierarchy/test_046_tumor_
Copied _x_52672_y_166784.jpg to /home/andreagrandi/bio_project/output_sort_hierarchy/test_046_tumor_
Copied _x_41344_y_140032.jpg to /home/andreagrandi/bio_project/output_sort_hierarchy/test_046_tumor_
submitit INFO (2025-01-17 16:36:07,644) - Job completed successfully
submitit INFO (2025-01-17 16:36:07,644) - Exiting after successful completion
